============================= test session starts ==============================
platform linux -- Python 3.10.12, pytest-6.2.5, py-1.11.0, pluggy-1.5.0
rootdir: /opt/omegaup
plugins: timeout-2.1.0, mock-3.14.0, shutil-1.8.1, stub-1.1.0
collected 1 item

stuff/test_mysql_logs.py F                                               [100%]

=================================== FAILURES ===================================
__________________________________ test_main ___________________________________

    def test_main() -> None:
        '''Main function to handle the logic'''
        # Use your credentials
        connection = create_connection(host_name="mysql",
                                       user_name="root",
                                       user_password="omegaup",
                                       db_name="omegaup", )
        if connection:
            queries = get_queries_from_general_log(connection)
            if queries:
>               explain_queries(connection, queries)

stuff/test_mysql_logs.py:140: 
_ _ _ _ _ _ _ _ _ _ _ _ _ _ _ _ _ _ _ _ _ _ _ _ _ _ _ _ _ _ _ _ _ _ _ _ _ _ _ _ 

connection = <mysql.connector.connection_cext.CMySQLConnection object at 0x7f0089b0b430>
queries = [('DELETE FROM `Groups_` WHERE `alias` NOT LIKE "%:%"',), ('DELETE FROM\n                    `Tags`\n                W...t_email_id` = NULL\n            WHERE\n                (\n                    `user_id` = 1\n                )',), ...]

    def explain_queries(
        connection: mysql.connector.MySQLConnection,
        queries: Iterable[Tuple[Any, ...]]
    ) -> None:
        '''Run explain command on queries'''
        cursor = connection.cursor()
        query_count = 0
        # max_inefficient = 0
        for query in queries:
            query_text = query[0]
            try:
                cursor.execute(f"EXPLAIN {query_text}")
                explain_result = cursor.fetchall()
    
                # Get the index of the interest columns
                column_names = [i[0] for i in cursor.description]  # type: ignore
                # possible_keys_index = column_names.index('possible_keys')
                type_row_index = column_names.index('type')
                table_row_index = column_names.index('table')
                extra_row_index = column_names.index('Extra')
                check_extra = ['no matching row in const table',
                               'Using index']
                full_table_scan = 'ALL'
                exclude = ['Languages',
                           'general_log',
                           'Roles', 'Groups_',
                           'Tags',
                           'urc']
                inefficient_count = 0
                for row in explain_result:
                    # print(row[table_row_index])
                    if str(row[extra_row_index]) in check_extra:
                        continue
                    if row[type_row_index] != full_table_scan:
                        continue
                    if (row[table_row_index] is None
                        or "<union" in row[table_row_index]
                        or "<derived" in row[table_row_index]
                        or row[table_row_index] in exclude
                        or row[table_row_index].startswith('full_')):
                        continue
                    if (query_text.startswith('DELETE ') and
                        ' WHERE ' not in query_text):
                        continue
                    inefficient_count += 1
                    # print(row[table_row_index][0],' ',type_row_index,' ',
                    # extra_row_index,' ',possible_keys_index)
                    # print(f"Found query with full table scan: {query_text}")
                    # print(query_text.split()[0],
                    #      row[table_row_index],
                    #      row[extra_row_index],
                    #      row[type_row_index],
                    #      row[possible_keys_index])
                if inefficient_count > 0:
                    query_count += 1
                    print(inefficient_count, " inefficient tables scan")
                    print(query_text, "\n\n")
                # if inefficient_count == 1:
                    # print(query_text, "\n\n")
                # if inefficient_count > 2:
                #    max_inefficient += 1
                #    print(query_text, "\n\n")
    
            except Error as e:
                print(f"Failed to explain query: {query_text}")
                print(f"Error: {e}")
        print(query_count, " inefficient queries found")
        # print(max_inefficient, " max inefficient queries")
        # if query_count > 0:
            # pytest.skip(f'{query_count} need fix')
>       assert False
E       assert False

stuff/test_mysql_logs.py:126: AssertionError
----------------------------- Captured stdout call -----------------------------
Connection to MySQL DB successful
2  inefficient tables scan
SELECT
            `i`.`username`,
            `i`.`name`,
            `i`.`country_id`,
            `i`.`state_id`,
            `isc`.`school_id`,
            `i`.`identity_id`,
            `i`.`user_id`,
            COUNT(`p`.`problem_id`) AS `problems_solved_count`,
            SUM(ROUND(100 / LOG(2, `p`.`accepted` + 1) , 0)) AS `score`
        FROM
        (
            SELECT
                `iu`.`user_id`,
                `s`.`problem_id`
            FROM
                `Submissions` AS `s`
            INNER JOIN
                `Identities` AS `iu`
            ON
                `iu`.identity_id = `s`.identity_id
            WHERE
                `s`.verdict = 'AC' AND
                `s`.type = 'normal' AND
                `iu`.user_id IS NOT NULL
            GROUP BY
                `iu`.user_id, `s`.`problem_id`
        ) AS up
        INNER JOIN
            `Users` AS `u` ON `u`.`user_id` = `up`.`user_id`
        INNER JOIN
            `Problems` AS `p`
        ON `p`.`problem_id` = up.`problem_id` AND `p`.visibility > 0
        INNER JOIN
            `Identities` AS `i` ON `i`.`identity_id` = u.`main_identity_id`
        LEFT JOIN
            `Identities_Schools` AS `isc`
        ON
            `isc`.`identity_school_id` = `i`.`current_identity_school_id`
        WHERE
            `u`.`is_private` = 0
            AND NOT EXISTS (
                SELECT
                    `pf`.`problem_id`, `pf`.`user_id`
                FROM
                    `Problems_Forfeited` AS `pf`
                WHERE
                    `pf`.`problem_id` = `p`.`problem_id` AND
                    `pf`.`user_id` = `u`.`user_id`
            )
            AND NOT EXISTS (
                SELECT
                    `a`.`acl_id`
                FROM
                    `ACLs` AS `a`
                WHERE
                    `a`.`acl_id` = `p`.`acl_id` AND
                    `a`.`owner_id` = `u`.`user_id`
            )
        GROUP BY
            `identity_id`
        ORDER BY
            `score` DESC 


2  inefficient tables scan
SELECT
            `i`.`username`,
            `i`.`name`,
            `i`.`country_id`,
            `i`.`state_id`,
            `isc`.`school_id`,
            `i`.`identity_id`,
            `i`.`user_id`,
            COUNT(`p`.`problem_id`) AS `problems_solved_count`,
            SUM(ROUND(100 / LOG(2, `p`.`accepted` + 1) , 0)) AS `score`
        FROM
        (
            SELECT
                `iu`.`user_id`,
                `s`.`problem_id`
            FROM
                `Submissions` AS `s`
            INNER JOIN
                `Identities` AS `iu`
            ON
                `iu`.identity_id = `s`.identity_id
            WHERE
                `s`.verdict = 'AC' AND
                `s`.type = 'normal' AND
                `iu`.user_id IS NOT NULL
            GROUP BY
                `iu`.user_id, `s`.`problem_id`
        ) AS up
        INNER JOIN
            `Users` AS `u` ON `u`.`user_id` = `up`.`user_id`
        INNER JOIN
            `Problems` AS `p`
        ON `p`.`problem_id` = up.`problem_id` AND `p`.visibility > 0
        INNER JOIN
            `Identities` AS `i` ON `i`.`identity_id` = u.`main_identity_id`
        LEFT JOIN
            `Identities_Schools` AS `isc`
        ON
            `isc`.`identity_school_id` = `i`.`current_identity_school_id`
        WHERE
            `u`.`is_private` = 0
            AND NOT EXISTS (
                SELECT
                    `pf`.`problem_id`, `pf`.`user_id`
                FROM
                    `Problems_Forfeited` AS `pf`
                WHERE
                    `pf`.`problem_id` = `p`.`problem_id` AND
                    `pf`.`user_id` = `u`.`user_id`
            )
            AND NOT EXISTS (
                SELECT
                    `a`.`acl_id`
                FROM
                    `ACLs` AS `a`
                WHERE
                    `a`.`acl_id` = `p`.`acl_id` AND
                    `a`.`owner_id` = `u`.`user_id`
            )
        GROUP BY
            `identity_id`
        ORDER BY
            `score` DESC 


2  inefficient tables scan
SELECT
            `i`.`username`,
            `i`.`name`,
            `i`.`country_id`,
            `i`.`state_id`,
            `isc`.`school_id`,
            `i`.`identity_id`,
            `i`.`user_id`,
            COUNT(`p`.`problem_id`) AS `problems_solved_count`,
            SUM(ROUND(100 / LOG(2, `p`.`accepted` + 1) , 0)) AS `score`
        FROM
        (
            SELECT
                `iu`.`user_id`,
                `s`.`problem_id`
            FROM
                `Submissions` AS `s`
            INNER JOIN
                `Identities` AS `iu`
            ON
                `iu`.identity_id = `s`.identity_id
            WHERE
                `s`.verdict = 'AC' AND
                `s`.type = 'normal' AND
                `iu`.user_id IS NOT NULL
            GROUP BY
                `iu`.user_id, `s`.`problem_id`
        ) AS up
        INNER JOIN
            `Users` AS `u` ON `u`.`user_id` = `up`.`user_id`
        INNER JOIN
            `Problems` AS `p`
        ON `p`.`problem_id` = up.`problem_id` AND `p`.visibility > 0
        INNER JOIN
            `Identities` AS `i` ON `i`.`identity_id` = u.`main_identity_id`
        LEFT JOIN
            `Identities_Schools` AS `isc`
        ON
            `isc`.`identity_school_id` = `i`.`current_identity_school_id`
        WHERE
            `u`.`is_private` = 0
            AND NOT EXISTS (
                SELECT
                    `pf`.`problem_id`, `pf`.`user_id`
                FROM
                    `Problems_Forfeited` AS `pf`
                WHERE
                    `pf`.`problem_id` = `p`.`problem_id` AND
                    `pf`.`user_id` = `u`.`user_id`
            )
            AND NOT EXISTS (
                SELECT
                    `a`.`acl_id`
                FROM
                    `ACLs` AS `a`
                WHERE
                    `a`.`acl_id` = `p`.`acl_id` AND
                    `a`.`owner_id` = `u`.`user_id`
            )
        GROUP BY
            `identity_id`
        ORDER BY
            `score` DESC 


2  inefficient tables scan
SELECT
            `i`.`username`,
            `i`.`name`,
            `i`.`country_id`,
            `i`.`state_id`,
            `isc`.`school_id`,
            `i`.`identity_id`,
            `i`.`user_id`,
            COUNT(`p`.`problem_id`) AS `problems_solved_count`,
            SUM(ROUND(100 / LOG(2, `p`.`accepted` + 1) , 0)) AS `score`
        FROM
        (
            SELECT
                `iu`.`user_id`,
                `s`.`problem_id`
            FROM
                `Submissions` AS `s`
            INNER JOIN
                `Identities` AS `iu`
            ON
                `iu`.identity_id = `s`.identity_id
            WHERE
                `s`.verdict = 'AC' AND
                `s`.type = 'normal' AND
                `iu`.user_id IS NOT NULL
            GROUP BY
                `iu`.user_id, `s`.`problem_id`
        ) AS up
        INNER JOIN
            `Users` AS `u` ON `u`.`user_id` = `up`.`user_id`
        INNER JOIN
            `Problems` AS `p`
        ON `p`.`problem_id` = up.`problem_id` AND `p`.visibility > 0
        INNER JOIN
            `Identities` AS `i` ON `i`.`identity_id` = u.`main_identity_id`
        LEFT JOIN
            `Identities_Schools` AS `isc`
        ON
            `isc`.`identity_school_id` = `i`.`current_identity_school_id`
        WHERE
            `u`.`is_private` = 0
            AND NOT EXISTS (
                SELECT
                    `pf`.`problem_id`, `pf`.`user_id`
                FROM
                    `Problems_Forfeited` AS `pf`
                WHERE
                    `pf`.`problem_id` = `p`.`problem_id` AND
                    `pf`.`user_id` = `u`.`user_id`
            )
            AND NOT EXISTS (
                SELECT
                    `a`.`acl_id`
                FROM
                    `ACLs` AS `a`
                WHERE
                    `a`.`acl_id` = `p`.`acl_id` AND
                    `a`.`owner_id` = `u`.`user_id`
            )
        GROUP BY
            `identity_id`
        ORDER BY
            `score` DESC 


1  inefficient tables scan
SELECT
                `s`.`school_id`, `s`.`country_id`, `s`.`state_id`, `s`.`name`, `s`.`ranking`, `s`.`score`
            FROM
                Schools s
            WHERE
                s.name LIKE CONCAT('%', '9e3436ee07953dc5eb999c0918ff2a00', '%')
            LIMIT 10 


1  inefficient tables scan
SELECT
                `s`.`school_id`, `s`.`country_id`, `s`.`state_id`, `s`.`name`, `s`.`ranking`, `s`.`score`
            FROM
                Schools s
            WHERE
                s.name LIKE CONCAT('%', '9e3436ee07953dc5eb999c0918ff2a00', '%')
            LIMIT 10 


2  inefficient tables scan
SELECT
            `i`.`username`,
            `i`.`name`,
            `i`.`country_id`,
            `i`.`state_id`,
            `isc`.`school_id`,
            `i`.`identity_id`,
            `i`.`user_id`,
            COUNT(`p`.`problem_id`) AS `problems_solved_count`,
            SUM(ROUND(100 / LOG(2, `p`.`accepted` + 1) , 0)) AS `score`
        FROM
        (
            SELECT
                `iu`.`user_id`,
                `s`.`problem_id`
            FROM
                `Submissions` AS `s`
            INNER JOIN
                `Identities` AS `iu`
            ON
                `iu`.identity_id = `s`.identity_id
            WHERE
                `s`.verdict = 'AC' AND
                `s`.type = 'normal' AND
                `iu`.user_id IS NOT NULL
            GROUP BY
                `iu`.user_id, `s`.`problem_id`
        ) AS up
        INNER JOIN
            `Users` AS `u` ON `u`.`user_id` = `up`.`user_id`
        INNER JOIN
            `Problems` AS `p`
        ON `p`.`problem_id` = up.`problem_id` AND `p`.visibility > 0
        INNER JOIN
            `Identities` AS `i` ON `i`.`identity_id` = u.`main_identity_id`
        LEFT JOIN
            `Identities_Schools` AS `isc`
        ON
            `isc`.`identity_school_id` = `i`.`current_identity_school_id`
        WHERE
            `u`.`is_private` = 0
            AND NOT EXISTS (
                SELECT
                    `pf`.`problem_id`, `pf`.`user_id`
                FROM
                    `Problems_Forfeited` AS `pf`
                WHERE
                    `pf`.`problem_id` = `p`.`problem_id` AND
                    `pf`.`user_id` = `u`.`user_id`
            )
            AND NOT EXISTS (
                SELECT
                    `a`.`acl_id`
                FROM
                    `ACLs` AS `a`
                WHERE
                    `a`.`acl_id` = `p`.`acl_id` AND
                    `a`.`owner_id` = `u`.`user_id`
            )
        GROUP BY
            `identity_id`
        ORDER BY
            `score` DESC 


1  inefficient tables scan
SELECT
                `s`.`school_id`, `s`.`country_id`, `s`.`state_id`, `s`.`name`, `s`.`ranking`, `s`.`score`
            FROM
                Schools s
            WHERE
                s.name LIKE CONCAT('%', '19be426ca27ae8789a751bdba507de5c', '%')
            LIMIT 10 


1  inefficient tables scan
SELECT
                `s`.`school_id`, `s`.`country_id`, `s`.`state_id`, `s`.`name`, `s`.`ranking`, `s`.`score`
            FROM
                Schools s
            WHERE
                s.name LIKE CONCAT('%', '19be426ca27ae8789a751bdba507de5c', '%')
            LIMIT 10 


2  inefficient tables scan
SELECT
            `i`.`username`,
            `i`.`name`,
            `i`.`country_id`,
            `i`.`state_id`,
            `isc`.`school_id`,
            `i`.`identity_id`,
            `i`.`user_id`,
            COUNT(`p`.`problem_id`) AS `problems_solved_count`,
            SUM(ROUND(100 / LOG(2, `p`.`accepted` + 1) , 0)) AS `score`
        FROM
        (
            SELECT
                `iu`.`user_id`,
                `s`.`problem_id`
            FROM
                `Submissions` AS `s`
            INNER JOIN
                `Identities` AS `iu`
            ON
                `iu`.identity_id = `s`.identity_id
            WHERE
                `s`.verdict = 'AC' AND
                `s`.type = 'normal' AND
                `iu`.user_id IS NOT NULL
            GROUP BY
                `iu`.user_id, `s`.`problem_id`
        ) AS up
        INNER JOIN
            `Users` AS `u` ON `u`.`user_id` = `up`.`user_id`
        INNER JOIN
            `Problems` AS `p`
        ON `p`.`problem_id` = up.`problem_id` AND `p`.visibility > 0
        INNER JOIN
            `Identities` AS `i` ON `i`.`identity_id` = u.`main_identity_id`
        LEFT JOIN
            `Identities_Schools` AS `isc`
        ON
            `isc`.`identity_school_id` = `i`.`current_identity_school_id`
        WHERE
            `u`.`is_private` = 0
            AND NOT EXISTS (
                SELECT
                    `pf`.`problem_id`, `pf`.`user_id`
                FROM
                    `Problems_Forfeited` AS `pf`
                WHERE
                    `pf`.`problem_id` = `p`.`problem_id` AND
                    `pf`.`user_id` = `u`.`user_id`
            )
            AND NOT EXISTS (
                SELECT
                    `a`.`acl_id`
                FROM
                    `ACLs` AS `a`
                WHERE
                    `a`.`acl_id` = `p`.`acl_id` AND
                    `a`.`owner_id` = `u`.`user_id`
            )
        GROUP BY
            `identity_id`
        ORDER BY
            `score` DESC 


1  inefficient tables scan
SELECT
                `s`.`school_id`, `s`.`country_id`, `s`.`state_id`, `s`.`name`, `s`.`ranking`, `s`.`score`
            FROM
                Schools s
            WHERE
                s.name LIKE CONCAT('%', '216c9c6aed451185d59b809f078eaeee', '%')
            LIMIT 10 


1  inefficient tables scan
SELECT
                `s`.`school_id`, `s`.`country_id`, `s`.`state_id`, `s`.`name`, `s`.`ranking`, `s`.`score`
            FROM
                Schools s
            WHERE
                s.name LIKE CONCAT('%', '216c9c6aed451185d59b809f078eaeee', '%')
            LIMIT 10 


2  inefficient tables scan
SELECT
            `i`.`username`,
            `i`.`name`,
            `i`.`country_id`,
            `i`.`state_id`,
            `isc`.`school_id`,
            `i`.`identity_id`,
            `i`.`user_id`,
            COUNT(`p`.`problem_id`) AS `problems_solved_count`,
            SUM(ROUND(100 / LOG(2, `p`.`accepted` + 1) , 0)) AS `score`
        FROM
        (
            SELECT
                `iu`.`user_id`,
                `s`.`problem_id`
            FROM
                `Submissions` AS `s`
            INNER JOIN
                `Identities` AS `iu`
            ON
                `iu`.identity_id = `s`.identity_id
            WHERE
                `s`.verdict = 'AC' AND
                `s`.type = 'normal' AND
                `iu`.user_id IS NOT NULL
            GROUP BY
                `iu`.user_id, `s`.`problem_id`
        ) AS up
        INNER JOIN
            `Users` AS `u` ON `u`.`user_id` = `up`.`user_id`
        INNER JOIN
            `Problems` AS `p`
        ON `p`.`problem_id` = up.`problem_id` AND `p`.visibility > 0
        INNER JOIN
            `Identities` AS `i` ON `i`.`identity_id` = u.`main_identity_id`
        LEFT JOIN
            `Identities_Schools` AS `isc`
        ON
            `isc`.`identity_school_id` = `i`.`current_identity_school_id`
        WHERE
            `u`.`is_private` = 0
            AND NOT EXISTS (
                SELECT
                    `pf`.`problem_id`, `pf`.`user_id`
                FROM
                    `Problems_Forfeited` AS `pf`
                WHERE
                    `pf`.`problem_id` = `p`.`problem_id` AND
                    `pf`.`user_id` = `u`.`user_id`
            )
            AND NOT EXISTS (
                SELECT
                    `a`.`acl_id`
                FROM
                    `ACLs` AS `a`
                WHERE
                    `a`.`acl_id` = `p`.`acl_id` AND
                    `a`.`owner_id` = `u`.`user_id`
            )
        GROUP BY
            `identity_id`
        ORDER BY
            `score` DESC 


1  inefficient tables scan
SELECT
                `s`.`school_id`, `s`.`country_id`, `s`.`state_id`, `s`.`name`, `s`.`ranking`, `s`.`score`
            FROM
                Schools s
            WHERE
                s.name LIKE CONCAT('%', '0a5ee059aadc7b88815b3edcdbd7d968', '%')
            LIMIT 10 


1  inefficient tables scan
SELECT
                `s`.`school_id`, `s`.`country_id`, `s`.`state_id`, `s`.`name`, `s`.`ranking`, `s`.`score`
            FROM
                Schools s
            WHERE
                s.name LIKE CONCAT('%', '0a5ee059aadc7b88815b3edcdbd7d968', '%')
            LIMIT 10 


2  inefficient tables scan
SELECT
            `i`.`username`,
            `i`.`name`,
            `i`.`country_id`,
            `i`.`state_id`,
            `isc`.`school_id`,
            `i`.`identity_id`,
            `i`.`user_id`,
            COUNT(`p`.`problem_id`) AS `problems_solved_count`,
            SUM(ROUND(100 / LOG(2, `p`.`accepted` + 1) , 0)) AS `score`
        FROM
        (
            SELECT
                `iu`.`user_id`,
                `s`.`problem_id`
            FROM
                `Submissions` AS `s`
            INNER JOIN
                `Identities` AS `iu`
            ON
                `iu`.identity_id = `s`.identity_id
            WHERE
                `s`.verdict = 'AC' AND
                `s`.type = 'normal' AND
                `iu`.user_id IS NOT NULL
            GROUP BY
                `iu`.user_id, `s`.`problem_id`
        ) AS up
        INNER JOIN
            `Users` AS `u` ON `u`.`user_id` = `up`.`user_id`
        INNER JOIN
            `Problems` AS `p`
        ON `p`.`problem_id` = up.`problem_id` AND `p`.visibility > 0
        INNER JOIN
            `Identities` AS `i` ON `i`.`identity_id` = u.`main_identity_id`
        LEFT JOIN
            `Identities_Schools` AS `isc`
        ON
            `isc`.`identity_school_id` = `i`.`current_identity_school_id`
        WHERE
            `u`.`is_private` = 0
            AND NOT EXISTS (
                SELECT
                    `pf`.`problem_id`, `pf`.`user_id`
                FROM
                    `Problems_Forfeited` AS `pf`
                WHERE
                    `pf`.`problem_id` = `p`.`problem_id` AND
                    `pf`.`user_id` = `u`.`user_id`
            )
            AND NOT EXISTS (
                SELECT
                    `a`.`acl_id`
                FROM
                    `ACLs` AS `a`
                WHERE
                    `a`.`acl_id` = `p`.`acl_id` AND
                    `a`.`owner_id` = `u`.`user_id`
            )
        GROUP BY
            `identity_id`
        ORDER BY
            `score` DESC 


1  inefficient tables scan
SELECT
                `s`.`school_id`, `s`.`country_id`, `s`.`state_id`, `s`.`name`, `s`.`ranking`, `s`.`score`
            FROM
                Schools s
            WHERE
                s.name LIKE CONCAT('%', '666b6609d00c7efbcc57c337c8093dab', '%')
            LIMIT 10 


1  inefficient tables scan
SELECT
                `s`.`school_id`, `s`.`country_id`, `s`.`state_id`, `s`.`name`, `s`.`ranking`, `s`.`score`
            FROM
                Schools s
            WHERE
                s.name LIKE CONCAT('%', '666b6609d00c7efbcc57c337c8093dab', '%')
            LIMIT 10 


2  inefficient tables scan
SELECT
            `i`.`username`,
            `i`.`name`,
            `i`.`country_id`,
            `i`.`state_id`,
            `isc`.`school_id`,
            `i`.`identity_id`,
            `i`.`user_id`,
            COUNT(`p`.`problem_id`) AS `problems_solved_count`,
            SUM(ROUND(100 / LOG(2, `p`.`accepted` + 1) , 0)) AS `score`
        FROM
        (
            SELECT
                `iu`.`user_id`,
                `s`.`problem_id`
            FROM
                `Submissions` AS `s`
            INNER JOIN
                `Identities` AS `iu`
            ON
                `iu`.identity_id = `s`.identity_id
            WHERE
                `s`.verdict = 'AC' AND
                `s`.type = 'normal' AND
                `iu`.user_id IS NOT NULL
            GROUP BY
                `iu`.user_id, `s`.`problem_id`
        ) AS up
        INNER JOIN
            `Users` AS `u` ON `u`.`user_id` = `up`.`user_id`
        INNER JOIN
            `Problems` AS `p`
        ON `p`.`problem_id` = up.`problem_id` AND `p`.visibility > 0
        INNER JOIN
            `Identities` AS `i` ON `i`.`identity_id` = u.`main_identity_id`
        LEFT JOIN
            `Identities_Schools` AS `isc`
        ON
            `isc`.`identity_school_id` = `i`.`current_identity_school_id`
        WHERE
            `u`.`is_private` = 0
            AND NOT EXISTS (
                SELECT
                    `pf`.`problem_id`, `pf`.`user_id`
                FROM
                    `Problems_Forfeited` AS `pf`
                WHERE
                    `pf`.`problem_id` = `p`.`problem_id` AND
                    `pf`.`user_id` = `u`.`user_id`
            )
            AND NOT EXISTS (
                SELECT
                    `a`.`acl_id`
                FROM
                    `ACLs` AS `a`
                WHERE
                    `a`.`acl_id` = `p`.`acl_id` AND
                    `a`.`owner_id` = `u`.`user_id`
            )
        GROUP BY
            `identity_id`
        ORDER BY
            `score` DESC 


2  inefficient tables scan
SELECT
            `i`.`username`,
            `i`.`name`,
            `i`.`country_id`,
            `i`.`state_id`,
            `isc`.`school_id`,
            `i`.`identity_id`,
            `i`.`user_id`,
            COUNT(`p`.`problem_id`) AS `problems_solved_count`,
            SUM(ROUND(100 / LOG(2, `p`.`accepted` + 1) , 0)) AS `score`
        FROM
        (
            SELECT
                `iu`.`user_id`,
                `s`.`problem_id`
            FROM
                `Submissions` AS `s`
            INNER JOIN
                `Identities` AS `iu`
            ON
                `iu`.identity_id = `s`.identity_id
            WHERE
                `s`.verdict = 'AC' AND
                `s`.type = 'normal' AND
                `iu`.user_id IS NOT NULL
            GROUP BY
                `iu`.user_id, `s`.`problem_id`
        ) AS up
        INNER JOIN
            `Users` AS `u` ON `u`.`user_id` = `up`.`user_id`
        INNER JOIN
            `Problems` AS `p`
        ON `p`.`problem_id` = up.`problem_id` AND `p`.visibility > 0
        INNER JOIN
            `Identities` AS `i` ON `i`.`identity_id` = u.`main_identity_id`
        LEFT JOIN
            `Identities_Schools` AS `isc`
        ON
            `isc`.`identity_school_id` = `i`.`current_identity_school_id`
        WHERE
            `u`.`is_private` = 0
            AND NOT EXISTS (
                SELECT
                    `pf`.`problem_id`, `pf`.`user_id`
                FROM
                    `Problems_Forfeited` AS `pf`
                WHERE
                    `pf`.`problem_id` = `p`.`problem_id` AND
                    `pf`.`user_id` = `u`.`user_id`
            )
            AND NOT EXISTS (
                SELECT
                    `a`.`acl_id`
                FROM
                    `ACLs` AS `a`
                WHERE
                    `a`.`acl_id` = `p`.`acl_id` AND
                    `a`.`owner_id` = `u`.`user_id`
            )
        GROUP BY
            `identity_id`
        ORDER BY
            `score` DESC 


2  inefficient tables scan
SELECT
            `i`.`username`,
            `i`.`name`,
            `i`.`country_id`,
            `i`.`state_id`,
            `isc`.`school_id`,
            `i`.`identity_id`,
            `i`.`user_id`,
            COUNT(`p`.`problem_id`) AS `problems_solved_count`,
            SUM(ROUND(100 / LOG(2, `p`.`accepted` + 1) , 0)) AS `score`
        FROM
        (
            SELECT
                `iu`.`user_id`,
                `s`.`problem_id`
            FROM
                `Submissions` AS `s`
            INNER JOIN
                `Identities` AS `iu`
            ON
                `iu`.identity_id = `s`.identity_id
            WHERE
                `s`.verdict = 'AC' AND
                `s`.type = 'normal' AND
                `iu`.user_id IS NOT NULL
            GROUP BY
                `iu`.user_id, `s`.`problem_id`
        ) AS up
        INNER JOIN
            `Users` AS `u` ON `u`.`user_id` = `up`.`user_id`
        INNER JOIN
            `Problems` AS `p`
        ON `p`.`problem_id` = up.`problem_id` AND `p`.visibility > 0
        INNER JOIN
            `Identities` AS `i` ON `i`.`identity_id` = u.`main_identity_id`
        LEFT JOIN
            `Identities_Schools` AS `isc`
        ON
            `isc`.`identity_school_id` = `i`.`current_identity_school_id`
        WHERE
            `u`.`is_private` = 0
            AND NOT EXISTS (
                SELECT
                    `pf`.`problem_id`, `pf`.`user_id`
                FROM
                    `Problems_Forfeited` AS `pf`
                WHERE
                    `pf`.`problem_id` = `p`.`problem_id` AND
                    `pf`.`user_id` = `u`.`user_id`
            )
            AND NOT EXISTS (
                SELECT
                    `a`.`acl_id`
                FROM
                    `ACLs` AS `a`
                WHERE
                    `a`.`acl_id` = `p`.`acl_id` AND
                    `a`.`owner_id` = `u`.`user_id`
            )
        GROUP BY
            `identity_id`
        ORDER BY
            `score` DESC 


1  inefficient tables scan
SELECT
                `s`.`school_id`, `s`.`country_id`, `s`.`state_id`, `s`.`name`, `s`.`ranking`, `s`.`score`
            FROM
                Schools s
            WHERE
                s.name LIKE CONCAT('%', 'd536b27b1a7d9c6c4663dc52befdce87', '%')
            LIMIT 10 


1  inefficient tables scan
SELECT
                `s`.`school_id`, `s`.`country_id`, `s`.`state_id`, `s`.`name`, `s`.`ranking`, `s`.`score`
            FROM
                Schools s
            WHERE
                s.name LIKE CONCAT('%', 'd536b27b1a7d9c6c4663dc52befdce87', '%')
            LIMIT 10 


2  inefficient tables scan
SELECT
            `i`.`username`,
            `i`.`name`,
            `i`.`country_id`,
            `i`.`state_id`,
            `isc`.`school_id`,
            `i`.`identity_id`,
            `i`.`user_id`,
            COUNT(`p`.`problem_id`) AS `problems_solved_count`,
            SUM(ROUND(100 / LOG(2, `p`.`accepted` + 1) , 0)) AS `score`
        FROM
        (
            SELECT
                `iu`.`user_id`,
                `s`.`problem_id`
            FROM
                `Submissions` AS `s`
            INNER JOIN
                `Identities` AS `iu`
            ON
                `iu`.identity_id = `s`.identity_id
            WHERE
                `s`.verdict = 'AC' AND
                `s`.type = 'normal' AND
                `iu`.user_id IS NOT NULL
            GROUP BY
                `iu`.user_id, `s`.`problem_id`
        ) AS up
        INNER JOIN
            `Users` AS `u` ON `u`.`user_id` = `up`.`user_id`
        INNER JOIN
            `Problems` AS `p`
        ON `p`.`problem_id` = up.`problem_id` AND `p`.visibility > 0
        INNER JOIN
            `Identities` AS `i` ON `i`.`identity_id` = u.`main_identity_id`
        LEFT JOIN
            `Identities_Schools` AS `isc`
        ON
            `isc`.`identity_school_id` = `i`.`current_identity_school_id`
        WHERE
            `u`.`is_private` = 0
            AND NOT EXISTS (
                SELECT
                    `pf`.`problem_id`, `pf`.`user_id`
                FROM
                    `Problems_Forfeited` AS `pf`
                WHERE
                    `pf`.`problem_id` = `p`.`problem_id` AND
                    `pf`.`user_id` = `u`.`user_id`
            )
            AND NOT EXISTS (
                SELECT
                    `a`.`acl_id`
                FROM
                    `ACLs` AS `a`
                WHERE
                    `a`.`acl_id` = `p`.`acl_id` AND
                    `a`.`owner_id` = `u`.`user_id`
            )
        GROUP BY
            `identity_id`
        ORDER BY
            `score` DESC 


2  inefficient tables scan
SELECT
            `i`.`username`,
            `i`.`name`,
            `i`.`country_id`,
            `i`.`state_id`,
            `isc`.`school_id`,
            `i`.`identity_id`,
            `i`.`user_id`,
            COUNT(`p`.`problem_id`) AS `problems_solved_count`,
            SUM(ROUND(100 / LOG(2, `p`.`accepted` + 1) , 0)) AS `score`
        FROM
        (
            SELECT
                `iu`.`user_id`,
                `s`.`problem_id`
            FROM
                `Submissions` AS `s`
            INNER JOIN
                `Identities` AS `iu`
            ON
                `iu`.identity_id = `s`.identity_id
            WHERE
                `s`.verdict = 'AC' AND
                `s`.type = 'normal' AND
                `iu`.user_id IS NOT NULL
            GROUP BY
                `iu`.user_id, `s`.`problem_id`
        ) AS up
        INNER JOIN
            `Users` AS `u` ON `u`.`user_id` = `up`.`user_id`
        INNER JOIN
            `Problems` AS `p`
        ON `p`.`problem_id` = up.`problem_id` AND `p`.visibility > 0
        INNER JOIN
            `Identities` AS `i` ON `i`.`identity_id` = u.`main_identity_id`
        LEFT JOIN
            `Identities_Schools` AS `isc`
        ON
            `isc`.`identity_school_id` = `i`.`current_identity_school_id`
        WHERE
            `u`.`is_private` = 0
            AND NOT EXISTS (
                SELECT
                    `pf`.`problem_id`, `pf`.`user_id`
                FROM
                    `Problems_Forfeited` AS `pf`
                WHERE
                    `pf`.`problem_id` = `p`.`problem_id` AND
                    `pf`.`user_id` = `u`.`user_id`
            )
            AND NOT EXISTS (
                SELECT
                    `a`.`acl_id`
                FROM
                    `ACLs` AS `a`
                WHERE
                    `a`.`acl_id` = `p`.`acl_id` AND
                    `a`.`owner_id` = `u`.`user_id`
            )
        GROUP BY
            `identity_id`
        ORDER BY
            `score` DESC 


2  inefficient tables scan
SELECT
            `i`.`username`,
            `i`.`name`,
            `i`.`country_id`,
            `i`.`state_id`,
            `isc`.`school_id`,
            `i`.`identity_id`,
            `i`.`user_id`,
            COUNT(`p`.`problem_id`) AS `problems_solved_count`,
            SUM(ROUND(100 / LOG(2, `p`.`accepted` + 1) , 0)) AS `score`
        FROM
        (
            SELECT
                `iu`.`user_id`,
                `s`.`problem_id`
            FROM
                `Submissions` AS `s`
            INNER JOIN
                `Identities` AS `iu`
            ON
                `iu`.identity_id = `s`.identity_id
            WHERE
                `s`.verdict = 'AC' AND
                `s`.type = 'normal' AND
                `iu`.user_id IS NOT NULL
            GROUP BY
                `iu`.user_id, `s`.`problem_id`
        ) AS up
        INNER JOIN
            `Users` AS `u` ON `u`.`user_id` = `up`.`user_id`
        INNER JOIN
            `Problems` AS `p`
        ON `p`.`problem_id` = up.`problem_id` AND `p`.visibility > 0
        INNER JOIN
            `Identities` AS `i` ON `i`.`identity_id` = u.`main_identity_id`
        LEFT JOIN
            `Identities_Schools` AS `isc`
        ON
            `isc`.`identity_school_id` = `i`.`current_identity_school_id`
        WHERE
            `u`.`is_private` = 0
            AND NOT EXISTS (
                SELECT
                    `pf`.`problem_id`, `pf`.`user_id`
                FROM
                    `Problems_Forfeited` AS `pf`
                WHERE
                    `pf`.`problem_id` = `p`.`problem_id` AND
                    `pf`.`user_id` = `u`.`user_id`
            )
            AND NOT EXISTS (
                SELECT
                    `a`.`acl_id`
                FROM
                    `ACLs` AS `a`
                WHERE
                    `a`.`acl_id` = `p`.`acl_id` AND
                    `a`.`owner_id` = `u`.`user_id`
            )
        GROUP BY
            `identity_id`
        ORDER BY
            `score` DESC 


2  inefficient tables scan
SELECT
            `i`.`username`,
            `i`.`name`,
            `i`.`country_id`,
            `i`.`state_id`,
            `isc`.`school_id`,
            `i`.`identity_id`,
            `i`.`user_id`,
            COUNT(`p`.`problem_id`) AS `problems_solved_count`,
            SUM(ROUND(100 / LOG(2, `p`.`accepted` + 1) , 0)) AS `score`
        FROM
        (
            SELECT
                `iu`.`user_id`,
                `s`.`problem_id`
            FROM
                `Submissions` AS `s`
            INNER JOIN
                `Identities` AS `iu`
            ON
                `iu`.identity_id = `s`.identity_id
            WHERE
                `s`.verdict = 'AC' AND
                `s`.type = 'normal' AND
                `iu`.user_id IS NOT NULL
            GROUP BY
                `iu`.user_id, `s`.`problem_id`
        ) AS up
        INNER JOIN
            `Users` AS `u` ON `u`.`user_id` = `up`.`user_id`
        INNER JOIN
            `Problems` AS `p`
        ON `p`.`problem_id` = up.`problem_id` AND `p`.visibility > 0
        INNER JOIN
            `Identities` AS `i` ON `i`.`identity_id` = u.`main_identity_id`
        LEFT JOIN
            `Identities_Schools` AS `isc`
        ON
            `isc`.`identity_school_id` = `i`.`current_identity_school_id`
        WHERE
            `u`.`is_private` = 0
            AND NOT EXISTS (
                SELECT
                    `pf`.`problem_id`, `pf`.`user_id`
                FROM
                    `Problems_Forfeited` AS `pf`
                WHERE
                    `pf`.`problem_id` = `p`.`problem_id` AND
                    `pf`.`user_id` = `u`.`user_id`
            )
            AND NOT EXISTS (
                SELECT
                    `a`.`acl_id`
                FROM
                    `ACLs` AS `a`
                WHERE
                    `a`.`acl_id` = `p`.`acl_id` AND
                    `a`.`owner_id` = `u`.`user_id`
            )
        GROUP BY
            `identity_id`
        ORDER BY
            `score` DESC 


2  inefficient tables scan
SELECT
            `i`.`username`,
            `i`.`name`,
            `i`.`country_id`,
            `i`.`state_id`,
            `isc`.`school_id`,
            `i`.`identity_id`,
            `i`.`user_id`,
            COUNT(`p`.`problem_id`) AS `problems_solved_count`,
            SUM(ROUND(100 / LOG(2, `p`.`accepted` + 1) , 0)) AS `score`
        FROM
        (
            SELECT
                `iu`.`user_id`,
                `s`.`problem_id`
            FROM
                `Submissions` AS `s`
            INNER JOIN
                `Identities` AS `iu`
            ON
                `iu`.identity_id = `s`.identity_id
            WHERE
                `s`.verdict = 'AC' AND
                `s`.type = 'normal' AND
                `iu`.user_id IS NOT NULL
            GROUP BY
                `iu`.user_id, `s`.`problem_id`
        ) AS up
        INNER JOIN
            `Users` AS `u` ON `u`.`user_id` = `up`.`user_id`
        INNER JOIN
            `Problems` AS `p`
        ON `p`.`problem_id` = up.`problem_id` AND `p`.visibility > 0
        INNER JOIN
            `Identities` AS `i` ON `i`.`identity_id` = u.`main_identity_id`
        LEFT JOIN
            `Identities_Schools` AS `isc`
        ON
            `isc`.`identity_school_id` = `i`.`current_identity_school_id`
        WHERE
            `u`.`is_private` = 0
            AND NOT EXISTS (
                SELECT
                    `pf`.`problem_id`, `pf`.`user_id`
                FROM
                    `Problems_Forfeited` AS `pf`
                WHERE
                    `pf`.`problem_id` = `p`.`problem_id` AND
                    `pf`.`user_id` = `u`.`user_id`
            )
            AND NOT EXISTS (
                SELECT
                    `a`.`acl_id`
                FROM
                    `ACLs` AS `a`
                WHERE
                    `a`.`acl_id` = `p`.`acl_id` AND
                    `a`.`owner_id` = `u`.`user_id`
            )
        GROUP BY
            `identity_id`
        ORDER BY
            `score` DESC 


2  inefficient tables scan
SELECT
            `i`.`username`,
            `i`.`name`,
            `i`.`country_id`,
            `i`.`state_id`,
            `isc`.`school_id`,
            `i`.`identity_id`,
            `i`.`user_id`,
            COUNT(`p`.`problem_id`) AS `problems_solved_count`,
            SUM(ROUND(100 / LOG(2, `p`.`accepted` + 1) , 0)) AS `score`
        FROM
        (
            SELECT
                `iu`.`user_id`,
                `s`.`problem_id`
            FROM
                `Submissions` AS `s`
            INNER JOIN
                `Identities` AS `iu`
            ON
                `iu`.identity_id = `s`.identity_id
            WHERE
                `s`.verdict = 'AC' AND
                `s`.type = 'normal' AND
                `iu`.user_id IS NOT NULL
            GROUP BY
                `iu`.user_id, `s`.`problem_id`
        ) AS up
        INNER JOIN
            `Users` AS `u` ON `u`.`user_id` = `up`.`user_id`
        INNER JOIN
            `Problems` AS `p`
        ON `p`.`problem_id` = up.`problem_id` AND `p`.visibility > 0
        INNER JOIN
            `Identities` AS `i` ON `i`.`identity_id` = u.`main_identity_id`
        LEFT JOIN
            `Identities_Schools` AS `isc`
        ON
            `isc`.`identity_school_id` = `i`.`current_identity_school_id`
        WHERE
            `u`.`is_private` = 0
            AND NOT EXISTS (
                SELECT
                    `pf`.`problem_id`, `pf`.`user_id`
                FROM
                    `Problems_Forfeited` AS `pf`
                WHERE
                    `pf`.`problem_id` = `p`.`problem_id` AND
                    `pf`.`user_id` = `u`.`user_id`
            )
            AND NOT EXISTS (
                SELECT
                    `a`.`acl_id`
                FROM
                    `ACLs` AS `a`
                WHERE
                    `a`.`acl_id` = `p`.`acl_id` AND
                    `a`.`owner_id` = `u`.`user_id`
            )
        GROUP BY
            `identity_id`
        ORDER BY
            `score` DESC 


2  inefficient tables scan
SELECT
            `i`.`username`,
            `i`.`name`,
            `i`.`country_id`,
            `i`.`state_id`,
            `isc`.`school_id`,
            `i`.`identity_id`,
            `i`.`user_id`,
            COUNT(`p`.`problem_id`) AS `problems_solved_count`,
            SUM(ROUND(100 / LOG(2, `p`.`accepted` + 1) , 0)) AS `score`
        FROM
        (
            SELECT
                `iu`.`user_id`,
                `s`.`problem_id`
            FROM
                `Submissions` AS `s`
            INNER JOIN
                `Identities` AS `iu`
            ON
                `iu`.identity_id = `s`.identity_id
            WHERE
                `s`.verdict = 'AC' AND
                `s`.type = 'normal' AND
                `iu`.user_id IS NOT NULL
            GROUP BY
                `iu`.user_id, `s`.`problem_id`
        ) AS up
        INNER JOIN
            `Users` AS `u` ON `u`.`user_id` = `up`.`user_id`
        INNER JOIN
            `Problems` AS `p`
        ON `p`.`problem_id` = up.`problem_id` AND `p`.visibility > 0
        INNER JOIN
            `Identities` AS `i` ON `i`.`identity_id` = u.`main_identity_id`
        LEFT JOIN
            `Identities_Schools` AS `isc`
        ON
            `isc`.`identity_school_id` = `i`.`current_identity_school_id`
        WHERE
            `u`.`is_private` = 0
            AND NOT EXISTS (
                SELECT
                    `pf`.`problem_id`, `pf`.`user_id`
                FROM
                    `Problems_Forfeited` AS `pf`
                WHERE
                    `pf`.`problem_id` = `p`.`problem_id` AND
                    `pf`.`user_id` = `u`.`user_id`
            )
            AND NOT EXISTS (
                SELECT
                    `a`.`acl_id`
                FROM
                    `ACLs` AS `a`
                WHERE
                    `a`.`acl_id` = `p`.`acl_id` AND
                    `a`.`owner_id` = `u`.`user_id`
            )
        GROUP BY
            `identity_id`
        ORDER BY
            `score` DESC 


2  inefficient tables scan
SELECT
            `i`.`username`,
            `i`.`name`,
            `i`.`country_id`,
            `i`.`state_id`,
            `isc`.`school_id`,
            `i`.`identity_id`,
            `i`.`user_id`,
            COUNT(`p`.`problem_id`) AS `problems_solved_count`,
            SUM(ROUND(100 / LOG(2, `p`.`accepted` + 1) , 0)) AS `score`
        FROM
        (
            SELECT
                `iu`.`user_id`,
                `s`.`problem_id`
            FROM
                `Submissions` AS `s`
            INNER JOIN
                `Identities` AS `iu`
            ON
                `iu`.identity_id = `s`.identity_id
            WHERE
                `s`.verdict = 'AC' AND
                `s`.type = 'normal' AND
                `iu`.user_id IS NOT NULL
            GROUP BY
                `iu`.user_id, `s`.`problem_id`
        ) AS up
        INNER JOIN
            `Users` AS `u` ON `u`.`user_id` = `up`.`user_id`
        INNER JOIN
            `Problems` AS `p`
        ON `p`.`problem_id` = up.`problem_id` AND `p`.visibility > 0
        INNER JOIN
            `Identities` AS `i` ON `i`.`identity_id` = u.`main_identity_id`
        LEFT JOIN
            `Identities_Schools` AS `isc`
        ON
            `isc`.`identity_school_id` = `i`.`current_identity_school_id`
        WHERE
            `u`.`is_private` = 0
            AND NOT EXISTS (
                SELECT
                    `pf`.`problem_id`, `pf`.`user_id`
                FROM
                    `Problems_Forfeited` AS `pf`
                WHERE
                    `pf`.`problem_id` = `p`.`problem_id` AND
                    `pf`.`user_id` = `u`.`user_id`
            )
            AND NOT EXISTS (
                SELECT
                    `a`.`acl_id`
                FROM
                    `ACLs` AS `a`
                WHERE
                    `a`.`acl_id` = `p`.`acl_id` AND
                    `a`.`owner_id` = `u`.`user_id`
            )
        GROUP BY
            `identity_id`
        ORDER BY
            `score` DESC 


2  inefficient tables scan
SELECT
            `i`.`username`,
            `i`.`name`,
            `i`.`country_id`,
            `i`.`state_id`,
            `isc`.`school_id`,
            `i`.`identity_id`,
            `i`.`user_id`,
            COUNT(`p`.`problem_id`) AS `problems_solved_count`,
            SUM(ROUND(100 / LOG(2, `p`.`accepted` + 1) , 0)) AS `score`
        FROM
        (
            SELECT
                `iu`.`user_id`,
                `s`.`problem_id`
            FROM
                `Submissions` AS `s`
            INNER JOIN
                `Identities` AS `iu`
            ON
                `iu`.identity_id = `s`.identity_id
            WHERE
                `s`.verdict = 'AC' AND
                `s`.type = 'normal' AND
                `iu`.user_id IS NOT NULL
            GROUP BY
                `iu`.user_id, `s`.`problem_id`
        ) AS up
        INNER JOIN
            `Users` AS `u` ON `u`.`user_id` = `up`.`user_id`
        INNER JOIN
            `Problems` AS `p`
        ON `p`.`problem_id` = up.`problem_id` AND `p`.visibility > 0
        INNER JOIN
            `Identities` AS `i` ON `i`.`identity_id` = u.`main_identity_id`
        LEFT JOIN
            `Identities_Schools` AS `isc`
        ON
            `isc`.`identity_school_id` = `i`.`current_identity_school_id`
        WHERE
            `u`.`is_private` = 0
            AND NOT EXISTS (
                SELECT
                    `pf`.`problem_id`, `pf`.`user_id`
                FROM
                    `Problems_Forfeited` AS `pf`
                WHERE
                    `pf`.`problem_id` = `p`.`problem_id` AND
                    `pf`.`user_id` = `u`.`user_id`
            )
            AND NOT EXISTS (
                SELECT
                    `a`.`acl_id`
                FROM
                    `ACLs` AS `a`
                WHERE
                    `a`.`acl_id` = `p`.`acl_id` AND
                    `a`.`owner_id` = `u`.`user_id`
            )
        GROUP BY
            `identity_id`
        ORDER BY
            `score` DESC 


2  inefficient tables scan
SELECT
            `i`.`username`,
            `i`.`name`,
            `i`.`country_id`,
            `i`.`state_id`,
            `isc`.`school_id`,
            `i`.`identity_id`,
            `i`.`user_id`,
            COUNT(`p`.`problem_id`) AS `problems_solved_count`,
            SUM(ROUND(100 / LOG(2, `p`.`accepted` + 1) , 0)) AS `score`
        FROM
        (
            SELECT
                `iu`.`user_id`,
                `s`.`problem_id`
            FROM
                `Submissions` AS `s`
            INNER JOIN
                `Identities` AS `iu`
            ON
                `iu`.identity_id = `s`.identity_id
            WHERE
                `s`.verdict = 'AC' AND
                `s`.type = 'normal' AND
                `iu`.user_id IS NOT NULL
            GROUP BY
                `iu`.user_id, `s`.`problem_id`
        ) AS up
        INNER JOIN
            `Users` AS `u` ON `u`.`user_id` = `up`.`user_id`
        INNER JOIN
            `Problems` AS `p`
        ON `p`.`problem_id` = up.`problem_id` AND `p`.visibility > 0
        INNER JOIN
            `Identities` AS `i` ON `i`.`identity_id` = u.`main_identity_id`
        LEFT JOIN
            `Identities_Schools` AS `isc`
        ON
            `isc`.`identity_school_id` = `i`.`current_identity_school_id`
        WHERE
            `u`.`is_private` = 0
            AND NOT EXISTS (
                SELECT
                    `pf`.`problem_id`, `pf`.`user_id`
                FROM
                    `Problems_Forfeited` AS `pf`
                WHERE
                    `pf`.`problem_id` = `p`.`problem_id` AND
                    `pf`.`user_id` = `u`.`user_id`
            )
            AND NOT EXISTS (
                SELECT
                    `a`.`acl_id`
                FROM
                    `ACLs` AS `a`
                WHERE
                    `a`.`acl_id` = `p`.`acl_id` AND
                    `a`.`owner_id` = `u`.`user_id`
            )
        GROUP BY
            `identity_id`
        ORDER BY
            `score` DESC 


2  inefficient tables scan
SELECT
            `i`.`username`,
            `i`.`name`,
            `i`.`country_id`,
            `i`.`state_id`,
            `isc`.`school_id`,
            `i`.`identity_id`,
            `i`.`user_id`,
            COUNT(`p`.`problem_id`) AS `problems_solved_count`,
            SUM(ROUND(100 / LOG(2, `p`.`accepted` + 1) , 0)) AS `score`
        FROM
        (
            SELECT
                `iu`.`user_id`,
                `s`.`problem_id`
            FROM
                `Submissions` AS `s`
            INNER JOIN
                `Identities` AS `iu`
            ON
                `iu`.identity_id = `s`.identity_id
            WHERE
                `s`.verdict = 'AC' AND
                `s`.type = 'normal' AND
                `iu`.user_id IS NOT NULL
            GROUP BY
                `iu`.user_id, `s`.`problem_id`
        ) AS up
        INNER JOIN
            `Users` AS `u` ON `u`.`user_id` = `up`.`user_id`
        INNER JOIN
            `Problems` AS `p`
        ON `p`.`problem_id` = up.`problem_id` AND `p`.visibility > 0
        INNER JOIN
            `Identities` AS `i` ON `i`.`identity_id` = u.`main_identity_id`
        LEFT JOIN
            `Identities_Schools` AS `isc`
        ON
            `isc`.`identity_school_id` = `i`.`current_identity_school_id`
        WHERE
            `u`.`is_private` = 0
            AND NOT EXISTS (
                SELECT
                    `pf`.`problem_id`, `pf`.`user_id`
                FROM
                    `Problems_Forfeited` AS `pf`
                WHERE
                    `pf`.`problem_id` = `p`.`problem_id` AND
                    `pf`.`user_id` = `u`.`user_id`
            )
            AND NOT EXISTS (
                SELECT
                    `a`.`acl_id`
                FROM
                    `ACLs` AS `a`
                WHERE
                    `a`.`acl_id` = `p`.`acl_id` AND
                    `a`.`owner_id` = `u`.`user_id`
            )
        GROUP BY
            `identity_id`
        ORDER BY
            `score` DESC 


2  inefficient tables scan
SELECT
            `i`.`username`,
            `i`.`name`,
            `i`.`country_id`,
            `i`.`state_id`,
            `isc`.`school_id`,
            `i`.`identity_id`,
            `i`.`user_id`,
            COUNT(`p`.`problem_id`) AS `problems_solved_count`,
            SUM(ROUND(100 / LOG(2, `p`.`accepted` + 1) , 0)) AS `score`
        FROM
        (
            SELECT
                `iu`.`user_id`,
                `s`.`problem_id`
            FROM
                `Submissions` AS `s`
            INNER JOIN
                `Identities` AS `iu`
            ON
                `iu`.identity_id = `s`.identity_id
            WHERE
                `s`.verdict = 'AC' AND
                `s`.type = 'normal' AND
                `iu`.user_id IS NOT NULL
            GROUP BY
                `iu`.user_id, `s`.`problem_id`
        ) AS up
        INNER JOIN
            `Users` AS `u` ON `u`.`user_id` = `up`.`user_id`
        INNER JOIN
            `Problems` AS `p`
        ON `p`.`problem_id` = up.`problem_id` AND `p`.visibility > 0
        INNER JOIN
            `Identities` AS `i` ON `i`.`identity_id` = u.`main_identity_id`
        LEFT JOIN
            `Identities_Schools` AS `isc`
        ON
            `isc`.`identity_school_id` = `i`.`current_identity_school_id`
        WHERE
            `u`.`is_private` = 0
            AND NOT EXISTS (
                SELECT
                    `pf`.`problem_id`, `pf`.`user_id`
                FROM
                    `Problems_Forfeited` AS `pf`
                WHERE
                    `pf`.`problem_id` = `p`.`problem_id` AND
                    `pf`.`user_id` = `u`.`user_id`
            )
            AND NOT EXISTS (
                SELECT
                    `a`.`acl_id`
                FROM
                    `ACLs` AS `a`
                WHERE
                    `a`.`acl_id` = `p`.`acl_id` AND
                    `a`.`owner_id` = `u`.`user_id`
            )
        GROUP BY
            `identity_id`
        ORDER BY
            `score` DESC 


2  inefficient tables scan
SELECT
            `i`.`username`,
            `i`.`name`,
            `i`.`country_id`,
            `i`.`state_id`,
            `isc`.`school_id`,
            `i`.`identity_id`,
            `i`.`user_id`,
            COUNT(`p`.`problem_id`) AS `problems_solved_count`,
            SUM(ROUND(100 / LOG(2, `p`.`accepted` + 1) , 0)) AS `score`
        FROM
        (
            SELECT
                `iu`.`user_id`,
                `s`.`problem_id`
            FROM
                `Submissions` AS `s`
            INNER JOIN
                `Identities` AS `iu`
            ON
                `iu`.identity_id = `s`.identity_id
            WHERE
                `s`.verdict = 'AC' AND
                `s`.type = 'normal' AND
                `iu`.user_id IS NOT NULL
            GROUP BY
                `iu`.user_id, `s`.`problem_id`
        ) AS up
        INNER JOIN
            `Users` AS `u` ON `u`.`user_id` = `up`.`user_id`
        INNER JOIN
            `Problems` AS `p`
        ON `p`.`problem_id` = up.`problem_id` AND `p`.visibility > 0
        INNER JOIN
            `Identities` AS `i` ON `i`.`identity_id` = u.`main_identity_id`
        LEFT JOIN
            `Identities_Schools` AS `isc`
        ON
            `isc`.`identity_school_id` = `i`.`current_identity_school_id`
        WHERE
            `u`.`is_private` = 0
            AND NOT EXISTS (
                SELECT
                    `pf`.`problem_id`, `pf`.`user_id`
                FROM
                    `Problems_Forfeited` AS `pf`
                WHERE
                    `pf`.`problem_id` = `p`.`problem_id` AND
                    `pf`.`user_id` = `u`.`user_id`
            )
            AND NOT EXISTS (
                SELECT
                    `a`.`acl_id`
                FROM
                    `ACLs` AS `a`
                WHERE
                    `a`.`acl_id` = `p`.`acl_id` AND
                    `a`.`owner_id` = `u`.`user_id`
            )
        GROUP BY
            `identity_id`
        ORDER BY
            `score` DESC 


1  inefficient tables scan
SELECT
                `s`.`school_id`, `s`.`country_id`, `s`.`state_id`, `s`.`name`, `s`.`ranking`, `s`.`score`
            FROM
                Schools s
            WHERE
                s.name LIKE CONCAT('%', 'ed454ca65339680120a3a220ccaee8e2', '%')
            LIMIT 10 


1  inefficient tables scan
SELECT
                `s`.`school_id`, `s`.`country_id`, `s`.`state_id`, `s`.`name`, `s`.`ranking`, `s`.`score`
            FROM
                Schools s
            WHERE
                s.name LIKE CONCAT('%', 'ed454ca65339680120a3a220ccaee8e2', '%')
            LIMIT 10 


2  inefficient tables scan
SELECT
            `i`.`username`,
            `i`.`name`,
            `i`.`country_id`,
            `i`.`state_id`,
            `isc`.`school_id`,
            `i`.`identity_id`,
            `i`.`user_id`,
            COUNT(`p`.`problem_id`) AS `problems_solved_count`,
            SUM(ROUND(100 / LOG(2, `p`.`accepted` + 1) , 0)) AS `score`
        FROM
        (
            SELECT
                `iu`.`user_id`,
                `s`.`problem_id`
            FROM
                `Submissions` AS `s`
            INNER JOIN
                `Identities` AS `iu`
            ON
                `iu`.identity_id = `s`.identity_id
            WHERE
                `s`.verdict = 'AC' AND
                `s`.type = 'normal' AND
                `iu`.user_id IS NOT NULL
            GROUP BY
                `iu`.user_id, `s`.`problem_id`
        ) AS up
        INNER JOIN
            `Users` AS `u` ON `u`.`user_id` = `up`.`user_id`
        INNER JOIN
            `Problems` AS `p`
        ON `p`.`problem_id` = up.`problem_id` AND `p`.visibility > 0
        INNER JOIN
            `Identities` AS `i` ON `i`.`identity_id` = u.`main_identity_id`
        LEFT JOIN
            `Identities_Schools` AS `isc`
        ON
            `isc`.`identity_school_id` = `i`.`current_identity_school_id`
        WHERE
            `u`.`is_private` = 0
            AND NOT EXISTS (
                SELECT
                    `pf`.`problem_id`, `pf`.`user_id`
                FROM
                    `Problems_Forfeited` AS `pf`
                WHERE
                    `pf`.`problem_id` = `p`.`problem_id` AND
                    `pf`.`user_id` = `u`.`user_id`
            )
            AND NOT EXISTS (
                SELECT
                    `a`.`acl_id`
                FROM
                    `ACLs` AS `a`
                WHERE
                    `a`.`acl_id` = `p`.`acl_id` AND
                    `a`.`owner_id` = `u`.`user_id`
            )
        GROUP BY
            `identity_id`
        ORDER BY
            `score` DESC 


1  inefficient tables scan
SELECT
                `s`.`school_id`, `s`.`country_id`, `s`.`state_id`, `s`.`name`, `s`.`ranking`, `s`.`score`
            FROM
                Schools s
            WHERE
                s.name LIKE CONCAT('%', 'd9cc7c6eacba82c8cf4ec06da45d3e88', '%')
            LIMIT 10 


1  inefficient tables scan
SELECT
                `s`.`school_id`, `s`.`country_id`, `s`.`state_id`, `s`.`name`, `s`.`ranking`, `s`.`score`
            FROM
                Schools s
            WHERE
                s.name LIKE CONCAT('%', 'd9cc7c6eacba82c8cf4ec06da45d3e88', '%')
            LIMIT 10 


2  inefficient tables scan
SELECT
            `i`.`username`,
            `i`.`name`,
            `i`.`country_id`,
            `i`.`state_id`,
            `isc`.`school_id`,
            `i`.`identity_id`,
            `i`.`user_id`,
            COUNT(`p`.`problem_id`) AS `problems_solved_count`,
            SUM(ROUND(100 / LOG(2, `p`.`accepted` + 1) , 0)) AS `score`
        FROM
        (
            SELECT
                `iu`.`user_id`,
                `s`.`problem_id`
            FROM
                `Submissions` AS `s`
            INNER JOIN
                `Identities` AS `iu`
            ON
                `iu`.identity_id = `s`.identity_id
            WHERE
                `s`.verdict = 'AC' AND
                `s`.type = 'normal' AND
                `iu`.user_id IS NOT NULL
            GROUP BY
                `iu`.user_id, `s`.`problem_id`
        ) AS up
        INNER JOIN
            `Users` AS `u` ON `u`.`user_id` = `up`.`user_id`
        INNER JOIN
            `Problems` AS `p`
        ON `p`.`problem_id` = up.`problem_id` AND `p`.visibility > 0
        INNER JOIN
            `Identities` AS `i` ON `i`.`identity_id` = u.`main_identity_id`
        LEFT JOIN
            `Identities_Schools` AS `isc`
        ON
            `isc`.`identity_school_id` = `i`.`current_identity_school_id`
        WHERE
            `u`.`is_private` = 0
            AND NOT EXISTS (
                SELECT
                    `pf`.`problem_id`, `pf`.`user_id`
                FROM
                    `Problems_Forfeited` AS `pf`
                WHERE
                    `pf`.`problem_id` = `p`.`problem_id` AND
                    `pf`.`user_id` = `u`.`user_id`
            )
            AND NOT EXISTS (
                SELECT
                    `a`.`acl_id`
                FROM
                    `ACLs` AS `a`
                WHERE
                    `a`.`acl_id` = `p`.`acl_id` AND
                    `a`.`owner_id` = `u`.`user_id`
            )
        GROUP BY
            `identity_id`
        ORDER BY
            `score` DESC 


1  inefficient tables scan
SELECT
                `s`.`school_id`, `s`.`country_id`, `s`.`state_id`, `s`.`name`, `s`.`ranking`, `s`.`score`
            FROM
                Schools s
            WHERE
                s.name LIKE CONCAT('%', '34ebae08edb26485c24df20bafd6a47d', '%')
            LIMIT 10 


2  inefficient tables scan
SELECT
            `i`.`username`,
            `i`.`name`,
            `i`.`country_id`,
            `i`.`state_id`,
            `isc`.`school_id`,
            `i`.`identity_id`,
            `i`.`user_id`,
            COUNT(`p`.`problem_id`) AS `problems_solved_count`,
            SUM(ROUND(100 / LOG(2, `p`.`accepted` + 1) , 0)) AS `score`
        FROM
        (
            SELECT
                `iu`.`user_id`,
                `s`.`problem_id`
            FROM
                `Submissions` AS `s`
            INNER JOIN
                `Identities` AS `iu`
            ON
                `iu`.identity_id = `s`.identity_id
            WHERE
                `s`.verdict = 'AC' AND
                `s`.type = 'normal' AND
                `iu`.user_id IS NOT NULL
            GROUP BY
                `iu`.user_id, `s`.`problem_id`
        ) AS up
        INNER JOIN
            `Users` AS `u` ON `u`.`user_id` = `up`.`user_id`
        INNER JOIN
            `Problems` AS `p`
        ON `p`.`problem_id` = up.`problem_id` AND `p`.visibility > 0
        INNER JOIN
            `Identities` AS `i` ON `i`.`identity_id` = u.`main_identity_id`
        LEFT JOIN
            `Identities_Schools` AS `isc`
        ON
            `isc`.`identity_school_id` = `i`.`current_identity_school_id`
        WHERE
            `u`.`is_private` = 0
            AND NOT EXISTS (
                SELECT
                    `pf`.`problem_id`, `pf`.`user_id`
                FROM
                    `Problems_Forfeited` AS `pf`
                WHERE
                    `pf`.`problem_id` = `p`.`problem_id` AND
                    `pf`.`user_id` = `u`.`user_id`
            )
            AND NOT EXISTS (
                SELECT
                    `a`.`acl_id`
                FROM
                    `ACLs` AS `a`
                WHERE
                    `a`.`acl_id` = `p`.`acl_id` AND
                    `a`.`owner_id` = `u`.`user_id`
            )
        GROUP BY
            `identity_id`
        ORDER BY
            `score` DESC 


2  inefficient tables scan
SELECT
            `i`.`username`,
            `i`.`name`,
            `i`.`country_id`,
            `i`.`state_id`,
            `isc`.`school_id`,
            `i`.`identity_id`,
            `i`.`user_id`,
            COUNT(`p`.`problem_id`) AS `problems_solved_count`,
            SUM(ROUND(100 / LOG(2, `p`.`accepted` + 1) , 0)) AS `score`
        FROM
        (
            SELECT
                `iu`.`user_id`,
                `s`.`problem_id`
            FROM
                `Submissions` AS `s`
            INNER JOIN
                `Identities` AS `iu`
            ON
                `iu`.identity_id = `s`.identity_id
            WHERE
                `s`.verdict = 'AC' AND
                `s`.type = 'normal' AND
                `iu`.user_id IS NOT NULL
            GROUP BY
                `iu`.user_id, `s`.`problem_id`
        ) AS up
        INNER JOIN
            `Users` AS `u` ON `u`.`user_id` = `up`.`user_id`
        INNER JOIN
            `Problems` AS `p`
        ON `p`.`problem_id` = up.`problem_id` AND `p`.visibility > 0
        INNER JOIN
            `Identities` AS `i` ON `i`.`identity_id` = u.`main_identity_id`
        LEFT JOIN
            `Identities_Schools` AS `isc`
        ON
            `isc`.`identity_school_id` = `i`.`current_identity_school_id`
        WHERE
            `u`.`is_private` = 0
            AND NOT EXISTS (
                SELECT
                    `pf`.`problem_id`, `pf`.`user_id`
                FROM
                    `Problems_Forfeited` AS `pf`
                WHERE
                    `pf`.`problem_id` = `p`.`problem_id` AND
                    `pf`.`user_id` = `u`.`user_id`
            )
            AND NOT EXISTS (
                SELECT
                    `a`.`acl_id`
                FROM
                    `ACLs` AS `a`
                WHERE
                    `a`.`acl_id` = `p`.`acl_id` AND
                    `a`.`owner_id` = `u`.`user_id`
            )
        GROUP BY
            `identity_id`
        ORDER BY
            `score` DESC 


1  inefficient tables scan
SELECT
                `s`.`school_id`, `s`.`country_id`, `s`.`state_id`, `s`.`name`, `s`.`ranking`, `s`.`score`
            FROM
                Schools s
            WHERE
                s.name LIKE CONCAT('%', '05ef68a1e03c4e4109b683a44e875ebb', '%')
            LIMIT 10 


1  inefficient tables scan
SELECT
                `s`.`school_id`, `s`.`country_id`, `s`.`state_id`, `s`.`name`, `s`.`ranking`, `s`.`score`
            FROM
                Schools s
            WHERE
                s.name LIKE CONCAT('%', '05ef68a1e03c4e4109b683a44e875ebb', '%')
            LIMIT 10 


2  inefficient tables scan
SELECT
            `i`.`username`,
            `i`.`name`,
            `i`.`country_id`,
            `i`.`state_id`,
            `isc`.`school_id`,
            `i`.`identity_id`,
            `i`.`user_id`,
            COUNT(`p`.`problem_id`) AS `problems_solved_count`,
            SUM(ROUND(100 / LOG(2, `p`.`accepted` + 1) , 0)) AS `score`
        FROM
        (
            SELECT
                `iu`.`user_id`,
                `s`.`problem_id`
            FROM
                `Submissions` AS `s`
            INNER JOIN
                `Identities` AS `iu`
            ON
                `iu`.identity_id = `s`.identity_id
            WHERE
                `s`.verdict = 'AC' AND
                `s`.type = 'normal' AND
                `iu`.user_id IS NOT NULL
            GROUP BY
                `iu`.user_id, `s`.`problem_id`
        ) AS up
        INNER JOIN
            `Users` AS `u` ON `u`.`user_id` = `up`.`user_id`
        INNER JOIN
            `Problems` AS `p`
        ON `p`.`problem_id` = up.`problem_id` AND `p`.visibility > 0
        INNER JOIN
            `Identities` AS `i` ON `i`.`identity_id` = u.`main_identity_id`
        LEFT JOIN
            `Identities_Schools` AS `isc`
        ON
            `isc`.`identity_school_id` = `i`.`current_identity_school_id`
        WHERE
            `u`.`is_private` = 0
            AND NOT EXISTS (
                SELECT
                    `pf`.`problem_id`, `pf`.`user_id`
                FROM
                    `Problems_Forfeited` AS `pf`
                WHERE
                    `pf`.`problem_id` = `p`.`problem_id` AND
                    `pf`.`user_id` = `u`.`user_id`
            )
            AND NOT EXISTS (
                SELECT
                    `a`.`acl_id`
                FROM
                    `ACLs` AS `a`
                WHERE
                    `a`.`acl_id` = `p`.`acl_id` AND
                    `a`.`owner_id` = `u`.`user_id`
            )
        GROUP BY
            `identity_id`
        ORDER BY
            `score` DESC 


1  inefficient tables scan
SELECT
                `s`.`school_id`, `s`.`country_id`, `s`.`state_id`, `s`.`name`, `s`.`ranking`, `s`.`score`
            FROM
                Schools s
            WHERE
                s.name LIKE CONCAT('%', '4239fa27d35fb5ea5886e5088648da3b', '%')
            LIMIT 10 


2  inefficient tables scan
SELECT
            `i`.`username`,
            `i`.`name`,
            `i`.`country_id`,
            `i`.`state_id`,
            `isc`.`school_id`,
            `i`.`identity_id`,
            `i`.`user_id`,
            COUNT(`p`.`problem_id`) AS `problems_solved_count`,
            SUM(ROUND(100 / LOG(2, `p`.`accepted` + 1) , 0)) AS `score`
        FROM
        (
            SELECT
                `iu`.`user_id`,
                `s`.`problem_id`
            FROM
                `Submissions` AS `s`
            INNER JOIN
                `Identities` AS `iu`
            ON
                `iu`.identity_id = `s`.identity_id
            WHERE
                `s`.verdict = 'AC' AND
                `s`.type = 'normal' AND
                `iu`.user_id IS NOT NULL
            GROUP BY
                `iu`.user_id, `s`.`problem_id`
        ) AS up
        INNER JOIN
            `Users` AS `u` ON `u`.`user_id` = `up`.`user_id`
        INNER JOIN
            `Problems` AS `p`
        ON `p`.`problem_id` = up.`problem_id` AND `p`.visibility > 0
        INNER JOIN
            `Identities` AS `i` ON `i`.`identity_id` = u.`main_identity_id`
        LEFT JOIN
            `Identities_Schools` AS `isc`
        ON
            `isc`.`identity_school_id` = `i`.`current_identity_school_id`
        WHERE
            `u`.`is_private` = 0
            AND NOT EXISTS (
                SELECT
                    `pf`.`problem_id`, `pf`.`user_id`
                FROM
                    `Problems_Forfeited` AS `pf`
                WHERE
                    `pf`.`problem_id` = `p`.`problem_id` AND
                    `pf`.`user_id` = `u`.`user_id`
            )
            AND NOT EXISTS (
                SELECT
                    `a`.`acl_id`
                FROM
                    `ACLs` AS `a`
                WHERE
                    `a`.`acl_id` = `p`.`acl_id` AND
                    `a`.`owner_id` = `u`.`user_id`
            )
        GROUP BY
            `identity_id`
        ORDER BY
            `score` DESC 


2  inefficient tables scan
SELECT
            `i`.`username`,
            `i`.`name`,
            `i`.`country_id`,
            `i`.`state_id`,
            `isc`.`school_id`,
            `i`.`identity_id`,
            `i`.`user_id`,
            COUNT(`p`.`problem_id`) AS `problems_solved_count`,
            SUM(ROUND(100 / LOG(2, `p`.`accepted` + 1) , 0)) AS `score`
        FROM
        (
            SELECT
                `iu`.`user_id`,
                `s`.`problem_id`
            FROM
                `Submissions` AS `s`
            INNER JOIN
                `Identities` AS `iu`
            ON
                `iu`.identity_id = `s`.identity_id
            WHERE
                `s`.verdict = 'AC' AND
                `s`.type = 'normal' AND
                `iu`.user_id IS NOT NULL
            GROUP BY
                `iu`.user_id, `s`.`problem_id`
        ) AS up
        INNER JOIN
            `Users` AS `u` ON `u`.`user_id` = `up`.`user_id`
        INNER JOIN
            `Problems` AS `p`
        ON `p`.`problem_id` = up.`problem_id` AND `p`.visibility > 0
        INNER JOIN
            `Identities` AS `i` ON `i`.`identity_id` = u.`main_identity_id`
        LEFT JOIN
            `Identities_Schools` AS `isc`
        ON
            `isc`.`identity_school_id` = `i`.`current_identity_school_id`
        WHERE
            `u`.`is_private` = 0
            AND NOT EXISTS (
                SELECT
                    `pf`.`problem_id`, `pf`.`user_id`
                FROM
                    `Problems_Forfeited` AS `pf`
                WHERE
                    `pf`.`problem_id` = `p`.`problem_id` AND
                    `pf`.`user_id` = `u`.`user_id`
            )
            AND NOT EXISTS (
                SELECT
                    `a`.`acl_id`
                FROM
                    `ACLs` AS `a`
                WHERE
                    `a`.`acl_id` = `p`.`acl_id` AND
                    `a`.`owner_id` = `u`.`user_id`
            )
        GROUP BY
            `identity_id`
        ORDER BY
            `score` DESC 


1  inefficient tables scan
SELECT
                `s`.`school_id`, `s`.`country_id`, `s`.`state_id`, `s`.`name`, `s`.`ranking`, `s`.`score`
            FROM
                Schools s
            WHERE
                s.name LIKE CONCAT('%', '22ace2eb55d295160db8ab4db9c7b766', '%')
            LIMIT 10 


1  inefficient tables scan
SELECT
                `s`.`school_id`, `s`.`country_id`, `s`.`state_id`, `s`.`name`, `s`.`ranking`, `s`.`score`
            FROM
                Schools s
            WHERE
                s.name LIKE CONCAT('%', '584c2241d415c23e09b1319e822a5739', '%')
            LIMIT 10 


1  inefficient tables scan
SELECT
                `s`.`school_id`, `s`.`country_id`, `s`.`state_id`, `s`.`name`, `s`.`ranking`, `s`.`score`
            FROM
                Schools s
            WHERE
                s.name LIKE CONCAT('%', '6b20f360f174c9d97ab59ea76d7c1dba', '%')
            LIMIT 10 


1  inefficient tables scan
SELECT
                `s`.`school_id`, `s`.`country_id`, `s`.`state_id`, `s`.`name`, `s`.`ranking`, `s`.`score`
            FROM
                Schools s
            WHERE
                s.name LIKE CONCAT('%', 'b8aba864154b8816519addc48c604bba', '%')
            LIMIT 10 


1  inefficient tables scan
SELECT
                `s`.`school_id`, `s`.`country_id`, `s`.`state_id`, `s`.`name`, `s`.`ranking`, `s`.`score`
            FROM
                Schools s
            WHERE
                s.name LIKE CONCAT('%', '280b5e157f747b9019c5664b641ed929', '%')
            LIMIT 10 


2  inefficient tables scan
SELECT
            `i`.`username`,
            `i`.`name`,
            `i`.`country_id`,
            `i`.`state_id`,
            `isc`.`school_id`,
            `i`.`identity_id`,
            `i`.`user_id`,
            COUNT(`p`.`problem_id`) AS `problems_solved_count`,
            SUM(ROUND(100 / LOG(2, `p`.`accepted` + 1) , 0)) AS `score`
        FROM
        (
            SELECT
                `iu`.`user_id`,
                `s`.`problem_id`
            FROM
                `Submissions` AS `s`
            INNER JOIN
                `Identities` AS `iu`
            ON
                `iu`.identity_id = `s`.identity_id
            WHERE
                `s`.verdict = 'AC' AND
                `s`.type = 'normal' AND
                `iu`.user_id IS NOT NULL
            GROUP BY
                `iu`.user_id, `s`.`problem_id`
        ) AS up
        INNER JOIN
            `Users` AS `u` ON `u`.`user_id` = `up`.`user_id`
        INNER JOIN
            `Problems` AS `p`
        ON `p`.`problem_id` = up.`problem_id` AND `p`.visibility > 0
        INNER JOIN
            `Identities` AS `i` ON `i`.`identity_id` = u.`main_identity_id`
        LEFT JOIN
            `Identities_Schools` AS `isc`
        ON
            `isc`.`identity_school_id` = `i`.`current_identity_school_id`
        WHERE
            `u`.`is_private` = 0
            AND NOT EXISTS (
                SELECT
                    `pf`.`problem_id`, `pf`.`user_id`
                FROM
                    `Problems_Forfeited` AS `pf`
                WHERE
                    `pf`.`problem_id` = `p`.`problem_id` AND
                    `pf`.`user_id` = `u`.`user_id`
            )
            AND NOT EXISTS (
                SELECT
                    `a`.`acl_id`
                FROM
                    `ACLs` AS `a`
                WHERE
                    `a`.`acl_id` = `p`.`acl_id` AND
                    `a`.`owner_id` = `u`.`user_id`
            )
        GROUP BY
            `identity_id`
        ORDER BY
            `score` DESC 


2  inefficient tables scan
SELECT
            `i`.`username`,
            `i`.`name`,
            `i`.`country_id`,
            `i`.`state_id`,
            `isc`.`school_id`,
            `i`.`identity_id`,
            `i`.`user_id`,
            COUNT(`p`.`problem_id`) AS `problems_solved_count`,
            SUM(ROUND(100 / LOG(2, `p`.`accepted` + 1) , 0)) AS `score`
        FROM
        (
            SELECT
                `iu`.`user_id`,
                `s`.`problem_id`
            FROM
                `Submissions` AS `s`
            INNER JOIN
                `Identities` AS `iu`
            ON
                `iu`.identity_id = `s`.identity_id
            WHERE
                `s`.verdict = 'AC' AND
                `s`.type = 'normal' AND
                `iu`.user_id IS NOT NULL
            GROUP BY
                `iu`.user_id, `s`.`problem_id`
        ) AS up
        INNER JOIN
            `Users` AS `u` ON `u`.`user_id` = `up`.`user_id`
        INNER JOIN
            `Problems` AS `p`
        ON `p`.`problem_id` = up.`problem_id` AND `p`.visibility > 0
        INNER JOIN
            `Identities` AS `i` ON `i`.`identity_id` = u.`main_identity_id`
        LEFT JOIN
            `Identities_Schools` AS `isc`
        ON
            `isc`.`identity_school_id` = `i`.`current_identity_school_id`
        WHERE
            `u`.`is_private` = 0
            AND NOT EXISTS (
                SELECT
                    `pf`.`problem_id`, `pf`.`user_id`
                FROM
                    `Problems_Forfeited` AS `pf`
                WHERE
                    `pf`.`problem_id` = `p`.`problem_id` AND
[...]
            GROUP BY
                `iu`.user_id, `s`.`problem_id`
        ) AS up
        INNER JOIN
            `Users` AS `u` ON `u`.`user_id` = `up`.`user_id`
        INNER JOIN
            `Problems` AS `p`
        ON `p`.`problem_id` = up.`problem_id` AND `p`.visibility > 0
        INNER JOIN
            `Identities` AS `i` ON `i`.`identity_id` = u.`main_identity_id`
        LEFT JOIN
            `Identities_Schools` AS `isc`
        ON
            `isc`.`identity_school_id` = `i`.`current_identity_school_id`
        WHERE
            `u`.`is_private` = 0
            AND NOT EXISTS (
                SELECT
                    `pf`.`problem_id`, `pf`.`user_id`
                FROM
                    `Problems_Forfeited` AS `pf`
                WHERE
                    `pf`.`problem_id` = `p`.`problem_id` AND
                    `pf`.`user_id` = `u`.`user_id`
            )
            AND NOT EXISTS (
                SELECT
                    `a`.`acl_id`
                FROM
                    `ACLs` AS `a`
                WHERE
                    `a`.`acl_id` = `p`.`acl_id` AND
                    `a`.`owner_id` = `u`.`user_id`
            )
        GROUP BY
            `identity_id`
        ORDER BY
            `score` DESC 


2  inefficient tables scan
SELECT
            `i`.`username`,
            `i`.`name`,
            `i`.`country_id`,
            `i`.`state_id`,
            `isc`.`school_id`,
            `i`.`identity_id`,
            `i`.`user_id`,
            COUNT(`p`.`problem_id`) AS `problems_solved_count`,
            SUM(ROUND(100 / LOG(2, `p`.`accepted` + 1) , 0)) AS `score`
        FROM
        (
            SELECT
                `iu`.`user_id`,
                `s`.`problem_id`
            FROM
                `Submissions` AS `s`
            INNER JOIN
                `Identities` AS `iu`
            ON
                `iu`.identity_id = `s`.identity_id
            WHERE
                `s`.verdict = 'AC' AND
                `s`.type = 'normal' AND
                `iu`.user_id IS NOT NULL
            GROUP BY
                `iu`.user_id, `s`.`problem_id`
        ) AS up
        INNER JOIN
            `Users` AS `u` ON `u`.`user_id` = `up`.`user_id`
        INNER JOIN
            `Problems` AS `p`
        ON `p`.`problem_id` = up.`problem_id` AND `p`.visibility > 0
        INNER JOIN
            `Identities` AS `i` ON `i`.`identity_id` = u.`main_identity_id`
        LEFT JOIN
            `Identities_Schools` AS `isc`
        ON
            `isc`.`identity_school_id` = `i`.`current_identity_school_id`
        WHERE
            `u`.`is_private` = 0
            AND NOT EXISTS (
                SELECT
                    `pf`.`problem_id`, `pf`.`user_id`
                FROM
                    `Problems_Forfeited` AS `pf`
                WHERE
                    `pf`.`problem_id` = `p`.`problem_id` AND
                    `pf`.`user_id` = `u`.`user_id`
            )
            AND NOT EXISTS (
                SELECT
                    `a`.`acl_id`
                FROM
                    `ACLs` AS `a`
                WHERE
                    `a`.`acl_id` = `p`.`acl_id` AND
                    `a`.`owner_id` = `u`.`user_id`
            )
        GROUP BY
            `identity_id`
        ORDER BY
            `score` DESC 


2  inefficient tables scan
SELECT
            `i`.`username`,
            `i`.`name`,
            `i`.`country_id`,
            `i`.`state_id`,
            `isc`.`school_id`,
            `i`.`identity_id`,
            `i`.`user_id`,
            COUNT(`p`.`problem_id`) AS `problems_solved_count`,
            SUM(ROUND(100 / LOG(2, `p`.`accepted` + 1) , 0)) AS `score`
        FROM
        (
            SELECT
                `iu`.`user_id`,
                `s`.`problem_id`
            FROM
                `Submissions` AS `s`
            INNER JOIN
                `Identities` AS `iu`
            ON
                `iu`.identity_id = `s`.identity_id
            WHERE
                `s`.verdict = 'AC' AND
                `s`.type = 'normal' AND
                `iu`.user_id IS NOT NULL
            GROUP BY
                `iu`.user_id, `s`.`problem_id`
        ) AS up
        INNER JOIN
            `Users` AS `u` ON `u`.`user_id` = `up`.`user_id`
        INNER JOIN
            `Problems` AS `p`
        ON `p`.`problem_id` = up.`problem_id` AND `p`.visibility > 0
        INNER JOIN
            `Identities` AS `i` ON `i`.`identity_id` = u.`main_identity_id`
        LEFT JOIN
            `Identities_Schools` AS `isc`
        ON
            `isc`.`identity_school_id` = `i`.`current_identity_school_id`
        WHERE
            `u`.`is_private` = 0
            AND NOT EXISTS (
                SELECT
                    `pf`.`problem_id`, `pf`.`user_id`
                FROM
                    `Problems_Forfeited` AS `pf`
                WHERE
                    `pf`.`problem_id` = `p`.`problem_id` AND
                    `pf`.`user_id` = `u`.`user_id`
            )
            AND NOT EXISTS (
                SELECT
                    `a`.`acl_id`
                FROM
                    `ACLs` AS `a`
                WHERE
                    `a`.`acl_id` = `p`.`acl_id` AND
                    `a`.`owner_id` = `u`.`user_id`
            )
        GROUP BY
            `identity_id`
        ORDER BY
            `score` DESC 


2  inefficient tables scan
SELECT
            `i`.`username`,
            `i`.`name`,
            `i`.`country_id`,
            `i`.`state_id`,
            `isc`.`school_id`,
            `i`.`identity_id`,
            `i`.`user_id`,
            COUNT(`p`.`problem_id`) AS `problems_solved_count`,
            SUM(ROUND(100 / LOG(2, `p`.`accepted` + 1) , 0)) AS `score`
        FROM
        (
            SELECT
                `iu`.`user_id`,
                `s`.`problem_id`
            FROM
                `Submissions` AS `s`
            INNER JOIN
                `Identities` AS `iu`
            ON
                `iu`.identity_id = `s`.identity_id
            WHERE
                `s`.verdict = 'AC' AND
                `s`.type = 'normal' AND
                `iu`.user_id IS NOT NULL
            GROUP BY
                `iu`.user_id, `s`.`problem_id`
        ) AS up
        INNER JOIN
            `Users` AS `u` ON `u`.`user_id` = `up`.`user_id`
        INNER JOIN
            `Problems` AS `p`
        ON `p`.`problem_id` = up.`problem_id` AND `p`.visibility > 0
        INNER JOIN
            `Identities` AS `i` ON `i`.`identity_id` = u.`main_identity_id`
        LEFT JOIN
            `Identities_Schools` AS `isc`
        ON
            `isc`.`identity_school_id` = `i`.`current_identity_school_id`
        WHERE
            `u`.`is_private` = 0
            AND NOT EXISTS (
                SELECT
                    `pf`.`problem_id`, `pf`.`user_id`
                FROM
                    `Problems_Forfeited` AS `pf`
                WHERE
                    `pf`.`problem_id` = `p`.`problem_id` AND
                    `pf`.`user_id` = `u`.`user_id`
            )
            AND NOT EXISTS (
                SELECT
                    `a`.`acl_id`
                FROM
                    `ACLs` AS `a`
                WHERE
                    `a`.`acl_id` = `p`.`acl_id` AND
                    `a`.`owner_id` = `u`.`user_id`
            )
        GROUP BY
            `identity_id`
        ORDER BY
            `score` DESC 


2  inefficient tables scan
SELECT
            `i`.`username`,
            `i`.`name`,
            `i`.`country_id`,
            `i`.`state_id`,
            `isc`.`school_id`,
            `i`.`identity_id`,
            `i`.`user_id`,
            COUNT(`p`.`problem_id`) AS `problems_solved_count`,
            SUM(ROUND(100 / LOG(2, `p`.`accepted` + 1) , 0)) AS `score`
        FROM
        (
            SELECT
                `iu`.`user_id`,
                `s`.`problem_id`
            FROM
                `Submissions` AS `s`
            INNER JOIN
                `Identities` AS `iu`
            ON
                `iu`.identity_id = `s`.identity_id
            WHERE
                `s`.verdict = 'AC' AND
                `s`.type = 'normal' AND
                `iu`.user_id IS NOT NULL
            GROUP BY
                `iu`.user_id, `s`.`problem_id`
        ) AS up
        INNER JOIN
            `Users` AS `u` ON `u`.`user_id` = `up`.`user_id`
        INNER JOIN
            `Problems` AS `p`
        ON `p`.`problem_id` = up.`problem_id` AND `p`.visibility > 0
        INNER JOIN
            `Identities` AS `i` ON `i`.`identity_id` = u.`main_identity_id`
        LEFT JOIN
            `Identities_Schools` AS `isc`
        ON
            `isc`.`identity_school_id` = `i`.`current_identity_school_id`
        WHERE
            `u`.`is_private` = 0
            AND NOT EXISTS (
                SELECT
                    `pf`.`problem_id`, `pf`.`user_id`
                FROM
                    `Problems_Forfeited` AS `pf`
                WHERE
                    `pf`.`problem_id` = `p`.`problem_id` AND
                    `pf`.`user_id` = `u`.`user_id`
            )
            AND NOT EXISTS (
                SELECT
                    `a`.`acl_id`
                FROM
                    `ACLs` AS `a`
                WHERE
                    `a`.`acl_id` = `p`.`acl_id` AND
                    `a`.`owner_id` = `u`.`user_id`
            )
        GROUP BY
            `identity_id`
        ORDER BY
            `score` DESC 


2  inefficient tables scan
SELECT
            `i`.`username`,
            `i`.`name`,
            `i`.`country_id`,
            `i`.`state_id`,
            `isc`.`school_id`,
            `i`.`identity_id`,
            `i`.`user_id`,
            COUNT(`p`.`problem_id`) AS `problems_solved_count`,
            SUM(ROUND(100 / LOG(2, `p`.`accepted` + 1) , 0)) AS `score`
        FROM
        (
            SELECT
                `iu`.`user_id`,
                `s`.`problem_id`
            FROM
                `Submissions` AS `s`
            INNER JOIN
                `Identities` AS `iu`
            ON
                `iu`.identity_id = `s`.identity_id
            WHERE
                `s`.verdict = 'AC' AND
                `s`.type = 'normal' AND
                `iu`.user_id IS NOT NULL
            GROUP BY
                `iu`.user_id, `s`.`problem_id`
        ) AS up
        INNER JOIN
            `Users` AS `u` ON `u`.`user_id` = `up`.`user_id`
        INNER JOIN
            `Problems` AS `p`
        ON `p`.`problem_id` = up.`problem_id` AND `p`.visibility > 0
        INNER JOIN
            `Identities` AS `i` ON `i`.`identity_id` = u.`main_identity_id`
        LEFT JOIN
            `Identities_Schools` AS `isc`
        ON
            `isc`.`identity_school_id` = `i`.`current_identity_school_id`
        WHERE
            `u`.`is_private` = 0
            AND NOT EXISTS (
                SELECT
                    `pf`.`problem_id`, `pf`.`user_id`
                FROM
                    `Problems_Forfeited` AS `pf`
                WHERE
                    `pf`.`problem_id` = `p`.`problem_id` AND
                    `pf`.`user_id` = `u`.`user_id`
            )
            AND NOT EXISTS (
                SELECT
                    `a`.`acl_id`
                FROM
                    `ACLs` AS `a`
                WHERE
                    `a`.`acl_id` = `p`.`acl_id` AND
                    `a`.`owner_id` = `u`.`user_id`
            )
        GROUP BY
            `identity_id`
        ORDER BY
            `score` DESC 


2  inefficient tables scan
SELECT
            `i`.`username`,
            `i`.`name`,
            `i`.`country_id`,
            `i`.`state_id`,
            `isc`.`school_id`,
            `i`.`identity_id`,
            `i`.`user_id`,
            COUNT(`p`.`problem_id`) AS `problems_solved_count`,
            SUM(ROUND(100 / LOG(2, `p`.`accepted` + 1) , 0)) AS `score`
        FROM
        (
            SELECT
                `iu`.`user_id`,
                `s`.`problem_id`
            FROM
                `Submissions` AS `s`
            INNER JOIN
                `Identities` AS `iu`
            ON
                `iu`.identity_id = `s`.identity_id
            WHERE
                `s`.verdict = 'AC' AND
                `s`.type = 'normal' AND
                `iu`.user_id IS NOT NULL
            GROUP BY
                `iu`.user_id, `s`.`problem_id`
        ) AS up
        INNER JOIN
            `Users` AS `u` ON `u`.`user_id` = `up`.`user_id`
        INNER JOIN
            `Problems` AS `p`
        ON `p`.`problem_id` = up.`problem_id` AND `p`.visibility > 0
        INNER JOIN
            `Identities` AS `i` ON `i`.`identity_id` = u.`main_identity_id`
        LEFT JOIN
            `Identities_Schools` AS `isc`
        ON
            `isc`.`identity_school_id` = `i`.`current_identity_school_id`
        WHERE
            `u`.`is_private` = 0
            AND NOT EXISTS (
                SELECT
                    `pf`.`problem_id`, `pf`.`user_id`
                FROM
                    `Problems_Forfeited` AS `pf`
                WHERE
                    `pf`.`problem_id` = `p`.`problem_id` AND
                    `pf`.`user_id` = `u`.`user_id`
            )
            AND NOT EXISTS (
                SELECT
                    `a`.`acl_id`
                FROM
                    `ACLs` AS `a`
                WHERE
                    `a`.`acl_id` = `p`.`acl_id` AND
                    `a`.`owner_id` = `u`.`user_id`
            )
        GROUP BY
            `identity_id`
        ORDER BY
            `score` DESC 


2  inefficient tables scan
SELECT
            `i`.`username`,
            `i`.`name`,
            `i`.`country_id`,
            `i`.`state_id`,
            `isc`.`school_id`,
            `i`.`identity_id`,
            `i`.`user_id`,
            COUNT(`p`.`problem_id`) AS `problems_solved_count`,
            SUM(ROUND(100 / LOG(2, `p`.`accepted` + 1) , 0)) AS `score`
        FROM
        (
            SELECT
                `iu`.`user_id`,
                `s`.`problem_id`
            FROM
                `Submissions` AS `s`
            INNER JOIN
                `Identities` AS `iu`
            ON
                `iu`.identity_id = `s`.identity_id
            WHERE
                `s`.verdict = 'AC' AND
                `s`.type = 'normal' AND
                `iu`.user_id IS NOT NULL
            GROUP BY
                `iu`.user_id, `s`.`problem_id`
        ) AS up
        INNER JOIN
            `Users` AS `u` ON `u`.`user_id` = `up`.`user_id`
        INNER JOIN
            `Problems` AS `p`
        ON `p`.`problem_id` = up.`problem_id` AND `p`.visibility > 0
        INNER JOIN
            `Identities` AS `i` ON `i`.`identity_id` = u.`main_identity_id`
        LEFT JOIN
            `Identities_Schools` AS `isc`
        ON
            `isc`.`identity_school_id` = `i`.`current_identity_school_id`
        WHERE
            `u`.`is_private` = 0
            AND NOT EXISTS (
                SELECT
                    `pf`.`problem_id`, `pf`.`user_id`
                FROM
                    `Problems_Forfeited` AS `pf`
                WHERE
                    `pf`.`problem_id` = `p`.`problem_id` AND
                    `pf`.`user_id` = `u`.`user_id`
            )
            AND NOT EXISTS (
                SELECT
                    `a`.`acl_id`
                FROM
                    `ACLs` AS `a`
                WHERE
                    `a`.`acl_id` = `p`.`acl_id` AND
                    `a`.`owner_id` = `u`.`user_id`
            )
        GROUP BY
            `identity_id`
        ORDER BY
            `score` DESC 


2  inefficient tables scan
SELECT
            `i`.`username`,
            `i`.`name`,
            `i`.`country_id`,
            `i`.`state_id`,
            `isc`.`school_id`,
            `i`.`identity_id`,
            `i`.`user_id`,
            COUNT(`p`.`problem_id`) AS `problems_solved_count`,
            SUM(ROUND(100 / LOG(2, `p`.`accepted` + 1) , 0)) AS `score`
        FROM
        (
            SELECT
                `iu`.`user_id`,
                `s`.`problem_id`
            FROM
                `Submissions` AS `s`
            INNER JOIN
                `Identities` AS `iu`
            ON
                `iu`.identity_id = `s`.identity_id
            WHERE
                `s`.verdict = 'AC' AND
                `s`.type = 'normal' AND
                `iu`.user_id IS NOT NULL
            GROUP BY
                `iu`.user_id, `s`.`problem_id`
        ) AS up
        INNER JOIN
            `Users` AS `u` ON `u`.`user_id` = `up`.`user_id`
        INNER JOIN
            `Problems` AS `p`
        ON `p`.`problem_id` = up.`problem_id` AND `p`.visibility > 0
        INNER JOIN
            `Identities` AS `i` ON `i`.`identity_id` = u.`main_identity_id`
        LEFT JOIN
            `Identities_Schools` AS `isc`
        ON
            `isc`.`identity_school_id` = `i`.`current_identity_school_id`
        WHERE
            `u`.`is_private` = 0
            AND NOT EXISTS (
                SELECT
                    `pf`.`problem_id`, `pf`.`user_id`
                FROM
                    `Problems_Forfeited` AS `pf`
                WHERE
                    `pf`.`problem_id` = `p`.`problem_id` AND
                    `pf`.`user_id` = `u`.`user_id`
            )
            AND NOT EXISTS (
                SELECT
                    `a`.`acl_id`
                FROM
                    `ACLs` AS `a`
                WHERE
                    `a`.`acl_id` = `p`.`acl_id` AND
                    `a`.`owner_id` = `u`.`user_id`
            )
        GROUP BY
            `identity_id`
        ORDER BY
            `score` DESC 


2  inefficient tables scan
SELECT
            `i`.`username`,
            `i`.`name`,
            `i`.`country_id`,
            `i`.`state_id`,
            `isc`.`school_id`,
            `i`.`identity_id`,
            `i`.`user_id`,
            COUNT(`p`.`problem_id`) AS `problems_solved_count`,
            SUM(ROUND(100 / LOG(2, `p`.`accepted` + 1) , 0)) AS `score`
        FROM
        (
            SELECT
                `iu`.`user_id`,
                `s`.`problem_id`
            FROM
                `Submissions` AS `s`
            INNER JOIN
                `Identities` AS `iu`
            ON
                `iu`.identity_id = `s`.identity_id
            WHERE
                `s`.verdict = 'AC' AND
                `s`.type = 'normal' AND
                `iu`.user_id IS NOT NULL
            GROUP BY
                `iu`.user_id, `s`.`problem_id`
        ) AS up
        INNER JOIN
            `Users` AS `u` ON `u`.`user_id` = `up`.`user_id`
        INNER JOIN
            `Problems` AS `p`
        ON `p`.`problem_id` = up.`problem_id` AND `p`.visibility > 0
        INNER JOIN
            `Identities` AS `i` ON `i`.`identity_id` = u.`main_identity_id`
        LEFT JOIN
            `Identities_Schools` AS `isc`
        ON
            `isc`.`identity_school_id` = `i`.`current_identity_school_id`
        WHERE
            `u`.`is_private` = 0
            AND NOT EXISTS (
                SELECT
                    `pf`.`problem_id`, `pf`.`user_id`
                FROM
                    `Problems_Forfeited` AS `pf`
                WHERE
                    `pf`.`problem_id` = `p`.`problem_id` AND
                    `pf`.`user_id` = `u`.`user_id`
            )
            AND NOT EXISTS (
                SELECT
                    `a`.`acl_id`
                FROM
                    `ACLs` AS `a`
                WHERE
                    `a`.`acl_id` = `p`.`acl_id` AND
                    `a`.`owner_id` = `u`.`user_id`
            )
        GROUP BY
            `identity_id`
        ORDER BY
            `score` DESC 


141  inefficient queries found
=========================== short test summary info ============================
FAILED stuff/test_mysql_logs.py::test_main - assert False
============================== 1 failed in 47.45s ==============================
