============================= test session starts ==============================
platform linux -- Python 3.10.12, pytest-6.2.5, py-1.11.0, pluggy-1.5.0
rootdir: /opt/omegaup
plugins: timeout-2.1.0, mock-3.14.0, shutil-1.8.1, stub-1.1.0
collected 1 item

stuff/test_mysql_logs.py F                                               [100%]

=================================== FAILURES ===================================
__________________________________ test_main ___________________________________

    def test_main() -> None:
        '''Main function to handle the logic'''
        # Use your credentials
        connection = create_connection(host_name="mysql",
                                       user_name="root",
                                       user_password="omegaup",
                                       db_name="omegaup", )
        if connection:
            queries = get_queries_from_general_log(connection)
            if queries:
>               explain_queries(connection, queries)

stuff/test_mysql_logs.py:140: 
_ _ _ _ _ _ _ _ _ _ _ _ _ _ _ _ _ _ _ _ _ _ _ _ _ _ _ _ _ _ _ _ _ _ _ _ _ _ _ _ 

connection = <mysql.connector.connection_cext.CMySQLConnection object at 0x7feec2ae3460>
queries = [('SELECT CONVERT(argument USING utf8) AS logs\n        FROM mysql.general_log\n        WHERE argument IS NOT NULL\n  ...T DATABASE()',), ('SELECT DATABASE()',), ('SELECT DATABASE()',), ('SELECT COALESCE(MAX(id), 0) FROM `Revision`',), ...]

    def explain_queries(
        connection: mysql.connector.MySQLConnection,
        queries: Iterable[Tuple[Any, ...]]
    ) -> None:
        '''Run explain command on queries'''
        cursor = connection.cursor()
        query_count = 0
        max_inefficient = 0
        for query in queries:
            query_text = query[0]
            try:
                cursor.execute(f"EXPLAIN {query_text}")
                explain_result = cursor.fetchall()
    
                # Get the index of the interest columns
                column_names = [i[0] for i in cursor.description]  # type: ignore
                possible_keys_index = column_names.index('possible_keys')
                type_row_index = column_names.index('type')
                table_row_index = column_names.index('table')
                extra_row_index = column_names.index('Extra')
                check_extra = ['no matching row in const table',
                               'Using index']
                full_table_scan = 'ALL'
                exclude = ['Languages',
                           'general_log',
                           'Roles', 'Groups_',
                           'Tags',
                           'urc']
                inefficient_count = 0
                for row in explain_result:
                    # print(row[table_row_index])
                    if str(row[extra_row_index]) in check_extra:
                        continue
                    if row[type_row_index] != full_table_scan:
                        continue
                    if (row[table_row_index] is None
                        or "<union" in row[table_row_index]
                        or "<derived" in row[table_row_index]
                        or row[table_row_index] in exclude
                        or row[table_row_index].startswith('full_')):
                        continue
                    if (query_text.startswith('DELETE ') and
                        ' WHERE ' not in query_text):
                        continue
                    inefficient_count += 1
                    # print(row[table_row_index][0],' ',type_row_index,' ',
                    # extra_row_index,' ',possible_keys_index)
                    # print(f"Found query with full table scan: {query_text}")
                    # print(query_text.split()[0],
                    #      row[table_row_index],
                    #      row[extra_row_index],
                    #      row[type_row_index],
                    #      row[possible_keys_index])
                if inefficient_count > 0:
                    query_count += 1
                    print(inefficient_count, " inefficient tables scan")
                    print(query_text, "\n\n")
                #if inefficient_count == 1:
                    #print(query_text, "\n\n")
                #if inefficient_count > 2:
                #    max_inefficient += 1
                #    print(query_text, "\n\n")
    
            except Error as e:
                print(f"Failed to explain query: {query_text}")
                print(f"Error: {e}")
        print(query_count, " inefficient queries found")
        #print(max_inefficient, " max inefficient queries")
        #if query_count > 0:
            #pytest.skip(f'{query_count} need fix')
>       assert False
E       assert False

stuff/test_mysql_logs.py:126: AssertionError
----------------------------- Captured stdout call -----------------------------
Connection to MySQL DB successful
Failed to explain query: SELECT COALESCE(MAX(id), 0) FROM `Revision`
Error: 1146 (42S02): Table 'omegaup.Revision' doesn't exist
Failed to explain query: UPDATE
  `User_Roles`
SET
  `contest_id` = 1  
WHERE
  `contest_id` = 0 AND `role_id` IN (1, 4)
Error: 1054 (42S22): Unknown column 'contest_id' in 'where clause'
Failed to explain query: UPDATE
  `Group_Roles`
SET
  `contest_id` = 1  
WHERE
  `contest_id` = 0 AND `role_id` IN (1, 4)
Error: 1054 (42S22): Unknown column 'contest_id' in 'where clause'
Failed to explain query: UPDATE
  `User_Roles`
SET
  `contest_id` = 1  
WHERE
  `contest_id` = 0 AND `role_id` IN (1, 4)
Error: 1054 (42S22): Unknown column 'contest_id' in 'where clause'
Failed to explain query: UPDATE
  `Group_Roles`
SET
  `contest_id` = 1  
WHERE
  `contest_id` = 0 AND `role_id` IN (1, 4)
Error: 1054 (42S22): Unknown column 'contest_id' in 'where clause'
Failed to explain query: DELETE FROM `Contest_User_Request_History`
	WHERE `problemset_id` NOT IN (SELECT `problemset_id` FROM `Problemsets`)
Error: 1146 (42S02): Table 'omegaup.Contest_User_Request_History' doesn't exist
1  inefficient tables scan
UPDATE `Interviews` AS i
	INNER JOIN `Contests` AS c ON c.problemset_id = i.problemset_id
	SET
		i.acl_id = c.acl_id, i.alias = c.alias, i.title = c.title,
		i.description = c.description, i.window_length = c.window_length 


Failed to explain query: DELETE FROM `Contest_User_Request_History`
	WHERE `problemset_id` NOT IN (SELECT `problemset_id` FROM `Problemsets`)
Error: 1146 (42S02): Table 'omegaup.Contest_User_Request_History' doesn't exist
1  inefficient tables scan
UPDATE `Interviews` AS i
	INNER JOIN `Contests` AS c ON c.problemset_id = i.problemset_id
	SET
		i.acl_id = c.acl_id, i.alias = c.alias, i.title = c.title,
		i.description = c.description, i.window_length = c.window_length 


1  inefficient tables scan
UPDATE
  `Assignments` AS `a`
INNER JOIN
  `Courses` AS `c` ON `a`.`course_id` = `c`.`course_id`
SET
  `a`.`acl_id` = `c`.`acl_id` 


1  inefficient tables scan
UPDATE
  `Problemsets` AS `ps`
INNER JOIN
  `Assignments` AS `a` ON `ps`.`problemset_id` = `a`.`problemset_id`
SET
  `ps`.`acl_id` = `a`.`acl_id` 


1  inefficient tables scan
UPDATE
  `Problemsets` AS `ps`
INNER JOIN
  `Contests` AS `c` ON `ps`.`problemset_id` = `c`.`problemset_id`
SET
  `ps`.`acl_id` = `c`.`acl_id` 


1  inefficient tables scan
UPDATE
  `Problemsets` AS `ps`
INNER JOIN
  `Interviews` AS `i` ON `ps`.`problemset_id` = `i`.`problemset_id`
SET
  `ps`.`acl_id` = `i`.`acl_id` 


1  inefficient tables scan
UPDATE
  `Assignments` AS `a`
INNER JOIN
  `Courses` AS `c` ON `a`.`course_id` = `c`.`course_id`
SET
  `a`.`acl_id` = `c`.`acl_id` 


1  inefficient tables scan
UPDATE
  `Problemsets` AS `ps`
INNER JOIN
  `Assignments` AS `a` ON `ps`.`problemset_id` = `a`.`problemset_id`
SET
  `ps`.`acl_id` = `a`.`acl_id` 


1  inefficient tables scan
UPDATE
  `Problemsets` AS `ps`
INNER JOIN
  `Contests` AS `c` ON `ps`.`problemset_id` = `c`.`problemset_id`
SET
  `ps`.`acl_id` = `c`.`acl_id` 


1  inefficient tables scan
UPDATE
  `Problemsets` AS `ps`
INNER JOIN
  `Interviews` AS `i` ON `ps`.`problemset_id` = `i`.`problemset_id`
SET
  `ps`.`acl_id` = `i`.`acl_id` 


Failed to explain query: UPDATE `States` SET `state_code` = 'AGU', `name` = 'Aguascalientes' WHERE `country_id` = 'MX' AND `state_code` = 'AG'
Error: 1054 (42S22): Unknown column 'state_code' in 'where clause'
Failed to explain query: UPDATE `States` SET `state_code` = 'BCN', `name` = 'Baja California' WHERE `country_id` = 'MX' AND `state_code` = 'BN'
Error: 1054 (42S22): Unknown column 'state_code' in 'where clause'
Failed to explain query: UPDATE `States` SET `state_code` = 'BCS', `name` = 'Baja California Sur' WHERE `country_id` = 'MX' AND `state_code` = 'BS'
Error: 1054 (42S22): Unknown column 'state_code' in 'where clause'
Failed to explain query: UPDATE `States` SET `state_code` = 'CAM', `name` = 'Campeche' WHERE `country_id` = 'MX' AND `state_code` = 'CM'
Error: 1054 (42S22): Unknown column 'state_code' in 'where clause'
Failed to explain query: UPDATE `States` SET `state_code` = 'CHH', `name` = 'Chihuahua' WHERE `country_id` = 'MX' AND `state_code` = 'CH'
Error: 1054 (42S22): Unknown column 'state_code' in 'where clause'
Failed to explain query: UPDATE `States` SET `state_code` = 'CHP', `name` = 'Chiapas' WHERE `country_id` = 'MX' AND `state_code` = 'CP'
Error: 1054 (42S22): Unknown column 'state_code' in 'where clause'
Failed to explain query: UPDATE `States` SET `state_code` = 'COA', `name` = 'Coahuila de Zaragoza' WHERE `country_id` = 'MX' AND `state_code` = 'CA'
Error: 1054 (42S22): Unknown column 'state_code' in 'where clause'
Failed to explain query: UPDATE `States` SET `state_code` = 'COL', `name` = 'Colima' WHERE `country_id` = 'MX' AND `state_code` = 'CL'
Error: 1054 (42S22): Unknown column 'state_code' in 'where clause'
Failed to explain query: UPDATE `States` SET `state_code` = 'CMX', `name` = 'Ciudad de México' WHERE `country_id` = 'MX' AND `state_code` = 'DF'
Error: 1054 (42S22): Unknown column 'state_code' in 'where clause'
Failed to explain query: UPDATE `States` SET `state_code` = 'DUR', `name` = 'Durango' WHERE `country_id` = 'MX' AND `state_code` = 'DU'
Error: 1054 (42S22): Unknown column 'state_code' in 'where clause'
Failed to explain query: UPDATE `States` SET `state_code` = 'GRO', `name` = 'Guerrero' WHERE `country_id` = 'MX' AND `state_code` = 'GR'
Error: 1054 (42S22): Unknown column 'state_code' in 'where clause'
Failed to explain query: UPDATE `States` SET `state_code` = 'GUA', `name` = 'Guanajuato' WHERE `country_id` = 'MX' AND `state_code` = 'GJ'
Error: 1054 (42S22): Unknown column 'state_code' in 'where clause'
Failed to explain query: UPDATE `States` SET `state_code` = 'HID', `name` = 'Hidalgo' WHERE `country_id` = 'MX' AND `state_code` = 'HI'
Error: 1054 (42S22): Unknown column 'state_code' in 'where clause'
Failed to explain query: UPDATE `States` SET `state_code` = 'JAL', `name` = 'Jalisco' WHERE `country_id` = 'MX' AND `state_code` = 'JA'
Error: 1054 (42S22): Unknown column 'state_code' in 'where clause'
Failed to explain query: UPDATE `States` SET `state_code` = 'MEX', `name` = 'México' WHERE `country_id` = 'MX' AND `state_code` = 'MX'
Error: 1054 (42S22): Unknown column 'state_code' in 'where clause'
Failed to explain query: UPDATE `States` SET `state_code` = 'MIC', `name` = 'Michoacán de Ocampo' WHERE `country_id` = 'MX' AND `state_code` = 'MC'
Error: 1054 (42S22): Unknown column 'state_code' in 'where clause'
Failed to explain query: UPDATE `States` SET `state_code` = 'MOR', `name` = 'Morelos' WHERE `country_id` = 'MX' AND `state_code` = 'MR'
Error: 1054 (42S22): Unknown column 'state_code' in 'where clause'
Failed to explain query: UPDATE `States` SET `state_code` = 'NAY', `name` = 'Nayarit' WHERE `country_id` = 'MX' AND `state_code` = 'NA'
Error: 1054 (42S22): Unknown column 'state_code' in 'where clause'
Failed to explain query: UPDATE `States` SET `state_code` = 'NLE', `name` = 'Nuevo León' WHERE `country_id` = 'MX' AND `state_code` = 'NL'
Error: 1054 (42S22): Unknown column 'state_code' in 'where clause'
Failed to explain query: UPDATE `States` SET `state_code` = 'OAX', `name` = 'Oaxaca' WHERE `country_id` = 'MX' AND `state_code` = 'OA'
Error: 1054 (42S22): Unknown column 'state_code' in 'where clause'
Failed to explain query: UPDATE `States` SET `state_code` = 'PUE', `name` = 'Puebla' WHERE `country_id` = 'MX' AND `state_code` = 'PU'
Error: 1054 (42S22): Unknown column 'state_code' in 'where clause'
Failed to explain query: UPDATE `States` SET `state_code` = 'QUE', `name` = 'Querétaro' WHERE `country_id` = 'MX' AND `state_code` = 'QE'
Error: 1054 (42S22): Unknown column 'state_code' in 'where clause'
Failed to explain query: UPDATE `States` SET `state_code` = 'ROO', `name` = 'Quintana Roo' WHERE `country_id` = 'MX' AND `state_code` = 'QR'
Error: 1054 (42S22): Unknown column 'state_code' in 'where clause'
Failed to explain query: UPDATE `States` SET `state_code` = 'SIN', `name` = 'Sinaloa' WHERE `country_id` = 'MX' AND `state_code` = 'SI'
Error: 1054 (42S22): Unknown column 'state_code' in 'where clause'
Failed to explain query: UPDATE `States` SET `state_code` = 'SLP', `name` = 'San Luis Potosí' WHERE `country_id` = 'MX' AND `state_code` = 'SL'
Error: 1054 (42S22): Unknown column 'state_code' in 'where clause'
Failed to explain query: UPDATE `States` SET `state_code` = 'SON', `name` = 'Sonora' WHERE `country_id` = 'MX' AND `state_code` = 'SO'
Error: 1054 (42S22): Unknown column 'state_code' in 'where clause'
Failed to explain query: UPDATE `States` SET `state_code` = 'TAB', `name` = 'Tabasco' WHERE `country_id` = 'MX' AND `state_code` = 'TB'
Error: 1054 (42S22): Unknown column 'state_code' in 'where clause'
Failed to explain query: UPDATE `States` SET `state_code` = 'TAM', `name` = 'Tamaulipas' WHERE `country_id` = 'MX' AND `state_code` = 'TM'
Error: 1054 (42S22): Unknown column 'state_code' in 'where clause'
Failed to explain query: UPDATE `States` SET `state_code` = 'TLA', `name` = 'Tlaxcala' WHERE `country_id` = 'MX' AND `state_code` = 'TL'
Error: 1054 (42S22): Unknown column 'state_code' in 'where clause'
Failed to explain query: UPDATE `States` SET `state_code` = 'VER', `name` = 'Veracruz de Ignacio de la Llave' WHERE `country_id` = 'MX' AND `state_code` = 'VE'
Error: 1054 (42S22): Unknown column 'state_code' in 'where clause'
Failed to explain query: UPDATE `States` SET `state_code` = 'YUC', `name` = 'Yucatán' WHERE `country_id` = 'MX' AND `state_code` = 'YU'
Error: 1054 (42S22): Unknown column 'state_code' in 'where clause'
Failed to explain query: UPDATE `States` SET `state_code` = 'ZAC', `name` = 'Zacatecas' WHERE `country_id` = 'MX' AND `state_code` = 'ZA'
Error: 1054 (42S22): Unknown column 'state_code' in 'where clause'
Failed to explain query: UPDATE `States` SET `state_code` = 'AMA', `name` = 'Amarumayu' WHERE `country_id` = 'PE' AND `state_code` = 'AM'
Error: 1054 (42S22): Unknown column 'state_code' in 'where clause'
Failed to explain query: UPDATE `States` SET `state_code` = 'ANC', `name` = 'Ancash' WHERE `country_id` = 'PE' AND `state_code` = 'AN'
Error: 1054 (42S22): Unknown column 'state_code' in 'where clause'
Failed to explain query: UPDATE `States` SET `state_code` = 'APU', `name` = 'Apurímac' WHERE `country_id` = 'PE' AND `state_code` = 'AP'
Error: 1054 (42S22): Unknown column 'state_code' in 'where clause'
Failed to explain query: UPDATE `States` SET `state_code` = 'ARE', `name` = 'Arequipa' WHERE `country_id` = 'PE' AND `state_code` = 'AR'
Error: 1054 (42S22): Unknown column 'state_code' in 'where clause'
Failed to explain query: UPDATE `States` SET `state_code` = 'AYA', `name` = 'Ayacucho' WHERE `country_id` = 'PE' AND `state_code` = 'AY'
Error: 1054 (42S22): Unknown column 'state_code' in 'where clause'
Failed to explain query: UPDATE `States` SET `state_code` = 'CAJ', `name` = 'Cajamarca' WHERE `country_id` = 'PE' AND `state_code` = 'CJ'
Error: 1054 (42S22): Unknown column 'state_code' in 'where clause'
Failed to explain query: UPDATE `States` SET `state_code` = 'CAL', `name` = 'El Callao' WHERE `country_id` = 'PE' AND `state_code` = 'CL'
Error: 1054 (42S22): Unknown column 'state_code' in 'where clause'
Failed to explain query: UPDATE `States` SET `state_code` = 'CUS', `name` = 'Cusco' WHERE `country_id` = 'PE' AND `state_code` = 'CS'
Error: 1054 (42S22): Unknown column 'state_code' in 'where clause'
Failed to explain query: UPDATE `States` SET `state_code` = 'HUC', `name` = 'Huánuco' WHERE `country_id` = 'PE' AND `state_code` = 'HU'
Error: 1054 (42S22): Unknown column 'state_code' in 'where clause'
Failed to explain query: UPDATE `States` SET `state_code` = 'HUV', `name` = 'Huancavelica' WHERE `country_id` = 'PE' AND `state_code` = 'HC'
Error: 1054 (42S22): Unknown column 'state_code' in 'where clause'
Failed to explain query: UPDATE `States` SET `state_code` = 'ICA', `name` = 'Ica' WHERE `country_id` = 'PE' AND `state_code` = 'IC'
Error: 1054 (42S22): Unknown column 'state_code' in 'where clause'
Failed to explain query: UPDATE `States` SET `state_code` = 'JUN', `name` = 'Hunin' WHERE `country_id` = 'PE' AND `state_code` = 'JU'
Error: 1054 (42S22): Unknown column 'state_code' in 'where clause'
Failed to explain query: UPDATE `States` SET `state_code` = 'LAL', `name` = 'La Libertad' WHERE `country_id` = 'PE' AND `state_code` = 'LL'
Error: 1054 (42S22): Unknown column 'state_code' in 'where clause'
Failed to explain query: UPDATE `States` SET `state_code` = 'LAM', `name` = 'Lambayeque' WHERE `country_id` = 'PE' AND `state_code` = 'LY'
Error: 1054 (42S22): Unknown column 'state_code' in 'where clause'
Failed to explain query: UPDATE `States` SET `state_code` = 'LIM', `name` = 'Lima' WHERE `country_id` = 'PE' AND `state_code` = 'LD'
Error: 1054 (42S22): Unknown column 'state_code' in 'where clause'
Failed to explain query: UPDATE `States` SET `state_code` = 'LMA', `name` = 'Lima hatun llaqta' WHERE `country_id` = 'PE' AND `state_code` = 'LM'
Error: 1054 (42S22): Unknown column 'state_code' in 'where clause'
Failed to explain query: UPDATE `States` SET `state_code` = 'LOR', `name` = 'Loreto' WHERE `country_id` = 'PE' AND `state_code` = 'LO'
Error: 1054 (42S22): Unknown column 'state_code' in 'where clause'
Failed to explain query: UPDATE `States` SET `state_code` = 'MDD', `name` = 'Madre de Dios' WHERE `country_id` = 'PE' AND `state_code` = 'MA'
Error: 1054 (42S22): Unknown column 'state_code' in 'where clause'
Failed to explain query: UPDATE `States` SET `state_code` = 'MOQ', `name` = 'Moquegua' WHERE `country_id` = 'PE' AND `state_code` = 'MO'
Error: 1054 (42S22): Unknown column 'state_code' in 'where clause'
Failed to explain query: UPDATE `States` SET `state_code` = 'PAS', `name` = 'Pasco' WHERE `country_id` = 'PE' AND `state_code` = 'PA'
Error: 1054 (42S22): Unknown column 'state_code' in 'where clause'
Failed to explain query: UPDATE `States` SET `state_code` = 'PIU', `name` = 'Piura' WHERE `country_id` = 'PE' AND `state_code` = 'PI'
Error: 1054 (42S22): Unknown column 'state_code' in 'where clause'
Failed to explain query: UPDATE `States` SET `state_code` = 'PUN', `name` = 'Puno' WHERE `country_id` = 'PE' AND `state_code` = 'PU'
Error: 1054 (42S22): Unknown column 'state_code' in 'where clause'
Failed to explain query: UPDATE `States` SET `state_code` = 'SAM', `name` = 'San Martin' WHERE `country_id` = 'PE' AND `state_code` = 'SA'
Error: 1054 (42S22): Unknown column 'state_code' in 'where clause'
Failed to explain query: UPDATE `States` SET `state_code` = 'TAC', `name` = 'Tacna' WHERE `country_id` = 'PE' AND `state_code` = 'TA'
Error: 1054 (42S22): Unknown column 'state_code' in 'where clause'
Failed to explain query: UPDATE `States` SET `state_code` = 'TUM', `name` = 'Tumbes' WHERE `country_id` = 'PE' AND `state_code` = 'TU'
Error: 1054 (42S22): Unknown column 'state_code' in 'where clause'
Failed to explain query: UPDATE `States` SET `state_code` = 'UCA', `name` = 'Ucayali' WHERE `country_id` = 'PE' AND `state_code` = 'UC'
Error: 1054 (42S22): Unknown column 'state_code' in 'where clause'
Failed to explain query: UPDATE `Users` SET `state_id` = 84 WHERE `state_id` = 1 AND `country_id` = 'PE'
Error: 1054 (42S22): Unknown column 'state_id' in 'where clause'
Failed to explain query: UPDATE `Users` SET `state_id` = 85 WHERE `state_id` = 2 AND `country_id` = 'PE'
Error: 1054 (42S22): Unknown column 'state_id' in 'where clause'
Failed to explain query: UPDATE `Users` SET `state_id` = 86 WHERE `state_id` = 3 AND `country_id` = 'PE'
Error: 1054 (42S22): Unknown column 'state_id' in 'where clause'
Failed to explain query: UPDATE `Users` SET `state_id` = 87 WHERE `state_id` = 4 AND `country_id` = 'PE'
Error: 1054 (42S22): Unknown column 'state_id' in 'where clause'
Failed to explain query: UPDATE `Users` SET `state_id` = 88 WHERE `state_id` = 5 AND `country_id` = 'PE'
Error: 1054 (42S22): Unknown column 'state_id' in 'where clause'
Failed to explain query: UPDATE `Users` SET `state_id` = 89 WHERE `state_id` = 6 AND `country_id` = 'PE'
Error: 1054 (42S22): Unknown column 'state_id' in 'where clause'
Failed to explain query: UPDATE `Users` SET `state_id` = 90 WHERE `state_id` = 7 AND `country_id` = 'PE'
Error: 1054 (42S22): Unknown column 'state_id' in 'where clause'
Failed to explain query: UPDATE `Users` SET `state_id` = 91 WHERE `state_id` = 8 AND `country_id` = 'PE'
Error: 1054 (42S22): Unknown column 'state_id' in 'where clause'
Failed to explain query: UPDATE `Users` SET `state_id` = 92 WHERE `state_id` = 9 AND `country_id` = 'PE'
Error: 1054 (42S22): Unknown column 'state_id' in 'where clause'
Failed to explain query: UPDATE `Users` SET `state_id` = 93 WHERE `state_id` = 10 AND `country_id` = 'PE'
Error: 1054 (42S22): Unknown column 'state_id' in 'where clause'
Failed to explain query: UPDATE `Users` SET `state_id` = 94 WHERE `state_id` = 11 AND `country_id` = 'PE'
Error: 1054 (42S22): Unknown column 'state_id' in 'where clause'
Failed to explain query: UPDATE `Users` SET `state_id` = 95 WHERE `state_id` = 12 AND `country_id` = 'PE'
Error: 1054 (42S22): Unknown column 'state_id' in 'where clause'
Failed to explain query: UPDATE `Users` SET `state_id` = 96 WHERE `state_id` = 13 AND `country_id` = 'PE'
Error: 1054 (42S22): Unknown column 'state_id' in 'where clause'
Failed to explain query: UPDATE `Users` SET `state_id` = 97 WHERE `state_id` = 14 AND `country_id` = 'PE'
Error: 1054 (42S22): Unknown column 'state_id' in 'where clause'
Failed to explain query: UPDATE `Users` SET `state_id` = 98 WHERE `state_id` = 15 AND `country_id` = 'PE'
Error: 1054 (42S22): Unknown column 'state_id' in 'where clause'
Failed to explain query: UPDATE `Users` SET `state_id` = 99 WHERE `state_id` = 16 AND `country_id` = 'PE'
Error: 1054 (42S22): Unknown column 'state_id' in 'where clause'
Failed to explain query: UPDATE `Users` SET `state_id` = 100 WHERE `state_id` = 17 AND `country_id` = 'PE'
Error: 1054 (42S22): Unknown column 'state_id' in 'where clause'
Failed to explain query: UPDATE `Users` SET `state_id` = 101 WHERE `state_id` = 18 AND `country_id` = 'PE'
Error: 1054 (42S22): Unknown column 'state_id' in 'where clause'
Failed to explain query: UPDATE `Users` SET `state_id` = 102 WHERE `state_id` = 19 AND `country_id` = 'PE'
Error: 1054 (42S22): Unknown column 'state_id' in 'where clause'
Failed to explain query: UPDATE `Users` SET `state_id` = 103 WHERE `state_id` = 20 AND `country_id` = 'PE'
Error: 1054 (42S22): Unknown column 'state_id' in 'where clause'
Failed to explain query: UPDATE `Users` SET `state_id` = 104 WHERE `state_id` = 21 AND `country_id` = 'PE'
Error: 1054 (42S22): Unknown column 'state_id' in 'where clause'
Failed to explain query: UPDATE `Users` SET `state_id` = 105 WHERE `state_id` = 22 AND `country_id` = 'PE'
Error: 1054 (42S22): Unknown column 'state_id' in 'where clause'
Failed to explain query: UPDATE `Users` SET `state_id` = 106 WHERE `state_id` = 23 AND `country_id` = 'PE'
Error: 1054 (42S22): Unknown column 'state_id' in 'where clause'
Failed to explain query: UPDATE `Users` SET `state_id` = 107 WHERE `state_id` = 24 AND `country_id` = 'PE'
Error: 1054 (42S22): Unknown column 'state_id' in 'where clause'
Failed to explain query: UPDATE `Users` SET `state_id` = 108 WHERE `state_id` = 25 AND `country_id` = 'PE'
Error: 1054 (42S22): Unknown column 'state_id' in 'where clause'
Failed to explain query: UPDATE `Users` SET `state_id` = 109 WHERE `state_id` = 26 AND `country_id` = 'PE'
Error: 1054 (42S22): Unknown column 'state_id' in 'where clause'
Failed to explain query: UPDATE `Schools` sc
LEFT JOIN `States` st
  ON st.`state_id` = sc.`state_id`
SET
  sc.`country_id` = st.`country_id`, sc.`state_code` = st.`state_code`
Error: 1054 (42S22): Unknown column 'sc.state_code' in 'field list'
Failed to explain query: UPDATE `Users` u
LEFT JOIN `States` st
  ON st.`state_id` = u.`state_id`
SET
  u.`country_id` = st.`country_id`, u.`state_code` = st.`state_code`
Error: 1054 (42S22): Unknown column 'u.state_id' in 'on clause'
Failed to explain query: UPDATE `States` SET `state_code` = 'AGU', `name` = 'Aguascalientes' WHERE `country_id` = 'MX' AND `state_code` = 'AG'
Error: 1054 (42S22): Unknown column 'state_code' in 'where clause'
Failed to explain query: UPDATE `States` SET `state_code` = 'BCN', `name` = 'Baja California' WHERE `country_id` = 'MX' AND `state_code` = 'BN'
Error: 1054 (42S22): Unknown column 'state_code' in 'where clause'
Failed to explain query: UPDATE `States` SET `state_code` = 'BCS', `name` = 'Baja California Sur' WHERE `country_id` = 'MX' AND `state_code` = 'BS'
Error: 1054 (42S22): Unknown column 'state_code' in 'where clause'
Failed to explain query: UPDATE `States` SET `state_code` = 'CAM', `name` = 'Campeche' WHERE `country_id` = 'MX' AND `state_code` = 'CM'
Error: 1054 (42S22): Unknown column 'state_code' in 'where clause'
Failed to explain query: UPDATE `States` SET `state_code` = 'CHH', `name` = 'Chihuahua' WHERE `country_id` = 'MX' AND `state_code` = 'CH'
Error: 1054 (42S22): Unknown column 'state_code' in 'where clause'
Failed to explain query: UPDATE `States` SET `state_code` = 'CHP', `name` = 'Chiapas' WHERE `country_id` = 'MX' AND `state_code` = 'CP'
Error: 1054 (42S22): Unknown column 'state_code' in 'where clause'
Failed to explain query: UPDATE `States` SET `state_code` = 'COA', `name` = 'Coahuila de Zaragoza' WHERE `country_id` = 'MX' AND `state_code` = 'CA'
Error: 1054 (42S22): Unknown column 'state_code' in 'where clause'
Failed to explain query: UPDATE `States` SET `state_code` = 'COL', `name` = 'Colima' WHERE `country_id` = 'MX' AND `state_code` = 'CL'
Error: 1054 (42S22): Unknown column 'state_code' in 'where clause'
Failed to explain query: UPDATE `States` SET `state_code` = 'CMX', `name` = 'Ciudad de México' WHERE `country_id` = 'MX' AND `state_code` = 'DF'
Error: 1054 (42S22): Unknown column 'state_code' in 'where clause'
Failed to explain query: UPDATE `States` SET `state_code` = 'DUR', `name` = 'Durango' WHERE `country_id` = 'MX' AND `state_code` = 'DU'
Error: 1054 (42S22): Unknown column 'state_code' in 'where clause'
Failed to explain query: UPDATE `States` SET `state_code` = 'GRO', `name` = 'Guerrero' WHERE `country_id` = 'MX' AND `state_code` = 'GR'
Error: 1054 (42S22): Unknown column 'state_code' in 'where clause'
Failed to explain query: UPDATE `States` SET `state_code` = 'GUA', `name` = 'Guanajuato' WHERE `country_id` = 'MX' AND `state_code` = 'GJ'
Error: 1054 (42S22): Unknown column 'state_code' in 'where clause'
Failed to explain query: UPDATE `States` SET `state_code` = 'HID', `name` = 'Hidalgo' WHERE `country_id` = 'MX' AND `state_code` = 'HI'
Error: 1054 (42S22): Unknown column 'state_code' in 'where clause'
Failed to explain query: UPDATE `States` SET `state_code` = 'JAL', `name` = 'Jalisco' WHERE `country_id` = 'MX' AND `state_code` = 'JA'
Error: 1054 (42S22): Unknown column 'state_code' in 'where clause'
Failed to explain query: UPDATE `States` SET `state_code` = 'MEX', `name` = 'México' WHERE `country_id` = 'MX' AND `state_code` = 'MX'
Error: 1054 (42S22): Unknown column 'state_code' in 'where clause'
Failed to explain query: UPDATE `States` SET `state_code` = 'MIC', `name` = 'Michoacán de Ocampo' WHERE `country_id` = 'MX' AND `state_code` = 'MC'
Error: 1054 (42S22): Unknown column 'state_code' in 'where clause'
Failed to explain query: UPDATE `States` SET `state_code` = 'MOR', `name` = 'Morelos' WHERE `country_id` = 'MX' AND `state_code` = 'MR'
Error: 1054 (42S22): Unknown column 'state_code' in 'where clause'
Failed to explain query: UPDATE `States` SET `state_code` = 'NAY', `name` = 'Nayarit' WHERE `country_id` = 'MX' AND `state_code` = 'NA'
Error: 1054 (42S22): Unknown column 'state_code' in 'where clause'
Failed to explain query: UPDATE `States` SET `state_code` = 'NLE', `name` = 'Nuevo León' WHERE `country_id` = 'MX' AND `state_code` = 'NL'
Error: 1054 (42S22): Unknown column 'state_code' in 'where clause'
Failed to explain query: UPDATE `States` SET `state_code` = 'OAX', `name` = 'Oaxaca' WHERE `country_id` = 'MX' AND `state_code` = 'OA'
Error: 1054 (42S22): Unknown column 'state_code' in 'where clause'
Failed to explain query: UPDATE `States` SET `state_code` = 'PUE', `name` = 'Puebla' WHERE `country_id` = 'MX' AND `state_code` = 'PU'
Error: 1054 (42S22): Unknown column 'state_code' in 'where clause'
Failed to explain query: UPDATE `States` SET `state_code` = 'QUE', `name` = 'Querétaro' WHERE `country_id` = 'MX' AND `state_code` = 'QE'
Error: 1054 (42S22): Unknown column 'state_code' in 'where clause'
Failed to explain query: UPDATE `States` SET `state_code` = 'ROO', `name` = 'Quintana Roo' WHERE `country_id` = 'MX' AND `state_code` = 'QR'
Error: 1054 (42S22): Unknown column 'state_code' in 'where clause'
Failed to explain query: UPDATE `States` SET `state_code` = 'SIN', `name` = 'Sinaloa' WHERE `country_id` = 'MX' AND `state_code` = 'SI'
Error: 1054 (42S22): Unknown column 'state_code' in 'where clause'
Failed to explain query: UPDATE `States` SET `state_code` = 'SLP', `name` = 'San Luis Potosí' WHERE `country_id` = 'MX' AND `state_code` = 'SL'
Error: 1054 (42S22): Unknown column 'state_code' in 'where clause'
Failed to explain query: UPDATE `States` SET `state_code` = 'SON', `name` = 'Sonora' WHERE `country_id` = 'MX' AND `state_code` = 'SO'
Error: 1054 (42S22): Unknown column 'state_code' in 'where clause'
Failed to explain query: UPDATE `States` SET `state_code` = 'TAB', `name` = 'Tabasco' WHERE `country_id` = 'MX' AND `state_code` = 'TB'
Error: 1054 (42S22): Unknown column 'state_code' in 'where clause'
Failed to explain query: UPDATE `States` SET `state_code` = 'TAM', `name` = 'Tamaulipas' WHERE `country_id` = 'MX' AND `state_code` = 'TM'
Error: 1054 (42S22): Unknown column 'state_code' in 'where clause'
Failed to explain query: UPDATE `States` SET `state_code` = 'TLA', `name` = 'Tlaxcala' WHERE `country_id` = 'MX' AND `state_code` = 'TL'
Error: 1054 (42S22): Unknown column 'state_code' in 'where clause'
Failed to explain query: UPDATE `States` SET `state_code` = 'VER', `name` = 'Veracruz de Ignacio de la Llave' WHERE `country_id` = 'MX' AND `state_code` = 'VE'
Error: 1054 (42S22): Unknown column 'state_code' in 'where clause'
Failed to explain query: UPDATE `States` SET `state_code` = 'YUC', `name` = 'Yucatán' WHERE `country_id` = 'MX' AND `state_code` = 'YU'
Error: 1054 (42S22): Unknown column 'state_code' in 'where clause'
Failed to explain query: UPDATE `States` SET `state_code` = 'ZAC', `name` = 'Zacatecas' WHERE `country_id` = 'MX' AND `state_code` = 'ZA'
Error: 1054 (42S22): Unknown column 'state_code' in 'where clause'
Failed to explain query: UPDATE `States` SET `state_code` = 'AMA', `name` = 'Amarumayu' WHERE `country_id` = 'PE' AND `state_code` = 'AM'
Error: 1054 (42S22): Unknown column 'state_code' in 'where clause'
Failed to explain query: UPDATE `States` SET `state_code` = 'ANC', `name` = 'Ancash' WHERE `country_id` = 'PE' AND `state_code` = 'AN'
Error: 1054 (42S22): Unknown column 'state_code' in 'where clause'
Failed to explain query: UPDATE `States` SET `state_code` = 'APU', `name` = 'Apurímac' WHERE `country_id` = 'PE' AND `state_code` = 'AP'
Error: 1054 (42S22): Unknown column 'state_code' in 'where clause'
Failed to explain query: UPDATE `States` SET `state_code` = 'ARE', `name` = 'Arequipa' WHERE `country_id` = 'PE' AND `state_code` = 'AR'
Error: 1054 (42S22): Unknown column 'state_code' in 'where clause'
Failed to explain query: UPDATE `States` SET `state_code` = 'AYA', `name` = 'Ayacucho' WHERE `country_id` = 'PE' AND `state_code` = 'AY'
Error: 1054 (42S22): Unknown column 'state_code' in 'where clause'
Failed to explain query: UPDATE `States` SET `state_code` = 'CAJ', `name` = 'Cajamarca' WHERE `country_id` = 'PE' AND `state_code` = 'CJ'
Error: 1054 (42S22): Unknown column 'state_code' in 'where clause'
Failed to explain query: UPDATE `States` SET `state_code` = 'CAL', `name` = 'El Callao' WHERE `country_id` = 'PE' AND `state_code` = 'CL'
Error: 1054 (42S22): Unknown column 'state_code' in 'where clause'
Failed to explain query: UPDATE `States` SET `state_code` = 'CUS', `name` = 'Cusco' WHERE `country_id` = 'PE' AND `state_code` = 'CS'
Error: 1054 (42S22): Unknown column 'state_code' in 'where clause'
Failed to explain query: UPDATE `States` SET `state_code` = 'HUC', `name` = 'Huánuco' WHERE `country_id` = 'PE' AND `state_code` = 'HU'
Error: 1054 (42S22): Unknown column 'state_code' in 'where clause'
Failed to explain query: UPDATE `States` SET `state_code` = 'HUV', `name` = 'Huancavelica' WHERE `country_id` = 'PE' AND `state_code` = 'HC'
Error: 1054 (42S22): Unknown column 'state_code' in 'where clause'
Failed to explain query: UPDATE `States` SET `state_code` = 'ICA', `name` = 'Ica' WHERE `country_id` = 'PE' AND `state_code` = 'IC'
Error: 1054 (42S22): Unknown column 'state_code' in 'where clause'
Failed to explain query: UPDATE `States` SET `state_code` = 'JUN', `name` = 'Hunin' WHERE `country_id` = 'PE' AND `state_code` = 'JU'
Error: 1054 (42S22): Unknown column 'state_code' in 'where clause'
Failed to explain query: UPDATE `States` SET `state_code` = 'LAL', `name` = 'La Libertad' WHERE `country_id` = 'PE' AND `state_code` = 'LL'
Error: 1054 (42S22): Unknown column 'state_code' in 'where clause'
Failed to explain query: UPDATE `States` SET `state_code` = 'LAM', `name` = 'Lambayeque' WHERE `country_id` = 'PE' AND `state_code` = 'LY'
Error: 1054 (42S22): Unknown column 'state_code' in 'where clause'
Failed to explain query: UPDATE `States` SET `state_code` = 'LIM', `name` = 'Lima' WHERE `country_id` = 'PE' AND `state_code` = 'LD'
Error: 1054 (42S22): Unknown column 'state_code' in 'where clause'
Failed to explain query: UPDATE `States` SET `state_code` = 'LMA', `name` = 'Lima hatun llaqta' WHERE `country_id` = 'PE' AND `state_code` = 'LM'
Error: 1054 (42S22): Unknown column 'state_code' in 'where clause'
Failed to explain query: UPDATE `States` SET `state_code` = 'LOR', `name` = 'Loreto' WHERE `country_id` = 'PE' AND `state_code` = 'LO'
Error: 1054 (42S22): Unknown column 'state_code' in 'where clause'
Failed to explain query: UPDATE `States` SET `state_code` = 'MDD', `name` = 'Madre de Dios' WHERE `country_id` = 'PE' AND `state_code` = 'MA'
Error: 1054 (42S22): Unknown column 'state_code' in 'where clause'
Failed to explain query: UPDATE `States` SET `state_code` = 'MOQ', `name` = 'Moquegua' WHERE `country_id` = 'PE' AND `state_code` = 'MO'
Error: 1054 (42S22): Unknown column 'state_code' in 'where clause'
Failed to explain query: UPDATE `States` SET `state_code` = 'PAS', `name` = 'Pasco' WHERE `country_id` = 'PE' AND `state_code` = 'PA'
Error: 1054 (42S22): Unknown column 'state_code' in 'where clause'
Failed to explain query: UPDATE `States` SET `state_code` = 'PIU', `name` = 'Piura' WHERE `country_id` = 'PE' AND `state_code` = 'PI'
Error: 1054 (42S22): Unknown column 'state_code' in 'where clause'
Failed to explain query: UPDATE `States` SET `state_code` = 'PUN', `name` = 'Puno' WHERE `country_id` = 'PE' AND `state_code` = 'PU'
Error: 1054 (42S22): Unknown column 'state_code' in 'where clause'
Failed to explain query: UPDATE `States` SET `state_code` = 'SAM', `name` = 'San Martin' WHERE `country_id` = 'PE' AND `state_code` = 'SA'
Error: 1054 (42S22): Unknown column 'state_code' in 'where clause'
Failed to explain query: UPDATE `States` SET `state_code` = 'TAC', `name` = 'Tacna' WHERE `country_id` = 'PE' AND `state_code` = 'TA'
Error: 1054 (42S22): Unknown column 'state_code' in 'where clause'
Failed to explain query: UPDATE `States` SET `state_code` = 'TUM', `name` = 'Tumbes' WHERE `country_id` = 'PE' AND `state_code` = 'TU'
Error: 1054 (42S22): Unknown column 'state_code' in 'where clause'
Failed to explain query: UPDATE `States` SET `state_code` = 'UCA', `name` = 'Ucayali' WHERE `country_id` = 'PE' AND `state_code` = 'UC'
Error: 1054 (42S22): Unknown column 'state_code' in 'where clause'
Failed to explain query: UPDATE `Users` SET `state_id` = 84 WHERE `state_id` = 1 AND `country_id` = 'PE'
Error: 1054 (42S22): Unknown column 'state_id' in 'where clause'
Failed to explain query: UPDATE `Users` SET `state_id` = 85 WHERE `state_id` = 2 AND `country_id` = 'PE'
Error: 1054 (42S22): Unknown column 'state_id' in 'where clause'
Failed to explain query: UPDATE `Users` SET `state_id` = 86 WHERE `state_id` = 3 AND `country_id` = 'PE'
Error: 1054 (42S22): Unknown column 'state_id' in 'where clause'
Failed to explain query: UPDATE `Users` SET `state_id` = 87 WHERE `state_id` = 4 AND `country_id` = 'PE'
Error: 1054 (42S22): Unknown column 'state_id' in 'where clause'
Failed to explain query: UPDATE `Users` SET `state_id` = 88 WHERE `state_id` = 5 AND `country_id` = 'PE'
Error: 1054 (42S22): Unknown column 'state_id' in 'where clause'
Failed to explain query: UPDATE `Users` SET `state_id` = 89 WHERE `state_id` = 6 AND `country_id` = 'PE'
Error: 1054 (42S22): Unknown column 'state_id' in 'where clause'
Failed to explain query: UPDATE `Users` SET `state_id` = 90 WHERE `state_id` = 7 AND `country_id` = 'PE'
Error: 1054 (42S22): Unknown column 'state_id' in 'where clause'
Failed to explain query: UPDATE `Users` SET `state_id` = 91 WHERE `state_id` = 8 AND `country_id` = 'PE'
Error: 1054 (42S22): Unknown column 'state_id' in 'where clause'
Failed to explain query: UPDATE `Users` SET `state_id` = 92 WHERE `state_id` = 9 AND `country_id` = 'PE'
Error: 1054 (42S22): Unknown column 'state_id' in 'where clause'
Failed to explain query: UPDATE `Users` SET `state_id` = 93 WHERE `state_id` = 10 AND `country_id` = 'PE'
Error: 1054 (42S22): Unknown column 'state_id' in 'where clause'
Failed to explain query: UPDATE `Users` SET `state_id` = 94 WHERE `state_id` = 11 AND `country_id` = 'PE'
Error: 1054 (42S22): Unknown column 'state_id' in 'where clause'
Failed to explain query: UPDATE `Users` SET `state_id` = 95 WHERE `state_id` = 12 AND `country_id` = 'PE'
Error: 1054 (42S22): Unknown column 'state_id' in 'where clause'
Failed to explain query: UPDATE `Users` SET `state_id` = 96 WHERE `state_id` = 13 AND `country_id` = 'PE'
Error: 1054 (42S22): Unknown column 'state_id' in 'where clause'
Failed to explain query: UPDATE `Users` SET `state_id` = 97 WHERE `state_id` = 14 AND `country_id` = 'PE'
Error: 1054 (42S22): Unknown column 'state_id' in 'where clause'
Failed to explain query: UPDATE `Users` SET `state_id` = 98 WHERE `state_id` = 15 AND `country_id` = 'PE'
Error: 1054 (42S22): Unknown column 'state_id' in 'where clause'
Failed to explain query: UPDATE `Users` SET `state_id` = 99 WHERE `state_id` = 16 AND `country_id` = 'PE'
Error: 1054 (42S22): Unknown column 'state_id' in 'where clause'
Failed to explain query: UPDATE `Users` SET `state_id` = 100 WHERE `state_id` = 17 AND `country_id` = 'PE'
Error: 1054 (42S22): Unknown column 'state_id' in 'where clause'
Failed to explain query: UPDATE `Users` SET `state_id` = 101 WHERE `state_id` = 18 AND `country_id` = 'PE'
Error: 1054 (42S22): Unknown column 'state_id' in 'where clause'
Failed to explain query: UPDATE `Users` SET `state_id` = 102 WHERE `state_id` = 19 AND `country_id` = 'PE'
Error: 1054 (42S22): Unknown column 'state_id' in 'where clause'
Failed to explain query: UPDATE `Users` SET `state_id` = 103 WHERE `state_id` = 20 AND `country_id` = 'PE'
Error: 1054 (42S22): Unknown column 'state_id' in 'where clause'
Failed to explain query: UPDATE `Users` SET `state_id` = 104 WHERE `state_id` = 21 AND `country_id` = 'PE'
Error: 1054 (42S22): Unknown column 'state_id' in 'where clause'
Failed to explain query: UPDATE `Users` SET `state_id` = 105 WHERE `state_id` = 22 AND `country_id` = 'PE'
Error: 1054 (42S22): Unknown column 'state_id' in 'where clause'
Failed to explain query: UPDATE `Users` SET `state_id` = 106 WHERE `state_id` = 23 AND `country_id` = 'PE'
Error: 1054 (42S22): Unknown column 'state_id' in 'where clause'
Failed to explain query: UPDATE `Users` SET `state_id` = 107 WHERE `state_id` = 24 AND `country_id` = 'PE'
Error: 1054 (42S22): Unknown column 'state_id' in 'where clause'
Failed to explain query: UPDATE `Users` SET `state_id` = 108 WHERE `state_id` = 25 AND `country_id` = 'PE'
Error: 1054 (42S22): Unknown column 'state_id' in 'where clause'
Failed to explain query: UPDATE `Users` SET `state_id` = 109 WHERE `state_id` = 26 AND `country_id` = 'PE'
Error: 1054 (42S22): Unknown column 'state_id' in 'where clause'
Failed to explain query: UPDATE `Schools` sc
LEFT JOIN `States` st
  ON st.`state_id` = sc.`state_id`
SET
  sc.`country_id` = st.`country_id`, sc.`state_code` = st.`state_code`
Error: 1054 (42S22): Unknown column 'sc.state_code' in 'field list'
Failed to explain query: UPDATE `Users` u
LEFT JOIN `States` st
  ON st.`state_id` = u.`state_id`
SET
  u.`country_id` = st.`country_id`, u.`state_code` = st.`state_code`
Error: 1054 (42S22): Unknown column 'u.state_id' in 'on clause'
1  inefficient tables scan
UPDATE `Assignments`
LEFT JOIN (
    SELECT a.assignment_id, sum(psp.points) as max_points
    FROM Assignments a
    INNER JOIN Problemset_Problems psp
        ON a.problemset_id = psp.problemset_id
    GROUP BY a.assignment_id
) q
ON `Assignments`.`assignment_id` = q.`assignment_id`
SET `Assignments`.`max_points` = IFNULL(q.`max_points`, 0) 


1  inefficient tables scan
UPDATE `Assignments`
LEFT JOIN (
    SELECT a.assignment_id, sum(psp.points) as max_points
    FROM Assignments a
    INNER JOIN Problemset_Problems psp
        ON a.problemset_id = psp.problemset_id
    GROUP BY a.assignment_id
) q
ON `Assignments`.`assignment_id` = q.`assignment_id`
SET `Assignments`.`max_points` = IFNULL(q.`max_points`, 0) 


Failed to explain query: UPDATE
  `Users`
JOIN
  `Identities`
ON
  Users.username = Identities.username
SET
  `main_identity_id` = Identities.identity_id
Error: 1054 (42S22): Unknown column 'Users.username' in 'on clause'
Failed to explain query: UPDATE
  `Users`
JOIN
  `Identities`
ON
  Users.username = Identities.username
SET
  `main_identity_id` = Identities.identity_id
Error: 1054 (42S22): Unknown column 'Users.username' in 'on clause'
Failed to explain query: UPDATE
  `Problemset_Identities`
INNER JOIN
  `Identities`
ON
  Identities.user_id = Problemset_Identities.user_id
SET
  `Problemset_Identities`.`identity_id` = Identities.identity_id
Error: 1054 (42S22): Unknown column 'Problemset_Identities.user_id' in 'on clause'
Failed to explain query: UPDATE
  `Problemset_Identity_Request`
INNER JOIN
  `Identities`
ON
  Identities.user_id = Problemset_Identity_Request.user_id
SET
  `Problemset_Identity_Request`.`identity_id` = Identities.identity_id
Error: 1054 (42S22): Unknown column 'Problemset_Identity_Request.user_id' in 'on clause'
Failed to explain query: UPDATE
  `Problemset_Identity_Request_History`
INNER JOIN
  `Identities`
ON
  Identities.user_id = Problemset_Identity_Request_History.user_id
SET
  `Problemset_Identity_Request_History`.`identity_id` = Identities.identity_id
Error: 1054 (42S22): Unknown column 'Problemset_Identity_Request_History.user_id' in 'on clause'
Failed to explain query: UPDATE
  `Problemset_Identities`
INNER JOIN
  `Identities`
ON
  Identities.user_id = Problemset_Identities.user_id
SET
  `Problemset_Identities`.`identity_id` = Identities.identity_id
Error: 1054 (42S22): Unknown column 'Problemset_Identities.user_id' in 'on clause'
Failed to explain query: UPDATE
  `Problemset_Identity_Request`
INNER JOIN
  `Identities`
ON
  Identities.user_id = Problemset_Identity_Request.user_id
SET
  `Problemset_Identity_Request`.`identity_id` = Identities.identity_id
Error: 1054 (42S22): Unknown column 'Problemset_Identity_Request.user_id' in 'on clause'
Failed to explain query: UPDATE
  `Problemset_Identity_Request_History`
INNER JOIN
  `Identities`
ON
  Identities.user_id = Problemset_Identity_Request_History.user_id
SET
  `Problemset_Identity_Request_History`.`identity_id` = Identities.identity_id
Error: 1054 (42S22): Unknown column 'Problemset_Identity_Request_History.user_id' in 'on clause'
Failed to explain query: UPDATE
  `Groups_Identities`
INNER JOIN
  `Identities`
ON
  Identities.user_id = Groups_Identities.user_id
SET
  `Groups_Identities`.`identity_id` = Identities.identity_id
Error: 1054 (42S22): Unknown column 'Groups_Identities.user_id' in 'on clause'
Failed to explain query: UPDATE
  `Groups_Identities`
INNER JOIN
  `Identities`
ON
  Identities.user_id = Groups_Identities.user_id
SET
  `Groups_Identities`.`identity_id` = Identities.identity_id
Error: 1054 (42S22): Unknown column 'Groups_Identities.user_id' in 'on clause'
Failed to explain query: UPDATE
  `Groups_Scoreboards_Problemsets`
INNER JOIN
  `Contests`
ON
  Contests.contest_id = Groups_Scoreboards_Problemsets.contest_id
SET
  `Groups_Scoreboards_Problemsets`.`problemset_id` = `Contests`.`problemset_id`
Error: 1054 (42S22): Unknown column 'Groups_Scoreboards_Problemsets.contest_id' in 'on clause'
Failed to explain query: UPDATE
  `Groups_Scoreboards_Problemsets`
INNER JOIN
  `Contests`
ON
  Contests.contest_id = Groups_Scoreboards_Problemsets.contest_id
SET
  `Groups_Scoreboards_Problemsets`.`problemset_id` = `Contests`.`problemset_id`
Error: 1054 (42S22): Unknown column 'Groups_Scoreboards_Problemsets.contest_id' in 'on clause'
1  inefficient tables scan
UPDATE
  `Clarifications`
INNER JOIN
  `Identities`
ON
  `Identities`.`user_id` = `Clarifications`.`author_id`
SET
  `author_id` = `Identities`.`identity_id` 


1  inefficient tables scan
UPDATE
  `Clarifications`
INNER JOIN
  `Identities`
ON
  `Identities`.`user_id` = `Clarifications`.`author_id`
SET
  `author_id` = `Identities`.`identity_id` 


Failed to explain query: UPDATE Coder_Of_The_Month SET `rank`=1
Error: 1054 (42S22): Unknown column 'rank' in 'field list'
Failed to explain query: UPDATE Coder_Of_The_Month SET `rank`=1
Error: 1054 (42S22): Unknown column 'rank' in 'field list'
Failed to explain query: UPDATE
  `Runs`
INNER JOIN
  `Identities`
ON
  `Identities`.`user_id` = `Runs`.`user_id`
SET
  `Runs`.`identity_id` = `Identities`.`identity_id`
Error: 1054 (42S22): Unknown column 'Runs.user_id' in 'on clause'
Failed to explain query: UPDATE
  `Runs`
INNER JOIN
  `Identities`
ON
  `Identities`.`user_id` = `Runs`.`user_id`
SET
  `Runs`.`identity_id` = `Identities`.`identity_id`
Error: 1054 (42S22): Unknown column 'Runs.user_id' in 'on clause'
1  inefficient tables scan
UPDATE
  `Auth_Tokens`
INNER JOIN
  `Identities`
ON
  Identities.user_id = Auth_Tokens.user_id
SET
  `Auth_Tokens`.`identity_id` = Identities.identity_id 


Failed to explain query: UPDATE
  `Identity_Login_Log`
INNER JOIN
  `Identities`
ON
  Identities.user_id = Identity_Login_Log.user_id
SET
  `Identity_Login_Log`.`identity_id` = Identities.identity_id
Error: 1054 (42S22): Unknown column 'Identity_Login_Log.user_id' in 'on clause'
1  inefficient tables scan
UPDATE
  `Auth_Tokens`
INNER JOIN
  `Identities`
ON
  Identities.user_id = Auth_Tokens.user_id
SET
  `Auth_Tokens`.`identity_id` = Identities.identity_id 


Failed to explain query: UPDATE
  `Identity_Login_Log`
INNER JOIN
  `Identities`
ON
  Identities.user_id = Identity_Login_Log.user_id
SET
  `Identity_Login_Log`.`identity_id` = Identities.identity_id
Error: 1054 (42S22): Unknown column 'Identity_Login_Log.user_id' in 'on clause'
Failed to explain query: UPDATE
  `Problem_Viewed`
INNER JOIN
  `Identities`
ON
  `Identities`.`user_id` = `Problem_Viewed`.`user_id`
SET
  `Problem_Viewed`.`identity_id` = `Identities`.`identity_id`
Error: 1054 (42S22): Unknown column 'Problem_Viewed.user_id' in 'on clause'
Failed to explain query: UPDATE
  `Problemset_Access_Log`
INNER JOIN
  `Identities`
ON
  `Identities`.`user_id` = `Problemset_Access_Log`.`user_id`
SET
  `Problemset_Access_Log`.`identity_id` = `Identities`.`identity_id`
Error: 1054 (42S22): Unknown column 'Problemset_Access_Log.user_id' in 'on clause'
Failed to explain query: UPDATE
  `Problemset_Problem_Opened`
INNER JOIN
  `Identities`
ON
  `Identities`.`user_id` = `Problemset_Problem_Opened`.`user_id`
SET
  `Problemset_Problem_Opened`.`identity_id` = `Identities`.`identity_id`
Error: 1054 (42S22): Unknown column 'Problemset_Problem_Opened.user_id' in 'on clause'
Failed to explain query: UPDATE
  `Problem_Viewed`
INNER JOIN
  `Identities`
ON
  `Identities`.`user_id` = `Problem_Viewed`.`user_id`
SET
  `Problem_Viewed`.`identity_id` = `Identities`.`identity_id`
Error: 1054 (42S22): Unknown column 'Problem_Viewed.user_id' in 'on clause'
Failed to explain query: UPDATE
  `Problemset_Access_Log`
INNER JOIN
  `Identities`
ON
  `Identities`.`user_id` = `Problemset_Access_Log`.`user_id`
SET
  `Problemset_Access_Log`.`identity_id` = `Identities`.`identity_id`
Error: 1054 (42S22): Unknown column 'Problemset_Access_Log.user_id' in 'on clause'
Failed to explain query: UPDATE
  `Problemset_Problem_Opened`
INNER JOIN
  `Identities`
ON
  `Identities`.`user_id` = `Problemset_Problem_Opened`.`user_id`
SET
  `Problemset_Problem_Opened`.`identity_id` = `Identities`.`identity_id`
Error: 1054 (42S22): Unknown column 'Problemset_Problem_Opened.user_id' in 'on clause'
1  inefficient tables scan
UPDATE
  `Submission_Log`
INNER JOIN
  `Identities`
ON
  Identities.user_id = Submission_Log.user_id
SET
  `Submission_Log`.`identity_id` = Identities.identity_id 


1  inefficient tables scan
UPDATE
  `Submission_Log`
INNER JOIN
  `Identities`
ON
  Identities.user_id = Submission_Log.user_id
SET
  `Submission_Log`.`identity_id` = Identities.identity_id 


Failed to explain query: UPDATE `Runs` SET `type`='test' WHERE test=1
Error: 1054 (42S22): Unknown column 'test' in 'where clause'
Failed to explain query: UPDATE `Runs` SET `type`='test' WHERE test=1
Error: 1054 (42S22): Unknown column 'test' in 'where clause'
Failed to explain query: UPDATE
    `Contests`
SET
    `admission_mode` = 'registration'
WHERE
    `contestant_must_register` = '1'
Error: 1054 (42S22): Unknown column 'contestant_must_register' in 'where clause'
Failed to explain query: UPDATE
    `Contests`
SET
    `admission_mode` = 'public'
WHERE
    `public` = '1'
Error: 1054 (42S22): Unknown column 'public' in 'where clause'
Failed to explain query: UPDATE
    `Contests`
SET
    `admission_mode` = 'registration'
WHERE
    `contestant_must_register` = '1'
Error: 1054 (42S22): Unknown column 'contestant_must_register' in 'where clause'
Failed to explain query: UPDATE
    `Contests`
SET
    `admission_mode` = 'public'
WHERE
    `public` = '1'
Error: 1054 (42S22): Unknown column 'public' in 'where clause'
Failed to explain query: UPDATE `Problemsets`
INNER JOIN
  `Contests`
ON
  Contests.problemset_id = Problemsets.problemset_id
SET
  `Problemsets`.`scoreboard_url` = `Contests`.`scoreboard_url`,
  `Problemsets`.`scoreboard_url_admin` = `Contests`.`scoreboard_url_admin`
Error: 1054 (42S22): Unknown column 'Contests.scoreboard_url' in 'field list'
Failed to explain query: UPDATE `Problemsets`
INNER JOIN
  `Contests`
ON
  Contests.problemset_id = Problemsets.problemset_id
SET
  `Problemsets`.`scoreboard_url` = `Contests`.`scoreboard_url`,
  `Problemsets`.`scoreboard_url_admin` = `Contests`.`scoreboard_url_admin`
Error: 1054 (42S22): Unknown column 'Contests.scoreboard_url' in 'field list'
Failed to explain query: UPDATE
  `Identities`
INNER JOIN
  `Users`
ON
  `Users`.`user_id` = `Identities`.`user_id`
SET
  `Identities`.`gender`= `Users`.`gender`
Error: 1054 (42S22): Unknown column 'Users.gender' in 'field list'
Failed to explain query: UPDATE
  `Identities`
INNER JOIN
  `Users`
ON
  `Users`.`user_id` = `Identities`.`user_id`
SET
  `Identities`.`gender`= `Users`.`gender`
Error: 1054 (42S22): Unknown column 'Users.gender' in 'field list'
1  inefficient tables scan
UPDATE
    Problemsets p
INNER JOIN
    Contests c
ON
    p.problemset_id = c.problemset_id
SET
    c.contest_id = c.contest_id 


1  inefficient tables scan
UPDATE
    Problemsets p
INNER JOIN
    Interviews i
ON
    p.problemset_id = i.problemset_id
SET
    i.interview_id = i.interview_id 


1  inefficient tables scan
UPDATE
    Problemsets p
INNER JOIN
    Contests c
ON
    p.problemset_id = c.problemset_id
SET
    c.contest_id = c.contest_id 


1  inefficient tables scan
UPDATE
    Problemsets p
INNER JOIN
    Interviews i
ON
    p.problemset_id = i.problemset_id
SET
    i.interview_id = i.interview_id 


Failed to explain query: UPDATE
  Users
SET
  password = '$argon2id$v=19$m=1024,t=2,p=1$7IYovf67Xtv0EAvZnKTIsQ$VgdbmwOXz9QtoM/tbx6pKyjbdrMEmotTDJE+NzRNyK0',
  git_token = '$argon2id$v=19$m=1024,t=2,p=1$7IYovf67Xtv0EAvZnKTIsQ$VgdbmwOXz9QtoM/tbx6pKyjbdrMEmotTDJE+NzRNyK0'
WHERE
  username = 'omegaup'
Error: 1054 (42S22): Unknown column 'username' in 'where clause'
Failed to explain query: UPDATE
  Users
SET
  password = '$argon2id$v=19$m=1024,t=3,p=1$uSo7hIXamDD1j1Dd3gHrBw$FLALbWHc2eTG87iZhwfDJg32Q5pbUfjPfpLJFz/e8Rg',
  git_token = '$argon2id$v=19$m=1024,t=3,p=1$uSo7hIXamDD1j1Dd3gHrBw$FLALbWHc2eTG87iZhwfDJg32Q5pbUfjPfpLJFz/e8Rg'
WHERE
  username = 'user'
Error: 1054 (42S22): Unknown column 'username' in 'where clause'
Failed to explain query: UPDATE
  Users
SET
  password = '$argon2id$v=19$m=1024,t=2,p=1$7IYovf67Xtv0EAvZnKTIsQ$VgdbmwOXz9QtoM/tbx6pKyjbdrMEmotTDJE+NzRNyK0',
  git_token = '$argon2id$v=19$m=1024,t=2,p=1$7IYovf67Xtv0EAvZnKTIsQ$VgdbmwOXz9QtoM/tbx6pKyjbdrMEmotTDJE+NzRNyK0'
WHERE
  username = 'omegaup'
Error: 1054 (42S22): Unknown column 'username' in 'where clause'
Failed to explain query: UPDATE
  Users
SET
  password = '$argon2id$v=19$m=1024,t=3,p=1$uSo7hIXamDD1j1Dd3gHrBw$FLALbWHc2eTG87iZhwfDJg32Q5pbUfjPfpLJFz/e8Rg',
  git_token = '$argon2id$v=19$m=1024,t=3,p=1$uSo7hIXamDD1j1Dd3gHrBw$FLALbWHc2eTG87iZhwfDJg32Q5pbUfjPfpLJFz/e8Rg'
WHERE
  username = 'user'
Error: 1054 (42S22): Unknown column 'username' in 'where clause'
1  inefficient tables scan
UPDATE
    `Problemset_Identities`
INNER JOIN
    `Contests`
ON
    Contests.problemset_id = Problemset_Identities.problemset_id
SET
    `end_time` = IF(`Contests`.`window_length` IS NOT NULL,
        LEAST(
            `Contests`.`finish_time`,
            DATE_ADD(`access_time`, INTERVAL `Contests`.`window_length`  MINUTE)),
        IF(`access_time` IS NOT NULL,
            `Contests`.`finish_time`,
            NULL)) 


1  inefficient tables scan
UPDATE
    `Problemset_Identities`
INNER JOIN
    `Contests`
ON
    Contests.problemset_id = Problemset_Identities.problemset_id
SET
    `end_time` = IF(`Contests`.`window_length` IS NOT NULL,
        LEAST(
            `Contests`.`finish_time`,
            DATE_ADD(`access_time`, INTERVAL `Contests`.`window_length`  MINUTE)),
        IF(`access_time` IS NOT NULL,
            `Contests`.`finish_time`,
            NULL)) 


1  inefficient tables scan
UPDATE
    `Problemsets`
INNER JOIN
    `Assignments`
ON
    `Problemsets`.`problemset_id` = `Assignments`.`problemset_id`
SET
    `Problemsets`.`acl_id` = `Assignments`.`acl_id` 


1  inefficient tables scan
UPDATE
    `Problemsets`
INNER JOIN
    `Assignments`
ON
    `Problemsets`.`problemset_id` = `Assignments`.`problemset_id`
SET
    `Problemsets`.`acl_id` = `Assignments`.`acl_id` 


Failed to explain query: UPDATE `Groups_Identities`
  SET `accept_teacher` = (`accept_t` = 'yes')
  WHERE `accept_t` IS NOT NULL
Error: 1054 (42S22): Unknown column 'accept_t' in 'where clause'
Failed to explain query: UPDATE `Groups_Identities`
  SET `accept_teacher` = (`accept_t` = 'yes')
  WHERE `accept_t` IS NOT NULL
Error: 1054 (42S22): Unknown column 'accept_t' in 'where clause'
1  inefficient tables scan
UPDATE
    `Assignments` a
INNER JOIN
    (
        SELECT
            pp.problemset_id,
            SUM(pp.points) as `sum_points`
        FROM
            `Problemset_Problems` pp
        GROUP BY
            pp.problemset_id
    ) pp
ON
    a.problemset_id = pp.problemset_id
SET
    a.`max_points` = pp.`sum_points`
WHERE
    a.`max_points` = 0 


1  inefficient tables scan
UPDATE
    `Assignments` a
INNER JOIN
    (
        SELECT
            pp.problemset_id,
            SUM(pp.points) as `sum_points`
        FROM
            `Problemset_Problems` pp
        GROUP BY
            pp.problemset_id
    ) pp
ON
    a.problemset_id = pp.problemset_id
SET
    a.`max_points` = pp.`sum_points`
WHERE
    a.`max_points` = 0 


1  inefficient tables scan
UPDATE
    `Courses`
INNER JOIN (
    SELECT
        `sc`.`school_id`, `min_id`
    FROM
        `Schools` `sc`
    INNER JOIN (
        SELECT
            `name`, MIN(`school_id`) as `min_id`
        FROM
            `Schools`
        GROUP BY
            `name`, `country_id`, `state_id`
        HAVING
            COUNT(*) > 1
    ) `duplicates`
    ON `sc`.`name` = `duplicates`.`name`
) `updatables`
ON
    `Courses`.`school_id` = `updatables`.`school_id`
SET
    `Courses`.`school_id` = `updatables`.`min_id` 


1  inefficient tables scan
UPDATE
    `User_Rank`
INNER JOIN (
    SELECT
        `sc`.`school_id`, `min_id`
    FROM
        `Schools` `sc`
    INNER JOIN (
        SELECT
            `name`, MIN(`school_id`) as `min_id`
        FROM
            `Schools`
        GROUP BY
            `name`, `country_id`, `state_id`
        HAVING
            COUNT(*) > 1
    ) `duplicates`
    ON `sc`.`name` = `duplicates`.`name`
) `updatables`
ON
    `User_Rank`.`school_id` = `updatables`.`school_id`
SET
    `User_Rank`.`school_id` = `updatables`.`min_id` 


Failed to explain query: UPDATE
    `Identities`
INNER JOIN (
    SELECT
        `sc`.`school_id`, `min_id`
    FROM
        `Schools` `sc`
    INNER JOIN (
        SELECT
            `name`, MIN(`school_id`) as `min_id`
        FROM
            `Schools`
        GROUP BY
            `name`, `country_id`, `state_id`
        HAVING
            COUNT(*) > 1
    ) `duplicates`
    ON `sc`.`name` = `duplicates`.`name`
) `updatables`
ON
    `Identities`.`school_id` = `updatables`.`school_id`
SET
    `Identities`.`school_id` = `updatables`.`min_id`
Error: 1054 (42S22): Unknown column 'Identities.school_id' in 'on clause'
1  inefficient tables scan
UPDATE
    `Courses`
INNER JOIN (
    SELECT
        `sc`.`school_id`, `min_id`
    FROM
        `Schools` `sc`
    INNER JOIN (
        SELECT
            `name`, MIN(`school_id`) as `min_id`
        FROM
            `Schools`
        GROUP BY
            `name`, `country_id`, `state_id`
        HAVING
            COUNT(*) > 1
    ) `duplicates`
    ON `sc`.`name` = `duplicates`.`name`
) `updatables`
ON
    `Courses`.`school_id` = `updatables`.`school_id`
SET
    `Courses`.`school_id` = `updatables`.`min_id` 


1  inefficient tables scan
UPDATE
    `User_Rank`
INNER JOIN (
    SELECT
        `sc`.`school_id`, `min_id`
    FROM
        `Schools` `sc`
    INNER JOIN (
        SELECT
            `name`, MIN(`school_id`) as `min_id`
        FROM
            `Schools`
        GROUP BY
            `name`, `country_id`, `state_id`
        HAVING
            COUNT(*) > 1
    ) `duplicates`
    ON `sc`.`name` = `duplicates`.`name`
) `updatables`
ON
    `User_Rank`.`school_id` = `updatables`.`school_id`
SET
    `User_Rank`.`school_id` = `updatables`.`min_id` 


Failed to explain query: UPDATE
    `Identities`
INNER JOIN (
    SELECT
        `sc`.`school_id`, `min_id`
    FROM
        `Schools` `sc`
    INNER JOIN (
        SELECT
            `name`, MIN(`school_id`) as `min_id`
        FROM
            `Schools`
        GROUP BY
            `name`, `country_id`, `state_id`
        HAVING
            COUNT(*) > 1
    ) `duplicates`
    ON `sc`.`name` = `duplicates`.`name`
) `updatables`
ON
    `Identities`.`school_id` = `updatables`.`school_id`
SET
    `Identities`.`school_id` = `updatables`.`min_id`
Error: 1054 (42S22): Unknown column 'Identities.school_id' in 'on clause'
Failed to explain query: UPDATE
    `Submissions` `s`
INNER JOIN
    `Identities` `i`
ON
    `i`.`identity_id` = `s`.`identity_id`
SET
    `s`.`school_id` = `i`.`school_id`
Error: 1054 (42S22): Unknown column 'i.school_id' in 'field list'
Failed to explain query: UPDATE
    `Submissions` `s`
INNER JOIN
    `Identities` `i`
ON
    `i`.`identity_id` = `s`.`identity_id`
SET
    `s`.`school_id` = `i`.`school_id`
Error: 1054 (42S22): Unknown column 'i.school_id' in 'field list'
Failed to explain query: UPDATE
    `Coder_Of_The_Month` `com`
INNER JOIN
    `Users` `u`
ON
    `u`.`user_id` = `com`.`user_id`
INNER JOIN
    `Identities` `i`
ON
    `i`.`identity_id` = `u`.`main_identity_id`
SET
    `com`.`school_id` = `i`.`school_id`
Error: 1054 (42S22): Unknown column 'i.school_id' in 'field list'
Failed to explain query: UPDATE
    `Coder_Of_The_Month` `com`
INNER JOIN
    `Users` `u`
ON
    `u`.`user_id` = `com`.`user_id`
INNER JOIN
    `Identities` `i`
ON
    `i`.`identity_id` = `u`.`main_identity_id`
SET
    `com`.`school_id` = `i`.`school_id`
Error: 1054 (42S22): Unknown column 'i.school_id' in 'field list'
Failed to explain query: UPDATE
    `Identities` `i`
INNER JOIN
    `Identities_Schools` `is`
ON
    `is`.`identity_id` = `i`.`identity_id` AND `is`.`school_id` = `i`.`school_id`
SET
    `i`.`current_identity_school_id` = `is`.`identity_school_id`
Error: 1054 (42S22): Unknown column 'i.school_id' in 'on clause'
Failed to explain query: UPDATE
    `Identities` `i`
INNER JOIN
    `Identities_Schools` `is`
ON
    `is`.`identity_id` = `i`.`identity_id` AND `is`.`school_id` = `i`.`school_id`
SET
    `i`.`current_identity_school_id` = `is`.`identity_school_id`
Error: 1054 (42S22): Unknown column 'i.school_id' in 'on clause'
Failed to explain query: UPDATE `Schools`
SET `rank` = NULL
WHERE `rank` = 0
Error: 1054 (42S22): Unknown column 'rank' in 'where clause'
Failed to explain query: UPDATE `Schools`
SET `rank` = NULL
WHERE `rank` = 0
Error: 1054 (42S22): Unknown column 'rank' in 'where clause'
1  inefficient tables scan
UPDATE
  Problemset_Problems p
INNER JOIN
  (
    SELECT
      p.title,
      psp.problemset_id,
      p.problem_id,
      psp.points,
      p.languages
    FROM
      Problemsets ps
    INNER JOIN
      Problemset_Problems psp
    ON
      psp.problemset_id = ps.problemset_id
    INNER JOIN
      Problems p
    ON
      p.problem_id = psp.problem_id
    WHERE
      ps.type = 'Assignment'
    AND p.languages = ''
  ) q
ON
  p.problemset_id = q.problemset_id AND p.problem_id = q.problem_id
SET
  p.points = 0 


1  inefficient tables scan
UPDATE
  Assignments a
JOIN
  (
    SELECT
      assignment_id,
      sum(psp.points) AS max_points
    FROM
      Assignments a
    INNER JOIN
      Problemset_Problems psp
    ON
      a.problemset_id = psp.problemset_id
    GROUP BY
      a.assignment_id
  ) q
ON
  a.assignment_id = q.assignment_id
SET
  a.max_points = q.max_points 


1  inefficient tables scan
UPDATE
  Problemset_Problems p
INNER JOIN
  (
    SELECT
      p.title,
      psp.problemset_id,
      p.problem_id,
      psp.points,
      p.languages
    FROM
      Problemsets ps
    INNER JOIN
      Problemset_Problems psp
    ON
      psp.problemset_id = ps.problemset_id
    INNER JOIN
      Problems p
    ON
      p.problem_id = psp.problem_id
    WHERE
      ps.type = 'Assignment'
    AND p.languages = ''
  ) q
ON
  p.problemset_id = q.problemset_id AND p.problem_id = q.problem_id
SET
  p.points = 0 


1  inefficient tables scan
UPDATE
  Assignments a
JOIN
  (
    SELECT
      assignment_id,
      sum(psp.points) AS max_points
    FROM
      Assignments a
    INNER JOIN
      Problemset_Problems psp
    ON
      a.problemset_id = psp.problemset_id
    GROUP BY
      a.assignment_id
  ) q
ON
  a.assignment_id = q.assignment_id
SET
  a.max_points = q.max_points 


Failed to explain query: UPDATE
    `Problems_Tags`
SET
    `source` = 'voted'
WHERE
    `autogenerated` = 1
Error: 1054 (42S22): Unknown column 'autogenerated' in 'where clause'
Failed to explain query: UPDATE
    `Problems_Tags`
SET
    `source` = 'voted'
WHERE
    `autogenerated` = 1
Error: 1054 (42S22): Unknown column 'autogenerated' in 'where clause'
1  inefficient tables scan
UPDATE
    `Problemset_Identities`
INNER JOIN
    `Assignments`
ON
    Assignments.problemset_id = Problemset_Identities.problemset_id
SET
    `end_time` = `Assignments`.`finish_time` 


1  inefficient tables scan
UPDATE
    `Problemset_Identities`
INNER JOIN
    `Assignments`
ON
    Assignments.problemset_id = Problemset_Identities.problemset_id
SET
    `end_time` = `Assignments`.`finish_time` 


Failed to explain query: UPDATE
    `Courses`
SET
    `admission_mode` = 'public'
WHERE
    `public` = '1'
Error: 1054 (42S22): Unknown column 'public' in 'where clause'
Failed to explain query: UPDATE
    `Courses`
SET
    `admission_mode` = 'public'
WHERE
    `public` = '1'
Error: 1054 (42S22): Unknown column 'public' in 'where clause'
1  inefficient tables scan
UPDATE
  `Runs`
INNER JOIN
  `Submissions` ON `Runs`.`submission_id` = `Submissions`.`submission_id`
INNER JOIN
  `Problems` ON `Submissions`.`problem_id` = `Problems`.`problem_id`
SET
  `Runs`.`commit` = `Problems`.`commit` 


1  inefficient tables scan
UPDATE
  `Runs`
INNER JOIN
  `Submissions` ON `Runs`.`submission_id` = `Submissions`.`submission_id`
INNER JOIN
  `Problems` ON `Submissions`.`problem_id` = `Problems`.`problem_id`
SET
  `Runs`.`commit` = `Problems`.`commit` 


Failed to explain query: UPDATE
  `Contests`
SET
  `submission_feedback` = 'summary'
WHERE
  `feedback` = 'yes'
Error: 1054 (42S22): Unknown column 'submission_feedback' in 'field list'
Failed to explain query: UPDATE
  `Contests`
SET
  `submission_feedback` = 'detailed'
WHERE
  `feedback` = 'partial'
Error: 1054 (42S22): Unknown column 'submission_feedback' in 'field list'
Failed to explain query: UPDATE
  `Contests`
SET
  `feedback` = `submission_feedback`
Error: 1054 (42S22): Unknown column 'submission_feedback' in 'field list'
Failed to explain query: UPDATE
  `Contests`
SET
  `submission_feedback` = 'summary'
WHERE
  `feedback` = 'yes'
Error: 1054 (42S22): Unknown column 'submission_feedback' in 'field list'
Failed to explain query: UPDATE
  `Contests`
SET
  `submission_feedback` = 'detailed'
WHERE
  `feedback` = 'partial'
Error: 1054 (42S22): Unknown column 'submission_feedback' in 'field list'
Failed to explain query: UPDATE
  `Contests`
SET
  `feedback` = `submission_feedback`
Error: 1054 (42S22): Unknown column 'submission_feedback' in 'field list'
1  inefficient tables scan
UPDATE
  `Runs`
INNER JOIN
  `Submissions` ON `Runs`.`submission_id` = `Submissions`.`submission_id`
INNER JOIN
  `Problems` ON `Submissions`.`problem_id` = `Problems`.`problem_id`
SET
  `Runs`.`commit` = `Problems`.`commit` 


1  inefficient tables scan
UPDATE
  `Runs`
INNER JOIN
  `Submissions` ON `Runs`.`submission_id` = `Submissions`.`submission_id`
INNER JOIN
  `Problems` ON `Submissions`.`problem_id` = `Problems`.`problem_id`
SET
  `Runs`.`commit` = `Problems`.`commit` 


Failed to explain query: UPDATE
  `Team_Users`
SET
  `identity_id` = (
    SELECT
      `identity_id`
    FROM
      `Identities`
    WHERE
      `Team_Users`.`user_id` = `Identities`.`user_id`)
Error: 1054 (42S22): Unknown column 'Team_Users.user_id' in 'where clause'
Failed to explain query: UPDATE
  `Team_Users`
SET
  `identity_id` = (
    SELECT
      `identity_id`
    FROM
      `Identities`
    WHERE
      `Team_Users`.`user_id` = `Identities`.`user_id`)
Error: 1054 (42S22): Unknown column 'Team_Users.user_id' in 'where clause'
1  inefficient tables scan
UPDATE Submissions s
INNER JOIN Runs r ON r.run_id = s.current_run_id
SET s.verdict = r.verdict, s.status = r.status 


1  inefficient tables scan
UPDATE Submissions s
INNER JOIN Runs r ON r.run_id = s.current_run_id
SET s.verdict = r.verdict, s.status = r.status 


1  inefficient tables scan
SELECT
                `s`.`school_id`, `s`.`country_id`, `s`.`state_id`, `s`.`name`, `s`.`ranking`, `s`.`score`
            FROM
                Schools s
            WHERE
                s.name LIKE CONCAT('%', 'Escuela curso', '%')
            LIMIT 10 


Failed to explain query: SELECT
			s.guid, c.alias, s.problemset_id, c.penalty_type, c.partial_score,
			s.language, p.alias, pp.points, r.version, r.submission_id
		FROM
			Runs r
		INNER JOIN
			Submissions s ON s.submission_id = r.submission_id
		INNER JOIN
			Problems p ON p.problem_id = s.problem_id
		LEFT JOIN
			Problemset_Problems pp ON pp.problem_id = s.problem_id AND
			pp.problemset_id = s.problemset_id
		LEFT JOIN
			Contests c ON c.problemset_id = pp.problemset_id
		WHERE
			r.run_id = ?
Error: 1064 (42000): You have an error in your SQL syntax; check the manual that corresponds to your MySQL server version for the right syntax to use near '?' at line 16
Failed to explain query: UPDATE
						Runs
					SET
						status = ?
					WHERE
						run_id = ?
Error: 1064 (42000): You have an error in your SQL syntax; check the manual that corresponds to your MySQL server version for the right syntax to use near '?
					WHERE
						run_id = ?' at line 4
Failed to explain query: UPDATE
				Submissions
			SET
				status = ?,
				verdict = ?
			WHERE
				submission_id = ? AND
				current_run_id = ?
Error: 1064 (42000): You have an error in your SQL syntax; check the manual that corresponds to your MySQL server version for the right syntax to use near '?,
				verdict = ?
			WHERE
				submission_id = ? AND
				current_run_id = ?' at line 4
Failed to explain query: UPDATE
						Runs
					SET
						status = ?
					WHERE
						run_id = ?
Error: 1064 (42000): You have an error in your SQL syntax; check the manual that corresponds to your MySQL server version for the right syntax to use near '?
					WHERE
						run_id = ?' at line 4
Failed to explain query: UPDATE
				Submissions
			SET
				status = ?,
				verdict = ?
			WHERE
				submission_id = ? AND
				current_run_id = ?
Error: 1064 (42000): You have an error in your SQL syntax; check the manual that corresponds to your MySQL server version for the right syntax to use near '?,
				verdict = ?
			WHERE
				submission_id = ? AND
				current_run_id = ?' at line 4
Failed to explain query: SELECT
			s.guid, c.alias, s.problemset_id, c.penalty_type, c.partial_score,
			s.language, p.alias, pp.points, r.version, r.submission_id
		FROM
			Runs r
		INNER JOIN
			Submissions s ON s.submission_id = r.submission_id
		INNER JOIN
			Problems p ON p.problem_id = s.problem_id
		LEFT JOIN
			Problemset_Problems pp ON pp.problem_id = s.problem_id AND
			pp.problemset_id = s.problemset_id
		LEFT JOIN
			Contests c ON c.problemset_id = pp.problemset_id
		WHERE
			r.run_id = ?
Error: 1064 (42000): You have an error in your SQL syntax; check the manual that corresponds to your MySQL server version for the right syntax to use near '?' at line 16
Failed to explain query: SELECT
			s.guid, c.alias, s.problemset_id, c.penalty_type, c.partial_score,
			s.language, p.alias, pp.points, r.version, r.submission_id
		FROM
			Runs r
		INNER JOIN
			Submissions s ON s.submission_id = r.submission_id
		INNER JOIN
			Problems p ON p.problem_id = s.problem_id
		LEFT JOIN
			Problemset_Problems pp ON pp.problem_id = s.problem_id AND
			pp.problemset_id = s.problemset_id
		LEFT JOIN
			Contests c ON c.problemset_id = pp.problemset_id
		WHERE
			r.run_id = ?
Error: 1064 (42000): You have an error in your SQL syntax; check the manual that corresponds to your MySQL server version for the right syntax to use near '?' at line 16
Failed to explain query: UPDATE
						Runs
					SET
						status = ?
					WHERE
						run_id = ?
Error: 1064 (42000): You have an error in your SQL syntax; check the manual that corresponds to your MySQL server version for the right syntax to use near '?
					WHERE
						run_id = ?' at line 4
Failed to explain query: UPDATE
				Submissions
			SET
				status = ?,
				verdict = ?
			WHERE
				submission_id = ? AND
				current_run_id = ?
Error: 1064 (42000): You have an error in your SQL syntax; check the manual that corresponds to your MySQL server version for the right syntax to use near '?,
				verdict = ?
			WHERE
				submission_id = ? AND
				current_run_id = ?' at line 4
Failed to explain query: UPDATE
						Runs
					SET
						status = ?
					WHERE
						run_id = ?
Error: 1064 (42000): You have an error in your SQL syntax; check the manual that corresponds to your MySQL server version for the right syntax to use near '?
					WHERE
						run_id = ?' at line 4
Failed to explain query: UPDATE
				Submissions
			SET
				status = ?,
				verdict = ?
			WHERE
				submission_id = ? AND
				current_run_id = ?
Error: 1064 (42000): You have an error in your SQL syntax; check the manual that corresponds to your MySQL server version for the right syntax to use near '?,
				verdict = ?
			WHERE
				submission_id = ? AND
				current_run_id = ?' at line 4
Failed to explain query: SELECT
			s.guid, c.alias, s.problemset_id, c.penalty_type, c.partial_score,
			s.language, p.alias, pp.points, r.version, r.submission_id
		FROM
			Runs r
		INNER JOIN
			Submissions s ON s.submission_id = r.submission_id
		INNER JOIN
			Problems p ON p.problem_id = s.problem_id
		LEFT JOIN
			Problemset_Problems pp ON pp.problem_id = s.problem_id AND
			pp.problemset_id = s.problemset_id
		LEFT JOIN
			Contests c ON c.problemset_id = pp.problemset_id
		WHERE
			r.run_id = ?
Error: 1064 (42000): You have an error in your SQL syntax; check the manual that corresponds to your MySQL server version for the right syntax to use near '?' at line 16
Failed to explain query: SELECT
			s.guid, c.alias, s.problemset_id, c.penalty_type, c.partial_score,
			s.language, p.alias, pp.points, r.version, r.submission_id
		FROM
			Runs r
		INNER JOIN
			Submissions s ON s.submission_id = r.submission_id
		INNER JOIN
			Problems p ON p.problem_id = s.problem_id
		LEFT JOIN
			Problemset_Problems pp ON pp.problem_id = s.problem_id AND
			pp.problemset_id = s.problemset_id
		LEFT JOIN
			Contests c ON c.problemset_id = pp.problemset_id
		WHERE
			r.run_id = ?
Error: 1064 (42000): You have an error in your SQL syntax; check the manual that corresponds to your MySQL server version for the right syntax to use near '?' at line 16
Failed to explain query: UPDATE
						Runs
					SET
						status = ?
					WHERE
						run_id = ?
Error: 1064 (42000): You have an error in your SQL syntax; check the manual that corresponds to your MySQL server version for the right syntax to use near '?
					WHERE
						run_id = ?' at line 4
Failed to explain query: UPDATE
				Submissions
			SET
				status = ?,
				verdict = ?
			WHERE
				submission_id = ? AND
				current_run_id = ?
Error: 1064 (42000): You have an error in your SQL syntax; check the manual that corresponds to your MySQL server version for the right syntax to use near '?,
				verdict = ?
			WHERE
				submission_id = ? AND
				current_run_id = ?' at line 4
Failed to explain query: UPDATE
						Runs
					SET
						status = ?, verdict = ?, runtime = ?, memory = ?, score = ?,
						contest_score = ?, judged_by = ?
					WHERE
						run_id = ?
Error: 1064 (42000): You have an error in your SQL syntax; check the manual that corresponds to your MySQL server version for the right syntax to use near '?, verdict = ?, runtime = ?, memory = ?, score = ?,
						contest_score = ?, jud' at line 4
Failed to explain query: UPDATE
						Runs
					SET
						status = ?, verdict = ?, runtime = ?, memory = ?, score = ?,
						contest_score = ?, judged_by = ?
					WHERE
						run_id = ?
Error: 1064 (42000): You have an error in your SQL syntax; check the manual that corresponds to your MySQL server version for the right syntax to use near '?, verdict = ?, runtime = ?, memory = ?, score = ?,
						contest_score = ?, jud' at line 4
Failed to explain query: UPDATE
				Submissions
			SET
				status = ?,
				verdict = ?
			WHERE
				submission_id = ? AND
				current_run_id = ?
Error: 1064 (42000): You have an error in your SQL syntax; check the manual that corresponds to your MySQL server version for the right syntax to use near '?,
				verdict = ?
			WHERE
				submission_id = ? AND
				current_run_id = ?' at line 4
Failed to explain query: UPDATE
						Runs
					SET
						status = ?
					WHERE
						run_id = ?
Error: 1064 (42000): You have an error in your SQL syntax; check the manual that corresponds to your MySQL server version for the right syntax to use near '?
					WHERE
						run_id = ?' at line 4
Failed to explain query: UPDATE
				Submissions
			SET
				status = ?,
				verdict = ?
			WHERE
				submission_id = ? AND
				current_run_id = ?
Error: 1064 (42000): You have an error in your SQL syntax; check the manual that corresponds to your MySQL server version for the right syntax to use near '?,
				verdict = ?
			WHERE
				submission_id = ? AND
				current_run_id = ?' at line 4
Failed to explain query: SELECT
			i.username, r.penalty, s.submit_delay, r.time
		FROM
			Runs r
		INNER JOIN
			Submissions s ON s.submission_id = r.submission_id
		INNER JOIN
			Identities i ON i.identity_id = s.identity_id
		WHERE
			r.run_id = ?
Error: 1064 (42000): You have an error in your SQL syntax; check the manual that corresponds to your MySQL server version for the right syntax to use near '?' at line 10
Failed to explain query: SELECT
			s.guid, c.alias, s.problemset_id, c.penalty_type, c.partial_score,
			s.language, p.alias, pp.points, r.version, r.submission_id
		FROM
			Runs r
		INNER JOIN
			Submissions s ON s.submission_id = r.submission_id
		INNER JOIN
			Problems p ON p.problem_id = s.problem_id
		LEFT JOIN
			Problemset_Problems pp ON pp.problem_id = s.problem_id AND
			pp.problemset_id = s.problemset_id
		LEFT JOIN
			Contests c ON c.problemset_id = pp.problemset_id
		WHERE
			r.run_id = ?
Error: 1064 (42000): You have an error in your SQL syntax; check the manual that corresponds to your MySQL server version for the right syntax to use near '?' at line 16
Failed to explain query: SELECT
			s.guid, c.alias, s.problemset_id, c.penalty_type, c.partial_score,
			s.language, p.alias, pp.points, r.version, r.submission_id
		FROM
			Runs r
		INNER JOIN
			Submissions s ON s.submission_id = r.submission_id
		INNER JOIN
			Problems p ON p.problem_id = s.problem_id
		LEFT JOIN
			Problemset_Problems pp ON pp.problem_id = s.problem_id AND
			pp.problemset_id = s.problemset_id
		LEFT JOIN
			Contests c ON c.problemset_id = pp.problemset_id
		WHERE
			r.run_id = ?
Error: 1064 (42000): You have an error in your SQL syntax; check the manual that corresponds to your MySQL server version for the right syntax to use near '?' at line 16
Failed to explain query: UPDATE
						Runs
					SET
						status = ?
					WHERE
						run_id = ?
Error: 1064 (42000): You have an error in your SQL syntax; check the manual that corresponds to your MySQL server version for the right syntax to use near '?
					WHERE
						run_id = ?' at line 4
Failed to explain query: UPDATE
				Submissions
			SET
				status = ?,
				verdict = ?
			WHERE
				submission_id = ? AND
				current_run_id = ?
Error: 1064 (42000): You have an error in your SQL syntax; check the manual that corresponds to your MySQL server version for the right syntax to use near '?,
				verdict = ?
			WHERE
				submission_id = ? AND
				current_run_id = ?' at line 4
Failed to explain query: UPDATE
						Runs
					SET
						status = ?
					WHERE
[...]
            GROUP BY
                `iu`.user_id, `s`.`problem_id`
        ) AS up
        INNER JOIN
            `Users` AS `u` ON `u`.`user_id` = `up`.`user_id`
        INNER JOIN
            `Problems` AS `p`
        ON `p`.`problem_id` = up.`problem_id` AND `p`.visibility > 0
        INNER JOIN
            `Identities` AS `i` ON `i`.`identity_id` = u.`main_identity_id`
        LEFT JOIN
            `Identities_Schools` AS `isc`
        ON
            `isc`.`identity_school_id` = `i`.`current_identity_school_id`
        WHERE
            `u`.`is_private` = 0
            AND NOT EXISTS (
                SELECT
                    `pf`.`problem_id`, `pf`.`user_id`
                FROM
                    `Problems_Forfeited` AS `pf`
                WHERE
                    `pf`.`problem_id` = `p`.`problem_id` AND
                    `pf`.`user_id` = `u`.`user_id`
            )
            AND NOT EXISTS (
                SELECT
                    `a`.`acl_id`
                FROM
                    `ACLs` AS `a`
                WHERE
                    `a`.`acl_id` = `p`.`acl_id` AND
                    `a`.`owner_id` = `u`.`user_id`
            )
        GROUP BY
            `identity_id`
        ORDER BY
            `score` DESC 


2  inefficient tables scan
SELECT
            `i`.`username`,
            `i`.`name`,
            `i`.`country_id`,
            `i`.`state_id`,
            `isc`.`school_id`,
            `i`.`identity_id`,
            `i`.`user_id`,
            COUNT(`p`.`problem_id`) AS `problems_solved_count`,
            SUM(ROUND(100 / LOG(2, `p`.`accepted` + 1) , 0)) AS `score`
        FROM
        (
            SELECT
                `iu`.`user_id`,
                `s`.`problem_id`
            FROM
                `Submissions` AS `s`
            INNER JOIN
                `Identities` AS `iu`
            ON
                `iu`.identity_id = `s`.identity_id
            WHERE
                `s`.verdict = 'AC' AND
                `s`.type = 'normal' AND
                `iu`.user_id IS NOT NULL
            GROUP BY
                `iu`.user_id, `s`.`problem_id`
        ) AS up
        INNER JOIN
            `Users` AS `u` ON `u`.`user_id` = `up`.`user_id`
        INNER JOIN
            `Problems` AS `p`
        ON `p`.`problem_id` = up.`problem_id` AND `p`.visibility > 0
        INNER JOIN
            `Identities` AS `i` ON `i`.`identity_id` = u.`main_identity_id`
        LEFT JOIN
            `Identities_Schools` AS `isc`
        ON
            `isc`.`identity_school_id` = `i`.`current_identity_school_id`
        WHERE
            `u`.`is_private` = 0
            AND NOT EXISTS (
                SELECT
                    `pf`.`problem_id`, `pf`.`user_id`
                FROM
                    `Problems_Forfeited` AS `pf`
                WHERE
                    `pf`.`problem_id` = `p`.`problem_id` AND
                    `pf`.`user_id` = `u`.`user_id`
            )
            AND NOT EXISTS (
                SELECT
                    `a`.`acl_id`
                FROM
                    `ACLs` AS `a`
                WHERE
                    `a`.`acl_id` = `p`.`acl_id` AND
                    `a`.`owner_id` = `u`.`user_id`
            )
        GROUP BY
            `identity_id`
        ORDER BY
            `score` DESC 


2  inefficient tables scan
SELECT
            `i`.`username`,
            `i`.`name`,
            `i`.`country_id`,
            `i`.`state_id`,
            `isc`.`school_id`,
            `i`.`identity_id`,
            `i`.`user_id`,
            COUNT(`p`.`problem_id`) AS `problems_solved_count`,
            SUM(ROUND(100 / LOG(2, `p`.`accepted` + 1) , 0)) AS `score`
        FROM
        (
            SELECT
                `iu`.`user_id`,
                `s`.`problem_id`
            FROM
                `Submissions` AS `s`
            INNER JOIN
                `Identities` AS `iu`
            ON
                `iu`.identity_id = `s`.identity_id
            WHERE
                `s`.verdict = 'AC' AND
                `s`.type = 'normal' AND
                `iu`.user_id IS NOT NULL
            GROUP BY
                `iu`.user_id, `s`.`problem_id`
        ) AS up
        INNER JOIN
            `Users` AS `u` ON `u`.`user_id` = `up`.`user_id`
        INNER JOIN
            `Problems` AS `p`
        ON `p`.`problem_id` = up.`problem_id` AND `p`.visibility > 0
        INNER JOIN
            `Identities` AS `i` ON `i`.`identity_id` = u.`main_identity_id`
        LEFT JOIN
            `Identities_Schools` AS `isc`
        ON
            `isc`.`identity_school_id` = `i`.`current_identity_school_id`
        WHERE
            `u`.`is_private` = 0
            AND NOT EXISTS (
                SELECT
                    `pf`.`problem_id`, `pf`.`user_id`
                FROM
                    `Problems_Forfeited` AS `pf`
                WHERE
                    `pf`.`problem_id` = `p`.`problem_id` AND
                    `pf`.`user_id` = `u`.`user_id`
            )
            AND NOT EXISTS (
                SELECT
                    `a`.`acl_id`
                FROM
                    `ACLs` AS `a`
                WHERE
                    `a`.`acl_id` = `p`.`acl_id` AND
                    `a`.`owner_id` = `u`.`user_id`
            )
        GROUP BY
            `identity_id`
        ORDER BY
            `score` DESC 


2  inefficient tables scan
SELECT
            `i`.`username`,
            `i`.`name`,
            `i`.`country_id`,
            `i`.`state_id`,
            `isc`.`school_id`,
            `i`.`identity_id`,
            `i`.`user_id`,
            COUNT(`p`.`problem_id`) AS `problems_solved_count`,
            SUM(ROUND(100 / LOG(2, `p`.`accepted` + 1) , 0)) AS `score`
        FROM
        (
            SELECT
                `iu`.`user_id`,
                `s`.`problem_id`
            FROM
                `Submissions` AS `s`
            INNER JOIN
                `Identities` AS `iu`
            ON
                `iu`.identity_id = `s`.identity_id
            WHERE
                `s`.verdict = 'AC' AND
                `s`.type = 'normal' AND
                `iu`.user_id IS NOT NULL
            GROUP BY
                `iu`.user_id, `s`.`problem_id`
        ) AS up
        INNER JOIN
            `Users` AS `u` ON `u`.`user_id` = `up`.`user_id`
        INNER JOIN
            `Problems` AS `p`
        ON `p`.`problem_id` = up.`problem_id` AND `p`.visibility > 0
        INNER JOIN
            `Identities` AS `i` ON `i`.`identity_id` = u.`main_identity_id`
        LEFT JOIN
            `Identities_Schools` AS `isc`
        ON
            `isc`.`identity_school_id` = `i`.`current_identity_school_id`
        WHERE
            `u`.`is_private` = 0
            AND NOT EXISTS (
                SELECT
                    `pf`.`problem_id`, `pf`.`user_id`
                FROM
                    `Problems_Forfeited` AS `pf`
                WHERE
                    `pf`.`problem_id` = `p`.`problem_id` AND
                    `pf`.`user_id` = `u`.`user_id`
            )
            AND NOT EXISTS (
                SELECT
                    `a`.`acl_id`
                FROM
                    `ACLs` AS `a`
                WHERE
                    `a`.`acl_id` = `p`.`acl_id` AND
                    `a`.`owner_id` = `u`.`user_id`
            )
        GROUP BY
            `identity_id`
        ORDER BY
            `score` DESC 


2  inefficient tables scan
SELECT
            `i`.`username`,
            `i`.`name`,
            `i`.`country_id`,
            `i`.`state_id`,
            `isc`.`school_id`,
            `i`.`identity_id`,
            `i`.`user_id`,
            COUNT(`p`.`problem_id`) AS `problems_solved_count`,
            SUM(ROUND(100 / LOG(2, `p`.`accepted` + 1) , 0)) AS `score`
        FROM
        (
            SELECT
                `iu`.`user_id`,
                `s`.`problem_id`
            FROM
                `Submissions` AS `s`
            INNER JOIN
                `Identities` AS `iu`
            ON
                `iu`.identity_id = `s`.identity_id
            WHERE
                `s`.verdict = 'AC' AND
                `s`.type = 'normal' AND
                `iu`.user_id IS NOT NULL
            GROUP BY
                `iu`.user_id, `s`.`problem_id`
        ) AS up
        INNER JOIN
            `Users` AS `u` ON `u`.`user_id` = `up`.`user_id`
        INNER JOIN
            `Problems` AS `p`
        ON `p`.`problem_id` = up.`problem_id` AND `p`.visibility > 0
        INNER JOIN
            `Identities` AS `i` ON `i`.`identity_id` = u.`main_identity_id`
        LEFT JOIN
            `Identities_Schools` AS `isc`
        ON
            `isc`.`identity_school_id` = `i`.`current_identity_school_id`
        WHERE
            `u`.`is_private` = 0
            AND NOT EXISTS (
                SELECT
                    `pf`.`problem_id`, `pf`.`user_id`
                FROM
                    `Problems_Forfeited` AS `pf`
                WHERE
                    `pf`.`problem_id` = `p`.`problem_id` AND
                    `pf`.`user_id` = `u`.`user_id`
            )
            AND NOT EXISTS (
                SELECT
                    `a`.`acl_id`
                FROM
                    `ACLs` AS `a`
                WHERE
                    `a`.`acl_id` = `p`.`acl_id` AND
                    `a`.`owner_id` = `u`.`user_id`
            )
        GROUP BY
            `identity_id`
        ORDER BY
            `score` DESC 


2  inefficient tables scan
SELECT
            `i`.`username`,
            `i`.`name`,
            `i`.`country_id`,
            `i`.`state_id`,
            `isc`.`school_id`,
            `i`.`identity_id`,
            `i`.`user_id`,
            COUNT(`p`.`problem_id`) AS `problems_solved_count`,
            SUM(ROUND(100 / LOG(2, `p`.`accepted` + 1) , 0)) AS `score`
        FROM
        (
            SELECT
                `iu`.`user_id`,
                `s`.`problem_id`
            FROM
                `Submissions` AS `s`
            INNER JOIN
                `Identities` AS `iu`
            ON
                `iu`.identity_id = `s`.identity_id
            WHERE
                `s`.verdict = 'AC' AND
                `s`.type = 'normal' AND
                `iu`.user_id IS NOT NULL
            GROUP BY
                `iu`.user_id, `s`.`problem_id`
        ) AS up
        INNER JOIN
            `Users` AS `u` ON `u`.`user_id` = `up`.`user_id`
        INNER JOIN
            `Problems` AS `p`
        ON `p`.`problem_id` = up.`problem_id` AND `p`.visibility > 0
        INNER JOIN
            `Identities` AS `i` ON `i`.`identity_id` = u.`main_identity_id`
        LEFT JOIN
            `Identities_Schools` AS `isc`
        ON
            `isc`.`identity_school_id` = `i`.`current_identity_school_id`
        WHERE
            `u`.`is_private` = 0
            AND NOT EXISTS (
                SELECT
                    `pf`.`problem_id`, `pf`.`user_id`
                FROM
                    `Problems_Forfeited` AS `pf`
                WHERE
                    `pf`.`problem_id` = `p`.`problem_id` AND
                    `pf`.`user_id` = `u`.`user_id`
            )
            AND NOT EXISTS (
                SELECT
                    `a`.`acl_id`
                FROM
                    `ACLs` AS `a`
                WHERE
                    `a`.`acl_id` = `p`.`acl_id` AND
                    `a`.`owner_id` = `u`.`user_id`
            )
        GROUP BY
            `identity_id`
        ORDER BY
            `score` DESC 


2  inefficient tables scan
SELECT
            `i`.`username`,
            `i`.`name`,
            `i`.`country_id`,
            `i`.`state_id`,
            `isc`.`school_id`,
            `i`.`identity_id`,
            `i`.`user_id`,
            COUNT(`p`.`problem_id`) AS `problems_solved_count`,
            SUM(ROUND(100 / LOG(2, `p`.`accepted` + 1) , 0)) AS `score`
        FROM
        (
            SELECT
                `iu`.`user_id`,
                `s`.`problem_id`
            FROM
                `Submissions` AS `s`
            INNER JOIN
                `Identities` AS `iu`
            ON
                `iu`.identity_id = `s`.identity_id
            WHERE
                `s`.verdict = 'AC' AND
                `s`.type = 'normal' AND
                `iu`.user_id IS NOT NULL
            GROUP BY
                `iu`.user_id, `s`.`problem_id`
        ) AS up
        INNER JOIN
            `Users` AS `u` ON `u`.`user_id` = `up`.`user_id`
        INNER JOIN
            `Problems` AS `p`
        ON `p`.`problem_id` = up.`problem_id` AND `p`.visibility > 0
        INNER JOIN
            `Identities` AS `i` ON `i`.`identity_id` = u.`main_identity_id`
        LEFT JOIN
            `Identities_Schools` AS `isc`
        ON
            `isc`.`identity_school_id` = `i`.`current_identity_school_id`
        WHERE
            `u`.`is_private` = 0
            AND NOT EXISTS (
                SELECT
                    `pf`.`problem_id`, `pf`.`user_id`
                FROM
                    `Problems_Forfeited` AS `pf`
                WHERE
                    `pf`.`problem_id` = `p`.`problem_id` AND
                    `pf`.`user_id` = `u`.`user_id`
            )
            AND NOT EXISTS (
                SELECT
                    `a`.`acl_id`
                FROM
                    `ACLs` AS `a`
                WHERE
                    `a`.`acl_id` = `p`.`acl_id` AND
                    `a`.`owner_id` = `u`.`user_id`
            )
        GROUP BY
            `identity_id`
        ORDER BY
            `score` DESC 


2  inefficient tables scan
SELECT
            `i`.`username`,
            `i`.`name`,
            `i`.`country_id`,
            `i`.`state_id`,
            `isc`.`school_id`,
            `i`.`identity_id`,
            `i`.`user_id`,
            COUNT(`p`.`problem_id`) AS `problems_solved_count`,
            SUM(ROUND(100 / LOG(2, `p`.`accepted` + 1) , 0)) AS `score`
        FROM
        (
            SELECT
                `iu`.`user_id`,
                `s`.`problem_id`
            FROM
                `Submissions` AS `s`
            INNER JOIN
                `Identities` AS `iu`
            ON
                `iu`.identity_id = `s`.identity_id
            WHERE
                `s`.verdict = 'AC' AND
                `s`.type = 'normal' AND
                `iu`.user_id IS NOT NULL
            GROUP BY
                `iu`.user_id, `s`.`problem_id`
        ) AS up
        INNER JOIN
            `Users` AS `u` ON `u`.`user_id` = `up`.`user_id`
        INNER JOIN
            `Problems` AS `p`
        ON `p`.`problem_id` = up.`problem_id` AND `p`.visibility > 0
        INNER JOIN
            `Identities` AS `i` ON `i`.`identity_id` = u.`main_identity_id`
        LEFT JOIN
            `Identities_Schools` AS `isc`
        ON
            `isc`.`identity_school_id` = `i`.`current_identity_school_id`
        WHERE
            `u`.`is_private` = 0
            AND NOT EXISTS (
                SELECT
                    `pf`.`problem_id`, `pf`.`user_id`
                FROM
                    `Problems_Forfeited` AS `pf`
                WHERE
                    `pf`.`problem_id` = `p`.`problem_id` AND
                    `pf`.`user_id` = `u`.`user_id`
            )
            AND NOT EXISTS (
                SELECT
                    `a`.`acl_id`
                FROM
                    `ACLs` AS `a`
                WHERE
                    `a`.`acl_id` = `p`.`acl_id` AND
                    `a`.`owner_id` = `u`.`user_id`
            )
        GROUP BY
            `identity_id`
        ORDER BY
            `score` DESC 


2  inefficient tables scan
SELECT
            `i`.`username`,
            `i`.`name`,
            `i`.`country_id`,
            `i`.`state_id`,
            `isc`.`school_id`,
            `i`.`identity_id`,
            `i`.`user_id`,
            COUNT(`p`.`problem_id`) AS `problems_solved_count`,
            SUM(ROUND(100 / LOG(2, `p`.`accepted` + 1) , 0)) AS `score`
        FROM
        (
            SELECT
                `iu`.`user_id`,
                `s`.`problem_id`
            FROM
                `Submissions` AS `s`
            INNER JOIN
                `Identities` AS `iu`
            ON
                `iu`.identity_id = `s`.identity_id
            WHERE
                `s`.verdict = 'AC' AND
                `s`.type = 'normal' AND
                `iu`.user_id IS NOT NULL
            GROUP BY
                `iu`.user_id, `s`.`problem_id`
        ) AS up
        INNER JOIN
            `Users` AS `u` ON `u`.`user_id` = `up`.`user_id`
        INNER JOIN
            `Problems` AS `p`
        ON `p`.`problem_id` = up.`problem_id` AND `p`.visibility > 0
        INNER JOIN
            `Identities` AS `i` ON `i`.`identity_id` = u.`main_identity_id`
        LEFT JOIN
            `Identities_Schools` AS `isc`
        ON
            `isc`.`identity_school_id` = `i`.`current_identity_school_id`
        WHERE
            `u`.`is_private` = 0
            AND NOT EXISTS (
                SELECT
                    `pf`.`problem_id`, `pf`.`user_id`
                FROM
                    `Problems_Forfeited` AS `pf`
                WHERE
                    `pf`.`problem_id` = `p`.`problem_id` AND
                    `pf`.`user_id` = `u`.`user_id`
            )
            AND NOT EXISTS (
                SELECT
                    `a`.`acl_id`
                FROM
                    `ACLs` AS `a`
                WHERE
                    `a`.`acl_id` = `p`.`acl_id` AND
                    `a`.`owner_id` = `u`.`user_id`
            )
        GROUP BY
            `identity_id`
        ORDER BY
            `score` DESC 


2  inefficient tables scan
SELECT
            `i`.`username`,
            `i`.`name`,
            `i`.`country_id`,
            `i`.`state_id`,
            `isc`.`school_id`,
            `i`.`identity_id`,
            `i`.`user_id`,
            COUNT(`p`.`problem_id`) AS `problems_solved_count`,
            SUM(ROUND(100 / LOG(2, `p`.`accepted` + 1) , 0)) AS `score`
        FROM
        (
            SELECT
                `iu`.`user_id`,
                `s`.`problem_id`
            FROM
                `Submissions` AS `s`
            INNER JOIN
                `Identities` AS `iu`
            ON
                `iu`.identity_id = `s`.identity_id
            WHERE
                `s`.verdict = 'AC' AND
                `s`.type = 'normal' AND
                `iu`.user_id IS NOT NULL
            GROUP BY
                `iu`.user_id, `s`.`problem_id`
        ) AS up
        INNER JOIN
            `Users` AS `u` ON `u`.`user_id` = `up`.`user_id`
        INNER JOIN
            `Problems` AS `p`
        ON `p`.`problem_id` = up.`problem_id` AND `p`.visibility > 0
        INNER JOIN
            `Identities` AS `i` ON `i`.`identity_id` = u.`main_identity_id`
        LEFT JOIN
            `Identities_Schools` AS `isc`
        ON
            `isc`.`identity_school_id` = `i`.`current_identity_school_id`
        WHERE
            `u`.`is_private` = 0
            AND NOT EXISTS (
                SELECT
                    `pf`.`problem_id`, `pf`.`user_id`
                FROM
                    `Problems_Forfeited` AS `pf`
                WHERE
                    `pf`.`problem_id` = `p`.`problem_id` AND
                    `pf`.`user_id` = `u`.`user_id`
            )
            AND NOT EXISTS (
                SELECT
                    `a`.`acl_id`
                FROM
                    `ACLs` AS `a`
                WHERE
                    `a`.`acl_id` = `p`.`acl_id` AND
                    `a`.`owner_id` = `u`.`user_id`
            )
        GROUP BY
            `identity_id`
        ORDER BY
            `score` DESC 


188  inefficient queries found
=========================== short test summary info ============================
FAILED stuff/test_mysql_logs.py::test_main - assert False
============================== 1 failed in 35.75s ==============================
